#
# A fatal error has been detected by the Java Runtime Environment:
#
#  EXCEPTION_ACCESS_VIOLATION (0xc0000005) at pc=0x0000000000000000, pid=2348, tid=18356
#
# JRE version: OpenJDK Runtime Environment (23.0.1+11) (build 23.0.1+11-39)
# Java VM: OpenJDK 64-Bit Server VM (23.0.1+11-39, mixed mode, sharing, tiered, compressed oops, compressed class ptrs, g1 gc, windows-amd64)
# Problematic frame:
# C  [jdwp.dll+0x161f3]
#
# No core dump will be written. Minidumps are not enabled by default on client versions of Windows
#
# If you would like to submit a bug report, please visit:
#   https://bugreport.java.com/bugreport/crash.jsp
# The crash happened outside the Java Virtual Machine in native code.
# See problematic frame for where to report the bug.
#

---------------  S U M M A R Y ------------

Command Line: -agentlib:jdwp=transport=dt_socket,address=127.0.0.1:54448,suspend=y,server=n -javaagent:C:\Users\Nomic\AppData\Local\JetBrains\IdeaIC2024.3\captureAgent\debugger-agent.jar -Dkotlinx.coroutines.debug.enable.creation.stack.trace=false -Ddebugger.agent.enable.coroutines=true -Dkotlinx.coroutines.debug.enable.flows.stack.trace=true -Dkotlinx.coroutines.debug.enable.mutable.state.flows.stack.trace=true -Dfile.encoding=UTF-8 -Dsun.stdout.encoding=UTF-8 -Dsun.stderr.encoding=UTF-8 ShadowDungeon

Host: 11th Gen Intel(R) Core(TM) i5-1135G7 @ 2.40GHz, 8 cores, 15G,  Windows 11 , 64 bit Build 26100 (10.0.26100.5074)
Time: Sun Oct  5 16:58:18 2025 AUS Eastern Daylight Time elapsed time: 1.184673 seconds (0d 0h 0m 1s)

---------------  T H R E A D  ---------------

Current thread (0x0000022857d5d540):  JavaThread "main"             [_thread_in_native, id=18356, stack(0x0000005d2dd00000,0x0000005d2de00000) (1024K)]

Stack: [0x0000005d2dd00000,0x0000005d2de00000],  sp=0x0000005d2ddfe680,  free space=1017k
Native frames: (J=compiled Java code, j=interpreted, Vv=VM code, C=native code)

Java frames: (J=compiled Java code, j=interpreted, Vv=VM code)
j  org.lwjgl.glfw.GLFW.glfwInit()Z+0
j  bagel.AbstractGame.<clinit>()V+19
v  ~StubRoutines::call_stub 0x00000228679c0fcd

siginfo: EXCEPTION_ACCESS_VIOLATION (0xc0000005), data execution prevention violation at address 0x0000000000000000


Registers:
RAX=0x00000228456f8670, RBX=0x0000022877248d50, RCX=0x0000022857d5d900, RDX=0x0000022877248d50
RSP=0x0000005d2ddfe678, RBP=0x0000000000000002, RSI=0x0000005d2ddfe720, RDI=0x0000022857d5d900
R8 =0x0000000000010002, R9 =0x0000000000000000, R10=0x00007ffbccbe0000, R11=0x0000005d2ddfe648
R12=0x0000000000000007, R13=0x0000022877248d50, R14=0x00007ffbc8330400, R15=0x0000000000000000
RIP=0x0000000000000000, EFLAGS=0x0000000000010202


Register to memory mapping:

RAX=0x00000228456f8670 points into unknown readable memory: 0x0000000000000000 | 00 00 00 00 00 00 00 00
RBX=0x0000022877248d50 points into unknown readable memory: 0x0000000713a0a4d8 | d8 a4 a0 13 07 00 00 00
RCX=0x0000022857d5d900 points into unknown readable memory: 0x00000228456f8670 | 70 86 6f 45 28 02 00 00
RDX=0x0000022877248d50 points into unknown readable memory: 0x0000000713a0a4d8 | d8 a4 a0 13 07 00 00 00
RSP=0x0000005d2ddfe678 is pointing into the stack for thread: 0x0000022857d5d540
RBP=0x0000000000000002 is an unknown value
RSI=0x0000005d2ddfe720 is pointing into the stack for thread: 0x0000022857d5d540
RDI=0x0000022857d5d900 points into unknown readable memory: 0x00000228456f8670 | 70 86 6f 45 28 02 00 00
R8 =0x0000000000010002 is an unknown value
R9 =0x0 is null
R10=0x00007ffbccbe0000 VCRUNTIME140.dll
R11=0x0000005d2ddfe648 is pointing into the stack for thread: 0x0000022857d5d540
R12=0x0000000000000007 is an unknown value
R13=0x0000022877248d50 points into unknown readable memory: 0x0000000713a0a4d8 | d8 a4 a0 13 07 00 00 00
R14=0x00007ffbc8330400 jdwp.dll
R15=0x0 is null

Top of Stack: (sp=0x0000005d2ddfe678)
0x0000005d2ddfe678:   00007ffbc83161f3 0000022877248d50
0x0000005d2ddfe688:   0000005d2ddfe720 0000000000000000
0x0000005d2ddfe698:   0000000000000000 0000022857d58cf0
0x0000005d2ddfe6a8:   0000000000000020 0000022855a72cb0
0x0000005d2ddfe6b8:   00007ffbc8330428 0000022857d5db18
0x0000005d2ddfe6c8:   00007ffbc8312873 0000022877248d50
0x0000005d2ddfe6d8:   0000000000000002 0000022857d5d900
0x0000005d2ddfe6e8:   0000022877248d58 00000228450472d0
0x0000005d2ddfe6f8:   00007ffb72ab13b9 00000228450cd438
0x0000005d2ddfe708:   00000228450472d0 0000000000000000
0x0000005d2ddfe718:   0000000bffffffff 0000000000000007
0x0000005d2ddfe728:   0000022877248d50 0000000000000000
0x0000005d2ddfe738:   0000022877248d58 0000000000000000
0x0000005d2ddfe748:   0000000000000000 0000000000000000
0x0000005d2ddfe758:   0000000000000000 0000000000000000
0x0000005d2ddfe768:   0000000000000000 0000000000000000
0x0000005d2ddfe778:   0000022857d5db18 000002280100ef00
0x0000005d2ddfe788:   00007ffb72db90d7 0000022877248d58
0x0000005d2ddfe798:   00000228451a9fd0 0000022857d5d540
0x0000005d2ddfe7a8:   00000000000003d8 0000000000000000
0x0000005d2ddfe7b8:   0000022857d57bc0 0000005d2ddfe930
0x0000005d2ddfe7c8:   0000000000000005 0000022857d5d540
0x0000005d2ddfe7d8:   00007ffb72aaf392 0000080a9e477fff
0x0000005d2ddfe7e8:   0000022800665d60 0000022855ae34f0
0x0000005d2ddfe7f8:   0000022857d5dbb0 0000022857d5dbc0
0x0000005d2ddfe808:   0000022857d5df98 00000000000003d8
0x0000005d2ddfe818:   0000022857d5d540 0000022857d5d540
0x0000005d2ddfe828:   0000022855ae3f30 0000022855a5c990
0x0000005d2ddfe838:   0000022855a5c9b8 0000022855a5ca78
0x0000005d2ddfe848:   00000000000000d8 0000005d2ddfe860
0x0000005d2ddfe858:   00007ffb72ece0f3 0000022857d5d540
0x0000005d2ddfe868:   0000022855ae3f30 0000022855a5c990 

Instructions: (pc=0x00007ffbc83161f3)
0x00007ffbc83160f3:   2c 41 b8 61 02 00 00 48 8d 0d 97 6e 01 00 48 8b
0x00007ffbc8316103:   d3 e8 7f 50 00 00 41 8b cc e8 33 a0 ff ff 48 8b
0x00007ffbc8316113:   d0 48 8d 0d 55 a4 01 00 e8 10 51 00 00 4c 8b 4e
0x00007ffbc8316123:   28 48 8d 0d 5d a4 01 00 4c 8b 46 20 48 8b 56 08
0x00007ffbc8316133:   e8 0c 0e 01 00 48 8b 05 b1 0f 02 00 f6 80 10 02
0x00007ffbc8316143:   00 00 02 74 28 41 b8 6a 02 00 00 48 8d 0d 6f 62
0x00007ffbc8316153:   01 00 48 8b d3 e8 2b 50 00 00 48 8d 15 54 63 01
0x00007ffbc8316163:   00 48 8d 0d 6d 62 01 00 e8 c0 50 00 00 48 8b 07
0x00007ffbc8316173:   48 8b cf ff 50 78 48 8b 0d 70 0f 02 00 4c 8b f8
0x00007ffbc8316183:   f6 81 10 02 00 00 02 74 28 41 b8 6b 02 00 00 48
0x00007ffbc8316193:   8d 0d 2b 62 01 00 48 8b d3 e8 e7 4f 00 00 48 8d
0x00007ffbc83161a3:   15 48 63 01 00 48 8d 0d 29 62 01 00 e8 7c 50 00
0x00007ffbc83161b3:   00 48 8b 07 48 8b cf ff 90 88 00 00 00 83 3d e5
0x00007ffbc83161c3:   0a 02 00 00 76 0c e8 ce 5b ff ff 83 25 d7 0a 02
0x00007ffbc83161d3:   00 00 48 8b 5e 08 48 85 db 74 4b 48 8b 05 0b 0f
0x00007ffbc83161e3:   02 00 80 78 13 00 74 0b 48 8b cb e8 b5 07 01 00
0x00007ffbc83161f3:   88 46 10 4d 8b c7 48 8b d6 41 8a ce e8 c8 a0 00
0x00007ffbc8316203:   00 48 8b e8 48 85 c0 75 25 48 8b cb e8 c0 44 00
0x00007ffbc8316213:   00 84 c0 0f 84 ea 00 00 00 48 8b d3 41 8a ce e8
0x00007ffbc8316223:   ad 13 00 00 eb e3 e8 0e 0e 00 00 48 8b e8 4c 8b
0x00007ffbc8316233:   cd 44 88 74 24 20 45 8b c4 48 8b d6 48 8b cf e8
0x00007ffbc8316243:   e1 00 00 00 83 3e 14 75 0b 48 8b 05 9d 0e 02 00
0x00007ffbc8316253:   c6 40 10 01 48 85 db 75 08 48 8b cd e8 0c 53 ff
0x00007ffbc8316263:   ff 48 8b 05 85 0e 02 00 4d 85 ff 74 43 f6 80 10
0x00007ffbc8316273:   02 00 00 02 74 2c 41 b8 b3 02 00 00 48 8d 15 a2
0x00007ffbc8316283:   a1 01 00 48 8d 0d 37 61 01 00 e8 f6 4e 00 00 48
0x00007ffbc8316293:   8d 15 e7 7c 01 00 48 8d 0d 38 61 01 00 e8 8b 4f
0x00007ffbc83162a3:   00 00 48 8b 07 49 8b d7 48 8b cf ff 50 68 eb 41
0x00007ffbc83162b3:   f6 80 10 02 00 00 02 74 2c 41 b8 b5 02 00 00 48
0x00007ffbc83162c3:   8d 15 5f a1 01 00 48 8d 0d f4 60 01 00 e8 b3 4e
0x00007ffbc83162d3:   00 00 48 8d 15 14 62 01 00 48 8d 0d f5 60 01 00
0x00007ffbc83162e3:   e8 48 4f 00 00 48 8b 07 48 8b cf ff 90 88 00 00 


Stack slot to memory mapping:

stack at sp + 0 slots: 0x0000022877248d50 points into unknown readable memory: 0x0000000713a0a4d8 | d8 a4 a0 13 07 00 00 00
stack at sp + 1 slots: 0x0000005d2ddfe720 is pointing into the stack for thread: 0x0000022857d5d540
stack at sp + 2 slots: 0x0 is null
stack at sp + 3 slots: 0x0 is null
stack at sp + 4 slots: 0x0000022857d58cf0 points into unknown readable memory: 0x0000022855a72c40 | 40 2c a7 55 28 02 00 00
stack at sp + 5 slots: 0x0000000000000020 is an unknown value
stack at sp + 6 slots: 0x0000022855a72cb0 points into unknown readable memory: 0x8000001200000001 | 01 00 00 00 12 00 00 80
stack at sp + 7 slots: 0x00007ffbc8330428 jdwp.dll

Lock stack of current Java thread (top to bottom):
LockStack[0]: [I 
{0x000000071358db80} - klass: {type array int}
 - length: 0


---------------  P R O C E S S  ---------------

Threads class SMR info:
_java_thread_list=0x00000228452b7b30, length=14, elements={
0x0000022857d5d540, 0x0000022877260d40, 0x0000022877261760, 0x0000022877266a00,
0x0000022877267160, 0x000002287726ba80, 0x000002287726c4c0, 0x0000022877280150,
0x0000022877295a60, 0x00000228450d2eb0, 0x00000228451f79a0, 0x0000022845227f50,
0x00000228451f8860, 0x00000228452c1060
}

Java Threads: ( => current thread )
=>0x0000022857d5d540 JavaThread "main"                              [_thread_in_native, id=18356, stack(0x0000005d2dd00000,0x0000005d2de00000) (1024K)]
  0x0000022877260d40 JavaThread "Reference Handler"          daemon [_thread_blocked, id=11488, stack(0x0000005d2e500000,0x0000005d2e600000) (1024K)]
  0x0000022877261760 JavaThread "Finalizer"                  daemon [_thread_blocked, id=14220, stack(0x0000005d2e600000,0x0000005d2e700000) (1024K)]
  0x0000022877266a00 JavaThread "Signal Dispatcher"          daemon [_thread_blocked, id=6992, stack(0x0000005d2e700000,0x0000005d2e800000) (1024K)]
  0x0000022877267160 JavaThread "Attach Listener"            daemon [_thread_blocked, id=26368, stack(0x0000005d2e800000,0x0000005d2e900000) (1024K)]
  0x000002287726ba80 JavaThread "Service Thread"             daemon [_thread_blocked, id=8984, stack(0x0000005d2e900000,0x0000005d2ea00000) (1024K)]
  0x000002287726c4c0 JavaThread "Monitor Deflation Thread"   daemon [_thread_blocked, id=11384, stack(0x0000005d2ea00000,0x0000005d2eb00000) (1024K)]
  0x0000022877280150 JavaThread "C2 CompilerThread0"         daemon [_thread_blocked, id=10560, stack(0x0000005d2eb00000,0x0000005d2ec00000) (1024K)]
  0x0000022877295a60 JavaThread "C1 CompilerThread0"         daemon [_thread_blocked, id=15880, stack(0x0000005d2ec00000,0x0000005d2ed00000) (1024K)]
  0x00000228450d2eb0 JavaThread "Common-Cleaner"             daemon [_thread_blocked, id=24592, stack(0x0000005d2ed00000,0x0000005d2ee00000) (1024K)]
  0x00000228451f79a0 JavaThread "JDWP Transport Listener: dt_socket" daemon [_thread_blocked, id=25336, stack(0x0000005d2ef00000,0x0000005d2f000000) (1024K)]
  0x0000022845227f50 JavaThread "JDWP Event Helper Thread"   daemon [_thread_blocked, id=672, stack(0x0000005d2f000000,0x0000005d2f100000) (1024K)]
  0x00000228451f8860 JavaThread "JDWP Command Reader"        daemon [_thread_in_native, id=25500, stack(0x0000005d2f100000,0x0000005d2f200000) (1024K)]
  0x00000228452c1060 JavaThread "Notification Thread"        daemon [_thread_blocked, id=2272, stack(0x0000005d2ee00000,0x0000005d2ef00000) (1024K)]
Total: 14

Other Threads:
  0x0000022877247a40 VMThread "VM Thread"                           [id=14164, stack(0x0000005d2e400000,0x0000005d2e500000) (1024K)]
  0x0000022877235d30 WatcherThread "VM Periodic Task Thread"        [id=14632, stack(0x0000005d2e300000,0x0000005d2e400000) (1024K)]
  0x0000022857dc6e20 WorkerThread "GC Thread#0"                     [id=24840, stack(0x0000005d2de00000,0x0000005d2df00000) (1024K)]
  0x0000022857ddb970 ConcurrentGCThread "G1 Main Marker"            [id=24492, stack(0x0000005d2df00000,0x0000005d2e000000) (1024K)]
  0x0000022857ddd300 WorkerThread "G1 Conc#0"                       [id=14596, stack(0x0000005d2e000000,0x0000005d2e100000) (1024K)]
  0x0000022857e1e8f0 ConcurrentGCThread "G1 Refine#0"               [id=9560, stack(0x0000005d2e100000,0x0000005d2e200000) (1024K)]
  0x0000022877106210 ConcurrentGCThread "G1 Service"                [id=7096, stack(0x0000005d2e200000,0x0000005d2e300000) (1024K)]
Total: 7

Threads with active compile tasks:
Total: 0

VM state: not at safepoint (normal execution)

VM Mutex/Monitor currently owned by a thread: None

Heap address: 0x0000000704000000, size: 4032 MB, Compressed Oops mode: Zero based, Oop shift amount: 3

CDS archive(s) mapped at: [0x0000022800000000-0x0000022800d70000-0x0000022800d70000), size 14090240, SharedBaseAddress: 0x0000022800000000, ArchiveRelocationMode: 1.
Compressed class space mapped at: 0x0000022801000000-0x0000022841000000, reserved size: 1073741824
Narrow klass base: 0x0000022800000000, Narrow klass shift: 0, Narrow klass range: 0x41000000

GC Precious Log:
 CardTable entry size: 512
 Card Set container configuration: InlinePtr #cards 4 size 8 Array Of Cards #cards 16 size 48 Howl #buckets 8 coarsen threshold 3686 Howl Bitmap #cards 512 size 80 coarsen threshold 460 Card regions per heap region 1 cards per card region 4096
 CPUs: 8 total, 8 available
 Memory: 16122M
 Large Page Support: Disabled
 NUMA Support: Disabled
 Compressed Oops: Enabled (Zero based)
 Heap Region Size: 2M
 Heap Min Capacity: 8M
 Heap Initial Capacity: 252M
 Heap Max Capacity: 4032M
 Pre-touch: Disabled
 Parallel Workers: 8
 Concurrent Workers: 2
 Concurrent Refinement Workers: 8
 Periodic GC: Disabled

Heap:
 garbage-first heap   total reserved 4128768K, committed 258048K, used 6144K [0x0000000704000000, 0x0000000800000000)
  region size 2048K, 4 young (8192K), 0 survivors (0K)
 Metaspace       used 4065K, committed 4224K, reserved 1114112K
  class space    used 348K, committed 448K, reserved 1048576K

Heap Regions: E=young(eden), S=young(survivor), O=old, HS=humongous(starts), HC=humongous(continues), CS=collection set, F=free, TAMS=top-at-mark-start, PB=parsable bottom
|   0|0x0000000704000000, 0x0000000704000000, 0x0000000704200000|  0%| F|  |TAMS 0x0000000704000000| PB 0x0000000704000000| Untracked |  0
|   1|0x0000000704200000, 0x0000000704200000, 0x0000000704400000|  0%| F|  |TAMS 0x0000000704200000| PB 0x0000000704200000| Untracked |  0
|   2|0x0000000704400000, 0x0000000704400000, 0x0000000704600000|  0%| F|  |TAMS 0x0000000704400000| PB 0x0000000704400000| Untracked |  0
|   3|0x0000000704600000, 0x0000000704600000, 0x0000000704800000|  0%| F|  |TAMS 0x0000000704600000| PB 0x0000000704600000| Untracked |  0
|   4|0x0000000704800000, 0x0000000704800000, 0x0000000704a00000|  0%| F|  |TAMS 0x0000000704800000| PB 0x0000000704800000| Untracked |  0
|   5|0x0000000704a00000, 0x0000000704a00000, 0x0000000704c00000|  0%| F|  |TAMS 0x0000000704a00000| PB 0x0000000704a00000| Untracked |  0
|   6|0x0000000704c00000, 0x0000000704c00000, 0x0000000704e00000|  0%| F|  |TAMS 0x0000000704c00000| PB 0x0000000704c00000| Untracked |  0
|   7|0x0000000704e00000, 0x0000000704e00000, 0x0000000705000000|  0%| F|  |TAMS 0x0000000704e00000| PB 0x0000000704e00000| Untracked |  0
|   8|0x0000000705000000, 0x0000000705000000, 0x0000000705200000|  0%| F|  |TAMS 0x0000000705000000| PB 0x0000000705000000| Untracked |  0
|   9|0x0000000705200000, 0x0000000705200000, 0x0000000705400000|  0%| F|  |TAMS 0x0000000705200000| PB 0x0000000705200000| Untracked |  0
|  10|0x0000000705400000, 0x0000000705400000, 0x0000000705600000|  0%| F|  |TAMS 0x0000000705400000| PB 0x0000000705400000| Untracked |  0
|  11|0x0000000705600000, 0x0000000705600000, 0x0000000705800000|  0%| F|  |TAMS 0x0000000705600000| PB 0x0000000705600000| Untracked |  0
|  12|0x0000000705800000, 0x0000000705800000, 0x0000000705a00000|  0%| F|  |TAMS 0x0000000705800000| PB 0x0000000705800000| Untracked |  0
|  13|0x0000000705a00000, 0x0000000705a00000, 0x0000000705c00000|  0%| F|  |TAMS 0x0000000705a00000| PB 0x0000000705a00000| Untracked |  0
|  14|0x0000000705c00000, 0x0000000705c00000, 0x0000000705e00000|  0%| F|  |TAMS 0x0000000705c00000| PB 0x0000000705c00000| Untracked |  0
|  15|0x0000000705e00000, 0x0000000705e00000, 0x0000000706000000|  0%| F|  |TAMS 0x0000000705e00000| PB 0x0000000705e00000| Untracked |  0
|  16|0x0000000706000000, 0x0000000706000000, 0x0000000706200000|  0%| F|  |TAMS 0x0000000706000000| PB 0x0000000706000000| Untracked |  0
|  17|0x0000000706200000, 0x0000000706200000, 0x0000000706400000|  0%| F|  |TAMS 0x0000000706200000| PB 0x0000000706200000| Untracked |  0
|  18|0x0000000706400000, 0x0000000706400000, 0x0000000706600000|  0%| F|  |TAMS 0x0000000706400000| PB 0x0000000706400000| Untracked |  0
|  19|0x0000000706600000, 0x0000000706600000, 0x0000000706800000|  0%| F|  |TAMS 0x0000000706600000| PB 0x0000000706600000| Untracked |  0
|  20|0x0000000706800000, 0x0000000706800000, 0x0000000706a00000|  0%| F|  |TAMS 0x0000000706800000| PB 0x0000000706800000| Untracked |  0
|  21|0x0000000706a00000, 0x0000000706a00000, 0x0000000706c00000|  0%| F|  |TAMS 0x0000000706a00000| PB 0x0000000706a00000| Untracked |  0
|  22|0x0000000706c00000, 0x0000000706c00000, 0x0000000706e00000|  0%| F|  |TAMS 0x0000000706c00000| PB 0x0000000706c00000| Untracked |  0
|  23|0x0000000706e00000, 0x0000000706e00000, 0x0000000707000000|  0%| F|  |TAMS 0x0000000706e00000| PB 0x0000000706e00000| Untracked |  0
|  24|0x0000000707000000, 0x0000000707000000, 0x0000000707200000|  0%| F|  |TAMS 0x0000000707000000| PB 0x0000000707000000| Untracked |  0
|  25|0x0000000707200000, 0x0000000707200000, 0x0000000707400000|  0%| F|  |TAMS 0x0000000707200000| PB 0x0000000707200000| Untracked |  0
|  26|0x0000000707400000, 0x0000000707400000, 0x0000000707600000|  0%| F|  |TAMS 0x0000000707400000| PB 0x0000000707400000| Untracked |  0
|  27|0x0000000707600000, 0x0000000707600000, 0x0000000707800000|  0%| F|  |TAMS 0x0000000707600000| PB 0x0000000707600000| Untracked |  0
|  28|0x0000000707800000, 0x0000000707800000, 0x0000000707a00000|  0%| F|  |TAMS 0x0000000707800000| PB 0x0000000707800000| Untracked |  0
|  29|0x0000000707a00000, 0x0000000707a00000, 0x0000000707c00000|  0%| F|  |TAMS 0x0000000707a00000| PB 0x0000000707a00000| Untracked |  0
|  30|0x0000000707c00000, 0x0000000707c00000, 0x0000000707e00000|  0%| F|  |TAMS 0x0000000707c00000| PB 0x0000000707c00000| Untracked |  0
|  31|0x0000000707e00000, 0x0000000707e00000, 0x0000000708000000|  0%| F|  |TAMS 0x0000000707e00000| PB 0x0000000707e00000| Untracked |  0
|  32|0x0000000708000000, 0x0000000708000000, 0x0000000708200000|  0%| F|  |TAMS 0x0000000708000000| PB 0x0000000708000000| Untracked |  0
|  33|0x0000000708200000, 0x0000000708200000, 0x0000000708400000|  0%| F|  |TAMS 0x0000000708200000| PB 0x0000000708200000| Untracked |  0
|  34|0x0000000708400000, 0x0000000708400000, 0x0000000708600000|  0%| F|  |TAMS 0x0000000708400000| PB 0x0000000708400000| Untracked |  0
|  35|0x0000000708600000, 0x0000000708600000, 0x0000000708800000|  0%| F|  |TAMS 0x0000000708600000| PB 0x0000000708600000| Untracked |  0
|  36|0x0000000708800000, 0x0000000708800000, 0x0000000708a00000|  0%| F|  |TAMS 0x0000000708800000| PB 0x0000000708800000| Untracked |  0
|  37|0x0000000708a00000, 0x0000000708a00000, 0x0000000708c00000|  0%| F|  |TAMS 0x0000000708a00000| PB 0x0000000708a00000| Untracked |  0
|  38|0x0000000708c00000, 0x0000000708c00000, 0x0000000708e00000|  0%| F|  |TAMS 0x0000000708c00000| PB 0x0000000708c00000| Untracked |  0
|  39|0x0000000708e00000, 0x0000000708e00000, 0x0000000709000000|  0%| F|  |TAMS 0x0000000708e00000| PB 0x0000000708e00000| Untracked |  0
|  40|0x0000000709000000, 0x0000000709000000, 0x0000000709200000|  0%| F|  |TAMS 0x0000000709000000| PB 0x0000000709000000| Untracked |  0
|  41|0x0000000709200000, 0x0000000709200000, 0x0000000709400000|  0%| F|  |TAMS 0x0000000709200000| PB 0x0000000709200000| Untracked |  0
|  42|0x0000000709400000, 0x0000000709400000, 0x0000000709600000|  0%| F|  |TAMS 0x0000000709400000| PB 0x0000000709400000| Untracked |  0
|  43|0x0000000709600000, 0x0000000709600000, 0x0000000709800000|  0%| F|  |TAMS 0x0000000709600000| PB 0x0000000709600000| Untracked |  0
|  44|0x0000000709800000, 0x0000000709800000, 0x0000000709a00000|  0%| F|  |TAMS 0x0000000709800000| PB 0x0000000709800000| Untracked |  0
|  45|0x0000000709a00000, 0x0000000709a00000, 0x0000000709c00000|  0%| F|  |TAMS 0x0000000709a00000| PB 0x0000000709a00000| Untracked |  0
|  46|0x0000000709c00000, 0x0000000709c00000, 0x0000000709e00000|  0%| F|  |TAMS 0x0000000709c00000| PB 0x0000000709c00000| Untracked |  0
|  47|0x0000000709e00000, 0x0000000709e00000, 0x000000070a000000|  0%| F|  |TAMS 0x0000000709e00000| PB 0x0000000709e00000| Untracked |  0
|  48|0x000000070a000000, 0x000000070a000000, 0x000000070a200000|  0%| F|  |TAMS 0x000000070a000000| PB 0x000000070a000000| Untracked |  0
|  49|0x000000070a200000, 0x000000070a200000, 0x000000070a400000|  0%| F|  |TAMS 0x000000070a200000| PB 0x000000070a200000| Untracked |  0
|  50|0x000000070a400000, 0x000000070a400000, 0x000000070a600000|  0%| F|  |TAMS 0x000000070a400000| PB 0x000000070a400000| Untracked |  0
|  51|0x000000070a600000, 0x000000070a600000, 0x000000070a800000|  0%| F|  |TAMS 0x000000070a600000| PB 0x000000070a600000| Untracked |  0
|  52|0x000000070a800000, 0x000000070a800000, 0x000000070aa00000|  0%| F|  |TAMS 0x000000070a800000| PB 0x000000070a800000| Untracked |  0
|  53|0x000000070aa00000, 0x000000070aa00000, 0x000000070ac00000|  0%| F|  |TAMS 0x000000070aa00000| PB 0x000000070aa00000| Untracked |  0
|  54|0x000000070ac00000, 0x000000070ac00000, 0x000000070ae00000|  0%| F|  |TAMS 0x000000070ac00000| PB 0x000000070ac00000| Untracked |  0
|  55|0x000000070ae00000, 0x000000070ae00000, 0x000000070b000000|  0%| F|  |TAMS 0x000000070ae00000| PB 0x000000070ae00000| Untracked |  0
|  56|0x000000070b000000, 0x000000070b000000, 0x000000070b200000|  0%| F|  |TAMS 0x000000070b000000| PB 0x000000070b000000| Untracked |  0
|  57|0x000000070b200000, 0x000000070b200000, 0x000000070b400000|  0%| F|  |TAMS 0x000000070b200000| PB 0x000000070b200000| Untracked |  0
|  58|0x000000070b400000, 0x000000070b400000, 0x000000070b600000|  0%| F|  |TAMS 0x000000070b400000| PB 0x000000070b400000| Untracked |  0
|  59|0x000000070b600000, 0x000000070b600000, 0x000000070b800000|  0%| F|  |TAMS 0x000000070b600000| PB 0x000000070b600000| Untracked |  0
|  60|0x000000070b800000, 0x000000070b800000, 0x000000070ba00000|  0%| F|  |TAMS 0x000000070b800000| PB 0x000000070b800000| Untracked |  0
|  61|0x000000070ba00000, 0x000000070ba00000, 0x000000070bc00000|  0%| F|  |TAMS 0x000000070ba00000| PB 0x000000070ba00000| Untracked |  0
|  62|0x000000070bc00000, 0x000000070bc00000, 0x000000070be00000|  0%| F|  |TAMS 0x000000070bc00000| PB 0x000000070bc00000| Untracked |  0
|  63|0x000000070be00000, 0x000000070be00000, 0x000000070c000000|  0%| F|  |TAMS 0x000000070be00000| PB 0x000000070be00000| Untracked |  0
|  64|0x000000070c000000, 0x000000070c000000, 0x000000070c200000|  0%| F|  |TAMS 0x000000070c000000| PB 0x000000070c000000| Untracked |  0
|  65|0x000000070c200000, 0x000000070c200000, 0x000000070c400000|  0%| F|  |TAMS 0x000000070c200000| PB 0x000000070c200000| Untracked |  0
|  66|0x000000070c400000, 0x000000070c400000, 0x000000070c600000|  0%| F|  |TAMS 0x000000070c400000| PB 0x000000070c400000| Untracked |  0
|  67|0x000000070c600000, 0x000000070c600000, 0x000000070c800000|  0%| F|  |TAMS 0x000000070c600000| PB 0x000000070c600000| Untracked |  0
|  68|0x000000070c800000, 0x000000070c800000, 0x000000070ca00000|  0%| F|  |TAMS 0x000000070c800000| PB 0x000000070c800000| Untracked |  0
|  69|0x000000070ca00000, 0x000000070ca00000, 0x000000070cc00000|  0%| F|  |TAMS 0x000000070ca00000| PB 0x000000070ca00000| Untracked |  0
|  70|0x000000070cc00000, 0x000000070cc00000, 0x000000070ce00000|  0%| F|  |TAMS 0x000000070cc00000| PB 0x000000070cc00000| Untracked |  0
|  71|0x000000070ce00000, 0x000000070ce00000, 0x000000070d000000|  0%| F|  |TAMS 0x000000070ce00000| PB 0x000000070ce00000| Untracked |  0
|  72|0x000000070d000000, 0x000000070d000000, 0x000000070d200000|  0%| F|  |TAMS 0x000000070d000000| PB 0x000000070d000000| Untracked |  0
|  73|0x000000070d200000, 0x000000070d200000, 0x000000070d400000|  0%| F|  |TAMS 0x000000070d200000| PB 0x000000070d200000| Untracked |  0
|  74|0x000000070d400000, 0x000000070d400000, 0x000000070d600000|  0%| F|  |TAMS 0x000000070d400000| PB 0x000000070d400000| Untracked |  0
|  75|0x000000070d600000, 0x000000070d600000, 0x000000070d800000|  0%| F|  |TAMS 0x000000070d600000| PB 0x000000070d600000| Untracked |  0
|  76|0x000000070d800000, 0x000000070d800000, 0x000000070da00000|  0%| F|  |TAMS 0x000000070d800000| PB 0x000000070d800000| Untracked |  0
|  77|0x000000070da00000, 0x000000070da00000, 0x000000070dc00000|  0%| F|  |TAMS 0x000000070da00000| PB 0x000000070da00000| Untracked |  0
|  78|0x000000070dc00000, 0x000000070dc00000, 0x000000070de00000|  0%| F|  |TAMS 0x000000070dc00000| PB 0x000000070dc00000| Untracked |  0
|  79|0x000000070de00000, 0x000000070de00000, 0x000000070e000000|  0%| F|  |TAMS 0x000000070de00000| PB 0x000000070de00000| Untracked |  0
|  80|0x000000070e000000, 0x000000070e000000, 0x000000070e200000|  0%| F|  |TAMS 0x000000070e000000| PB 0x000000070e000000| Untracked |  0
|  81|0x000000070e200000, 0x000000070e200000, 0x000000070e400000|  0%| F|  |TAMS 0x000000070e200000| PB 0x000000070e200000| Untracked |  0
|  82|0x000000070e400000, 0x000000070e400000, 0x000000070e600000|  0%| F|  |TAMS 0x000000070e400000| PB 0x000000070e400000| Untracked |  0
|  83|0x000000070e600000, 0x000000070e600000, 0x000000070e800000|  0%| F|  |TAMS 0x000000070e600000| PB 0x000000070e600000| Untracked |  0
|  84|0x000000070e800000, 0x000000070e800000, 0x000000070ea00000|  0%| F|  |TAMS 0x000000070e800000| PB 0x000000070e800000| Untracked |  0
|  85|0x000000070ea00000, 0x000000070ea00000, 0x000000070ec00000|  0%| F|  |TAMS 0x000000070ea00000| PB 0x000000070ea00000| Untracked |  0
|  86|0x000000070ec00000, 0x000000070ec00000, 0x000000070ee00000|  0%| F|  |TAMS 0x000000070ec00000| PB 0x000000070ec00000| Untracked |  0
|  87|0x000000070ee00000, 0x000000070ee00000, 0x000000070f000000|  0%| F|  |TAMS 0x000000070ee00000| PB 0x000000070ee00000| Untracked |  0
|  88|0x000000070f000000, 0x000000070f000000, 0x000000070f200000|  0%| F|  |TAMS 0x000000070f000000| PB 0x000000070f000000| Untracked |  0
|  89|0x000000070f200000, 0x000000070f200000, 0x000000070f400000|  0%| F|  |TAMS 0x000000070f200000| PB 0x000000070f200000| Untracked |  0
|  90|0x000000070f400000, 0x000000070f400000, 0x000000070f600000|  0%| F|  |TAMS 0x000000070f400000| PB 0x000000070f400000| Untracked |  0
|  91|0x000000070f600000, 0x000000070f600000, 0x000000070f800000|  0%| F|  |TAMS 0x000000070f600000| PB 0x000000070f600000| Untracked |  0
|  92|0x000000070f800000, 0x000000070f800000, 0x000000070fa00000|  0%| F|  |TAMS 0x000000070f800000| PB 0x000000070f800000| Untracked |  0
|  93|0x000000070fa00000, 0x000000070fa00000, 0x000000070fc00000|  0%| F|  |TAMS 0x000000070fa00000| PB 0x000000070fa00000| Untracked |  0
|  94|0x000000070fc00000, 0x000000070fc00000, 0x000000070fe00000|  0%| F|  |TAMS 0x000000070fc00000| PB 0x000000070fc00000| Untracked |  0
|  95|0x000000070fe00000, 0x000000070fe00000, 0x0000000710000000|  0%| F|  |TAMS 0x000000070fe00000| PB 0x000000070fe00000| Untracked |  0
|  96|0x0000000710000000, 0x0000000710000000, 0x0000000710200000|  0%| F|  |TAMS 0x0000000710000000| PB 0x0000000710000000| Untracked |  0
|  97|0x0000000710200000, 0x0000000710200000, 0x0000000710400000|  0%| F|  |TAMS 0x0000000710200000| PB 0x0000000710200000| Untracked |  0
|  98|0x0000000710400000, 0x0000000710400000, 0x0000000710600000|  0%| F|  |TAMS 0x0000000710400000| PB 0x0000000710400000| Untracked |  0
|  99|0x0000000710600000, 0x0000000710600000, 0x0000000710800000|  0%| F|  |TAMS 0x0000000710600000| PB 0x0000000710600000| Untracked |  0
| 100|0x0000000710800000, 0x0000000710800000, 0x0000000710a00000|  0%| F|  |TAMS 0x0000000710800000| PB 0x0000000710800000| Untracked |  0
| 101|0x0000000710a00000, 0x0000000710a00000, 0x0000000710c00000|  0%| F|  |TAMS 0x0000000710a00000| PB 0x0000000710a00000| Untracked |  0
| 102|0x0000000710c00000, 0x0000000710c00000, 0x0000000710e00000|  0%| F|  |TAMS 0x0000000710c00000| PB 0x0000000710c00000| Untracked |  0
| 103|0x0000000710e00000, 0x0000000710e00000, 0x0000000711000000|  0%| F|  |TAMS 0x0000000710e00000| PB 0x0000000710e00000| Untracked |  0
| 104|0x0000000711000000, 0x0000000711000000, 0x0000000711200000|  0%| F|  |TAMS 0x0000000711000000| PB 0x0000000711000000| Untracked |  0
| 105|0x0000000711200000, 0x0000000711200000, 0x0000000711400000|  0%| F|  |TAMS 0x0000000711200000| PB 0x0000000711200000| Untracked |  0
| 106|0x0000000711400000, 0x0000000711400000, 0x0000000711600000|  0%| F|  |TAMS 0x0000000711400000| PB 0x0000000711400000| Untracked |  0
| 107|0x0000000711600000, 0x0000000711600000, 0x0000000711800000|  0%| F|  |TAMS 0x0000000711600000| PB 0x0000000711600000| Untracked |  0
| 108|0x0000000711800000, 0x0000000711800000, 0x0000000711a00000|  0%| F|  |TAMS 0x0000000711800000| PB 0x0000000711800000| Untracked |  0
| 109|0x0000000711a00000, 0x0000000711a00000, 0x0000000711c00000|  0%| F|  |TAMS 0x0000000711a00000| PB 0x0000000711a00000| Untracked |  0
| 110|0x0000000711c00000, 0x0000000711c00000, 0x0000000711e00000|  0%| F|  |TAMS 0x0000000711c00000| PB 0x0000000711c00000| Untracked |  0
| 111|0x0000000711e00000, 0x0000000711e00000, 0x0000000712000000|  0%| F|  |TAMS 0x0000000711e00000| PB 0x0000000711e00000| Untracked |  0
| 112|0x0000000712000000, 0x0000000712000000, 0x0000000712200000|  0%| F|  |TAMS 0x0000000712000000| PB 0x0000000712000000| Untracked |  0
| 113|0x0000000712200000, 0x0000000712200000, 0x0000000712400000|  0%| F|  |TAMS 0x0000000712200000| PB 0x0000000712200000| Untracked |  0
| 114|0x0000000712400000, 0x0000000712400000, 0x0000000712600000|  0%| F|  |TAMS 0x0000000712400000| PB 0x0000000712400000| Untracked |  0
| 115|0x0000000712600000, 0x0000000712600000, 0x0000000712800000|  0%| F|  |TAMS 0x0000000712600000| PB 0x0000000712600000| Untracked |  0
| 116|0x0000000712800000, 0x0000000712800000, 0x0000000712a00000|  0%| F|  |TAMS 0x0000000712800000| PB 0x0000000712800000| Untracked |  0
| 117|0x0000000712a00000, 0x0000000712a00000, 0x0000000712c00000|  0%| F|  |TAMS 0x0000000712a00000| PB 0x0000000712a00000| Untracked |  0
| 118|0x0000000712c00000, 0x0000000712c00000, 0x0000000712e00000|  0%| F|  |TAMS 0x0000000712c00000| PB 0x0000000712c00000| Untracked |  0
| 119|0x0000000712e00000, 0x0000000712e00000, 0x0000000713000000|  0%| F|  |TAMS 0x0000000712e00000| PB 0x0000000712e00000| Untracked |  0
| 120|0x0000000713000000, 0x0000000713000000, 0x0000000713200000|  0%| F|  |TAMS 0x0000000713000000| PB 0x0000000713000000| Untracked |  0
| 121|0x0000000713200000, 0x0000000713200000, 0x0000000713400000|  0%| F|  |TAMS 0x0000000713200000| PB 0x0000000713200000| Untracked |  0
| 122|0x0000000713400000, 0x0000000713600000, 0x0000000713600000|100%| E|  |TAMS 0x0000000713400000| PB 0x0000000713400000| Complete |  0
| 123|0x0000000713600000, 0x0000000713800000, 0x0000000713800000|100%| E|CS|TAMS 0x0000000713600000| PB 0x0000000713600000| Complete |  0
| 124|0x0000000713800000, 0x0000000713a00000, 0x0000000713a00000|100%| E|CS|TAMS 0x0000000713800000| PB 0x0000000713800000| Complete |  0
| 125|0x0000000713a00000, 0x0000000713c00000, 0x0000000713c00000|100%| E|CS|TAMS 0x0000000713a00000| PB 0x0000000713a00000| Complete |  0

Card table byte_map: [0x00000228700b0000,0x0000022870890000] _byte_map_base: 0x000002286c890000

Marking Bits: (CMBitMap*) 0x0000022857dc7530
 Bits: [0x0000022870890000, 0x0000022874790000)

Polling page: 0x0000022855b90000

Metaspace:

Usage:
  Non-class:      3.63 MB used.
      Class:    348.00 KB used.
       Both:      3.97 MB used.

Virtual space:
  Non-class space:       64.00 MB reserved,       3.69 MB (  6%) committed,  1 nodes.
      Class space:        1.00 GB reserved,     448.00 KB ( <1%) committed,  1 nodes.
             Both:        1.06 GB reserved,       4.12 MB ( <1%) committed. 

Chunk freelists:
   Non-Class:  11.45 MB
       Class:  15.55 MB
        Both:  27.01 MB

MaxMetaspaceSize: unlimited
CompressedClassSpaceSize: 1.00 GB
Initial GC threshold: 21.00 MB
Current GC threshold: 21.00 MB
CDS: on
 - commit_granule_bytes: 65536.
 - commit_granule_words: 8192.
 - virtual_space_node_default_size: 8388608.
 - enlarge_chunks_in_place: 1.
 - use_allocation_guard: 0.


Internal statistics:

num_allocs_failed_limit: 0.
num_arena_births: 72.
num_arena_deaths: 0.
num_vsnodes_births: 2.
num_vsnodes_deaths: 0.
num_space_committed: 66.
num_space_uncommitted: 0.
num_chunks_returned_to_freelist: 0.
num_chunks_taken_from_freelist: 110.
num_chunk_merges: 0.
num_chunk_splits: 71.
num_chunks_enlarged: 42.
num_inconsistent_stats: 0.

CodeHeap 'non-profiled nmethods': size=120064Kb used=156Kb max_used=156Kb free=119908Kb
 bounds [0x0000022867f50000, 0x00000228681c0000, 0x000002286f490000]
CodeHeap 'profiled nmethods': size=120000Kb used=524Kb max_used=524Kb free=119475Kb
 bounds [0x0000022860490000, 0x0000022860700000, 0x00000228679c0000]
CodeHeap 'non-nmethods': size=5696Kb used=1503Kb max_used=1506Kb free=4192Kb
 bounds [0x00000228679c0000, 0x0000022867c30000, 0x0000022867f50000]
CodeCache: size=245760Kb, used=2183Kb, max_used=2186Kb, free=243575Kb
 total_blobs=972, nmethods=519, adapters=359, full_count=0
Compilation: enabled, stopped_count=0, restarted_count=0

Compilation events (20 events):
Event: 1.143 Thread 0x0000022877295a60  510       3       jdk.internal.org.objectweb.asm.Type::getArgumentsAndReturnSizes (140 bytes)
Event: 1.143 Thread 0x0000022877280150  513       4       java.util.concurrent.ConcurrentHashMap::tabAt (22 bytes)
Event: 1.144 Thread 0x0000022877280150 nmethod 513 0x0000022867f76388 code [0x0000022867f76480, 0x0000022867f764f8]
Event: 1.145 Thread 0x0000022877295a60 nmethod 510 0x000002286050fa08 code [0x000002286050fd40, 0x00000228605118b0]
Event: 1.145 Thread 0x0000022877295a60  511       3       java.lang.invoke.MethodHandles$Lookup::lookupClassOrNull (17 bytes)
Event: 1.145 Thread 0x0000022877295a60 nmethod 511 0x0000022860511988 code [0x0000022860511aa0, 0x0000022860511c28]
Event: 1.145 Thread 0x0000022877295a60  512       3       java.lang.invoke.MemberName::getModifiers (8 bytes)
Event: 1.145 Thread 0x0000022877295a60 nmethod 512 0x0000022860511c88 code [0x0000022860511da0, 0x0000022860511eb0]
Event: 1.145 Thread 0x0000022877295a60  514       1       java.net.URL::getRef (5 bytes)
Event: 1.146 Thread 0x0000022877295a60 nmethod 514 0x0000022867f76688 code [0x0000022867f767a0, 0x0000022867f76870]
Event: 1.151 Thread 0x0000022877295a60  515       3       java.lang.StringConcatHelper::prepend (37 bytes)
Event: 1.151 Thread 0x0000022877295a60 nmethod 515 0x0000022860511f88 code [0x00000228605120e0, 0x00000228605123b8]
Event: 1.154 Thread 0x0000022877295a60  516       3       java.lang.CharacterDataLatin1::equalsIgnoreCase (63 bytes)
Event: 1.155 Thread 0x0000022877295a60 nmethod 516 0x0000022860512408 code [0x0000022860512540, 0x00000228605127f0]
Event: 1.161 Thread 0x0000022877295a60  517       3       jdk.internal.jimage.ImageStringsReader::hashCode (33 bytes)
Event: 1.161 Thread 0x0000022877295a60 nmethod 517 0x0000022860512808 code [0x0000022860512940, 0x0000022860512ac0]
Event: 1.161 Thread 0x0000022877295a60  518       3       java.util.Optional::empty (6 bytes)
Event: 1.162 Thread 0x0000022877295a60 nmethod 518 0x0000022860512b08 code [0x0000022860512c20, 0x0000022860512d18]
Event: 1.162 Thread 0x0000022877295a60  520       3       java.util.Objects::checkIndex (7 bytes)
Event: 1.163 Thread 0x0000022877295a60 nmethod 520 0x0000022860512e08 code [0x0000022860512f20, 0x0000022860513058]

GC Heap History (0 events):
No events

Dll operation events (9 events):
Event: 0.021 Loaded shared library C:\Users\Nomic\.jdks\openjdk-23.0.1\bin\java.dll
Event: 0.023 Loaded shared library C:\Users\Nomic\.jdks\openjdk-23.0.1\bin\zip.dll
Event: 0.068 Loaded shared library C:\Users\Nomic\.jdks\openjdk-23.0.1\bin\jsvml.dll
Event: 0.768 Loaded shared library C:\Users\Nomic\.jdks\openjdk-23.0.1\bin\instrument.dll
Event: 0.865 Loaded shared library C:\Users\Nomic\.jdks\openjdk-23.0.1\bin\net.dll
Event: 0.868 Loaded shared library C:\Users\Nomic\.jdks\openjdk-23.0.1\bin\nio.dll
Event: 0.893 Loaded shared library C:\Users\Nomic\.jdks\openjdk-23.0.1\bin\zip.dll
Event: 0.996 Loaded shared library C:\Users\Nomic\.jdks\openjdk-23.0.1\bin\jimage.dll
Event: 1.049 Loaded shared library C:\Users\Nomic\AppData\Local\Temp\lwjglNomic\3.3.1-build-7\lwjgl.dll

Deoptimization events (12 events):
Event: 0.830 Thread 0x0000022857d5d540 Uncommon trap: trap_request=0xffffff45 fr.pc=0x0000022867f64760 relative=0x0000000000000060
Event: 0.830 Thread 0x0000022857d5d540 Uncommon trap: reason=unstable_if action=reinterpret pc=0x0000022867f64760 method=java.lang.String.isLatin1()Z @ 10 c2
Event: 0.830 Thread 0x0000022857d5d540 DEOPT PACKING pc=0x0000022867f64760 sp=0x0000005d2ddfe870
Event: 0.830 Thread 0x0000022857d5d540 DEOPT UNPACKING pc=0x0000022867a17982 sp=0x0000005d2ddfe810 mode 2
Event: 0.831 Thread 0x0000022857d5d540 Uncommon trap: trap_request=0xffffff45 fr.pc=0x0000022867f6286c relative=0x00000000000000cc
Event: 0.831 Thread 0x0000022857d5d540 Uncommon trap: reason=unstable_if action=reinterpret pc=0x0000022867f6286c method=java.lang.String.isLatin1()Z @ 10 c2
Event: 0.831 Thread 0x0000022857d5d540 DEOPT PACKING pc=0x0000022867f6286c sp=0x0000005d2ddff1e0
Event: 0.831 Thread 0x0000022857d5d540 DEOPT UNPACKING pc=0x0000022867a17982 sp=0x0000005d2ddff130 mode 2
Event: 0.831 Thread 0x0000022857d5d540 Uncommon trap: trap_request=0xffffff45 fr.pc=0x0000022867f65238 relative=0x00000000000004d8
Event: 0.831 Thread 0x0000022857d5d540 Uncommon trap: reason=unstable_if action=reinterpret pc=0x0000022867f65238 method=java.lang.StringLatin1.replace([BCC)Ljava/lang/String; @ 19 c2
Event: 0.831 Thread 0x0000022857d5d540 DEOPT PACKING pc=0x0000022867f65238 sp=0x0000005d2ddff4e0
Event: 0.831 Thread 0x0000022857d5d540 DEOPT UNPACKING pc=0x0000022867a17982 sp=0x0000005d2ddff460 mode 2

Classes loaded (20 events):
Event: 1.145 Loading class java/nio/BufferUnderflowException
Event: 1.145 Loading class java/nio/BufferUnderflowException done
Event: 1.146 Loading class org/lwjgl/system/MemoryStack
Event: 1.146 Loading class org/lwjgl/system/MemoryStack done
Event: 1.148 Loading class org/lwjgl/system/MemoryStack$DebugMemoryStack
Event: 1.148 Loading class org/lwjgl/system/MemoryStack$DebugMemoryStack done
Event: 1.149 Loading class java/lang/IndexOutOfBoundsException
Event: 1.149 Loading class java/lang/IndexOutOfBoundsException done
Event: 1.150 Loading class org/lwjgl/system/MemoryStack
Event: 1.150 Loading class org/lwjgl/system/MemoryStack done
Event: 1.150 Loading class org/lwjgl/system/MemoryStack
Event: 1.150 Loading class org/lwjgl/system/MemoryStack done
Event: 1.151 Loading class org/lwjgl/BufferUtils
Event: 1.151 Loading class org/lwjgl/BufferUtils done
Event: 1.153 Loading class org/lwjgl/system/windows/WinBase
Event: 1.153 Loading class org/lwjgl/system/windows/WinBase done
Event: 1.157 Loading class org/lwjgl/system/ThreadLocalUtil
Event: 1.157 Loading class org/lwjgl/system/ThreadLocalUtil done
Event: 1.162 Loading class org/lwjgl/glfw/GLFW$Functions
Event: 1.162 Loading class org/lwjgl/glfw/GLFW$Functions done

Classes unloaded (0 events):
No events

Classes redefined (1 events):
Event: 0.804 Thread 0x0000022877247a40 redefined class name=java.lang.Throwable, count=1

Internal exceptions (18 events):
Event: 0.775 Thread 0x0000022857d5d540 Exception <a 'java/lang/NoSuchMethodError'{0x0000000713853bf0}: 'java.lang.Object java.lang.invoke.Invokers$Holder.invokeExact_MT(java.lang.Object, java.lang.Object, java.lang.Object, java.lang.Object, java.lang.Object)'> (0x0000000713853bf0) 
thrown [s\open\src\hotspot\share\interpreter\linkResolver.cpp, line 796]
Event: 0.963 Thread 0x0000022857d5d540 Exception <a 'java/lang/NoSuchMethodError'{0x0000000713764e18}: 'void java.lang.invoke.DirectMethodHandle$Holder.invokeStatic(java.lang.Object, java.lang.Object)'> (0x0000000713764e18) 
thrown [s\open\src\hotspot\share\interpreter\linkResolver.cpp, line 796]
Event: 0.966 Thread 0x0000022857d5d540 Exception <a 'java/lang/NoSuchMethodError'{0x00000007137751e0}: 'void java.lang.System.load(java.lang.String, java.lang.Class)'> (0x00000007137751e0) 
thrown [s\open\src\hotspot\share\interpreter\linkResolver.cpp, line 796]
Event: 0.966 Thread 0x0000022857d5d540 Exception <a 'java/lang/NoSuchMethodError'{0x0000000713775c30}: 'void java.lang.invoke.DirectMethodHandle$Holder.invokeSpecial(java.lang.Object, java.lang.Object, java.lang.Object)'> (0x0000000713775c30) 
thrown [s\open\src\hotspot\share\interpreter\linkResolver.cpp, line 796]
Event: 0.971 Thread 0x0000022857d5d540 Exception <a 'java/lang/NoSuchMethodError'{0x00000007137899b8}: 'java.lang.Object java.lang.invoke.DirectMethodHandle$Holder.invokeStatic(java.lang.Object, java.lang.Object, int)'> (0x00000007137899b8) 
thrown [s\open\src\hotspot\share\interpreter\linkResolver.cpp, line 796]
Event: 0.973 Thread 0x0000022857d5d540 Exception <a 'java/lang/NoSuchMethodError'{0x0000000713795370}: 'void java.lang.invoke.DelegatingMethodHandle$Holder.delegate(java.lang.Object, java.lang.Object, int, java.lang.Object)'> (0x0000000713795370) 
thrown [s\open\src\hotspot\share\interpreter\linkResolver.cpp, line 796]
Event: 0.974 Thread 0x0000022857d5d540 Exception <a 'java/lang/NoSuchMethodError'{0x00000007137990e8}: 'int java.lang.invoke.DirectMethodHandle$Holder.invokeSpecial(java.lang.Object, java.lang.Object, java.lang.Object)'> (0x00000007137990e8) 
thrown [s\open\src\hotspot\share\interpreter\linkResolver.cpp, line 796]
Event: 0.982 Thread 0x0000022857d5d540 Exception <a 'java/lang/NoSuchMethodError'{0x00000007137b5408}: 'void java.lang.System.loadLibrary(java.lang.String, java.lang.Class)'> (0x00000007137b5408) 
thrown [s\open\src\hotspot\share\interpreter\linkResolver.cpp, line 796]
Event: 1.045 Thread 0x0000022857d5d540 Exception <a 'sun/nio/fs/WindowsException'{0x000000071347e110}> (0x000000071347e110) 
thrown [s\open\src\hotspot\share\prims\jni.cpp, line 520]
Event: 1.046 Thread 0x0000022857d5d540 Exception <a 'sun/nio/fs/WindowsException'{0x000000071347f758}> (0x000000071347f758) 
thrown [s\open\src\hotspot\share\prims\jni.cpp, line 520]
Event: 1.071 Thread 0x0000022857d5d540 Exception <a 'sun/nio/fs/WindowsException'{0x00000007134af580}> (0x00000007134af580) 
thrown [s\open\src\hotspot\share\prims\jni.cpp, line 520]
Event: 1.072 Thread 0x0000022857d5d540 Exception <a 'sun/nio/fs/WindowsException'{0x00000007134af900}> (0x00000007134af900) 
thrown [s\open\src\hotspot\share\prims\jni.cpp, line 520]
Event: 1.125 Thread 0x0000022857d5d540 Exception <a 'java/lang/NoSuchMethodError'{0x0000000713521630}: 'int java.lang.invoke.DirectMethodHandle$Holder.invokeStaticInit(java.lang.Object, java.lang.Object, int, long)'> (0x0000000713521630) 
thrown [s\open\src\hotspot\share\interpreter\linkResolver.cpp, line 796]
Event: 1.128 Thread 0x0000022857d5d540 Exception <a 'java/lang/NoSuchMethodError'{0x0000000713526788}: 'java.lang.Object java.lang.invoke.DirectMethodHandle$Holder.newInvokeSpecial(java.lang.Object, java.lang.Object, int)'> (0x0000000713526788) 
thrown [s\open\src\hotspot\share\interpreter\linkResolver.cpp, line 796]
Event: 1.133 Thread 0x0000022857d5d540 Exception <a 'java/lang/NoSuchMethodError'{0x0000000713537e90}: 'int java.lang.invoke.DirectMethodHandle$Holder.invokeStaticInit(java.lang.Object, java.lang.Object, long, long)'> (0x0000000713537e90) 
thrown [s\open\src\hotspot\share\interpreter\linkResolver.cpp, line 796]
Event: 1.135 Thread 0x0000022857d5d540 Exception <a 'java/lang/NoSuchMethodError'{0x000000071353d980}: 'java.lang.Object java.lang.invoke.DirectMethodHandle$Holder.newInvokeSpecial(java.lang.Object, java.lang.Object, long)'> (0x000000071353d980) 
thrown [s\open\src\hotspot\share\interpreter\linkResolver.cpp, line 796]
Event: 1.138 Thread 0x0000022857d5d540 Exception <a 'java/lang/NoSuchMethodError'{0x0000000713541860}: 'java.lang.Object java.lang.invoke.Invokers$Holder.linkToTargetMethod(java.lang.Object, long, java.lang.Object)'> (0x0000000713541860) 
thrown [s\open\src\hotspot\share\interpreter\linkResolver.cpp, line 796]
Event: 1.142 Thread 0x0000022857d5d540 Exception <a 'java/lang/NoSuchMethodError'{0x0000000713548ad8}: 'int java.lang.invoke.DirectMethodHandle$Holder.invokeStaticInit(java.lang.Object, java.lang.Object, java.lang.Object, long)'> (0x0000000713548ad8) 
thrown [s\open\src\hotspot\share\interpreter\linkResolver.cpp, line 796]

VM Operations (10 events):
Event: 0.112 Executing VM operation: HandshakeAllThreads (Deoptimize)
Event: 0.112 Executing VM operation: HandshakeAllThreads (Deoptimize) done
Event: 0.763 Executing VM operation: ChangeBreakpoints
Event: 0.763 Executing VM operation: ChangeBreakpoints done
Event: 0.764 Executing VM operation: ChangeBreakpoints
Event: 0.765 Executing VM operation: ChangeBreakpoints done
Event: 0.803 Executing VM operation: RedefineClasses
Event: 0.805 Executing VM operation: RedefineClasses done
Event: 0.817 Executing VM operation: get/set locals
Event: 0.817 Executing VM operation: get/set locals done

Memory protections (0 events):
No events

Nmethod flushes (0 events):
No events

Events (16 events):
Event: 0.043 Thread 0x0000022857d5d540 Thread added: 0x0000022857d5d540
Event: 0.064 Thread 0x0000022857d5d540 Thread added: 0x0000022877260d40
Event: 0.064 Thread 0x0000022857d5d540 Thread added: 0x0000022877261760
Event: 0.064 Thread 0x0000022857d5d540 Thread added: 0x0000022877266a00
Event: 0.064 Thread 0x0000022857d5d540 Thread added: 0x0000022877267160
Event: 0.064 Thread 0x0000022857d5d540 Thread added: 0x000002287726ba80
Event: 0.064 Thread 0x0000022857d5d540 Thread added: 0x000002287726c4c0
Event: 0.065 Thread 0x0000022857d5d540 Thread added: 0x0000022877280150
Event: 0.065 Thread 0x0000022857d5d540 Thread added: 0x0000022877295a60
Event: 0.104 Thread 0x0000022857d5d540 Thread added: 0x00000228450d2eb0
Event: 0.124 Thread 0x0000022877295a60 Thread added: 0x0000022877293850
Event: 0.139 Thread 0x0000022857d5d540 Thread added: 0x00000228451f79a0
Event: 0.140 Thread 0x0000022857d5d540 Thread added: 0x0000022845227f50
Event: 0.140 Thread 0x00000228451f79a0 Thread added: 0x00000228451f8860
Event: 0.765 Thread 0x0000022877293850 Thread exited: 0x0000022877293850
Event: 0.827 Thread 0x0000022857d5d540 Thread added: 0x00000228452c1060


Dynamic libraries:
0x00007ff6fbc20000 - 0x00007ff6fbc2e000 	C:\Users\Nomic\.jdks\openjdk-23.0.1\bin\java.exe
0x00007ffbe5c40000 - 0x00007ffbe5ea9000 	C:\WINDOWS\SYSTEM32\ntdll.dll
0x00007ffbe3c70000 - 0x00007ffbe3d39000 	C:\WINDOWS\System32\KERNEL32.DLL
0x00007ffbe34a0000 - 0x00007ffbe3893000 	C:\WINDOWS\System32\KERNELBASE.dll
0x00007ffbe2dd0000 - 0x00007ffbe2f1b000 	C:\WINDOWS\System32\ucrtbase.dll
0x00007ffbccc90000 - 0x00007ffbccca7000 	C:\Users\Nomic\.jdks\openjdk-23.0.1\bin\jli.dll
0x00007ffbccbe0000 - 0x00007ffbccbfb000 	C:\Users\Nomic\.jdks\openjdk-23.0.1\bin\VCRUNTIME140.dll
0x00007ffbc8040000 - 0x00007ffbc82d3000 	C:\WINDOWS\WinSxS\amd64_microsoft.windows.common-controls_6595b64144ccf1df_6.0.26100.5074_none_3e0d6f78e32fd63f\COMCTL32.dll
0x00007ffbe4640000 - 0x00007ffbe4804000 	C:\WINDOWS\System32\USER32.dll
0x00007ffbe3e40000 - 0x00007ffbe3ee9000 	C:\WINDOWS\System32\msvcrt.dll
0x00007ffbe3050000 - 0x00007ffbe3077000 	C:\WINDOWS\System32\win32u.dll
0x00007ffbe4d10000 - 0x00007ffbe4d3b000 	C:\WINDOWS\System32\GDI32.dll
0x00007ffbe2f20000 - 0x00007ffbe304d000 	C:\WINDOWS\System32\gdi32full.dll
0x00007ffbe38a0000 - 0x00007ffbe3943000 	C:\WINDOWS\System32\msvcp_win.dll
0x00007ffbe3e00000 - 0x00007ffbe3e2f000 	C:\WINDOWS\System32\IMM32.DLL
0x00007ffbcdd10000 - 0x00007ffbcdd1c000 	C:\Users\Nomic\.jdks\openjdk-23.0.1\bin\vcruntime140_1.dll
0x00007ffb9f710000 - 0x00007ffb9f79e000 	C:\Users\Nomic\.jdks\openjdk-23.0.1\bin\msvcp140.dll
0x00007ffb72820000 - 0x00007ffb7356f000 	C:\Users\Nomic\.jdks\openjdk-23.0.1\bin\server\jvm.dll
0x00007ffbe5b40000 - 0x00007ffbe5bf4000 	C:\WINDOWS\System32\ADVAPI32.dll
0x00007ffbe3d40000 - 0x00007ffbe3de6000 	C:\WINDOWS\System32\sechost.dll
0x00007ffbe4110000 - 0x00007ffbe4228000 	C:\WINDOWS\System32\RPCRT4.dll
0x00007ffbe4db0000 - 0x00007ffbe4e24000 	C:\WINDOWS\System32\WS2_32.dll
0x00007ffbe2c30000 - 0x00007ffbe2c8e000 	C:\WINDOWS\SYSTEM32\POWRPROF.dll
0x00007ffbd63c0000 - 0x00007ffbd63f5000 	C:\WINDOWS\SYSTEM32\WINMM.dll
0x00007ffbd5a60000 - 0x00007ffbd5a6b000 	C:\WINDOWS\SYSTEM32\VERSION.dll
0x00007ffbe2c10000 - 0x00007ffbe2c24000 	C:\WINDOWS\SYSTEM32\UMPDC.dll
0x00007ffbe1b70000 - 0x00007ffbe1b8b000 	C:\WINDOWS\SYSTEM32\kernel.appcore.dll
0x00007ffbcd0b0000 - 0x00007ffbcd0ba000 	C:\Users\Nomic\.jdks\openjdk-23.0.1\bin\jimage.dll
0x00007ffbe0530000 - 0x00007ffbe0772000 	C:\WINDOWS\SYSTEM32\DBGHELP.DLL
0x00007ffbe4820000 - 0x00007ffbe4b9b000 	C:\WINDOWS\System32\combase.dll
0x00007ffbe3f20000 - 0x00007ffbe3ff7000 	C:\WINDOWS\System32\OLEAUT32.dll
0x00007ffbc7540000 - 0x00007ffbc757d000 	C:\WINDOWS\SYSTEM32\dbgcore.DLL
0x00007ffbe3080000 - 0x00007ffbe3119000 	C:\WINDOWS\System32\bcryptPrimitives.dll
0x00007ffbc8300000 - 0x00007ffbc833c000 	C:\Users\Nomic\.jdks\openjdk-23.0.1\bin\jdwp.dll
0x00007ffbc9100000 - 0x00007ffbc910f000 	C:\Users\Nomic\.jdks\openjdk-23.0.1\bin\instrument.dll
0x00007ffbcaba0000 - 0x00007ffbcabbe000 	C:\Users\Nomic\.jdks\openjdk-23.0.1\bin\java.dll
0x00007ffbe44a0000 - 0x00007ffbe4638000 	C:\WINDOWS\System32\ole32.dll
0x00007ffbe4f60000 - 0x00007ffbe56ad000 	C:\WINDOWS\System32\SHELL32.dll
0x00007ffbe3120000 - 0x00007ffbe328c000 	C:\WINDOWS\System32\wintypes.dll
0x00007ffbc9110000 - 0x00007ffbc9127000 	C:\Users\Nomic\.jdks\openjdk-23.0.1\bin\zip.dll
0x00007ffbe09f0000 - 0x00007ffbe1249000 	C:\WINDOWS\SYSTEM32\windows.storage.dll
0x00007ffbe4000000 - 0x00007ffbe40f0000 	C:\WINDOWS\System32\SHCORE.dll
0x00007ffbe4e30000 - 0x00007ffbe4e92000 	C:\WINDOWS\System32\shlwapi.dll
0x00007ffbe2cf0000 - 0x00007ffbe2d19000 	C:\WINDOWS\SYSTEM32\profapi.dll
0x00007ffb9dc50000 - 0x00007ffb9dd27000 	C:\Users\Nomic\.jdks\openjdk-23.0.1\bin\jsvml.dll
0x00007ffbc9020000 - 0x00007ffbc902c000 	C:\Users\Nomic\.jdks\openjdk-23.0.1\bin\dt_socket.dll
0x00007ffbe1620000 - 0x00007ffbe1654000 	C:\WINDOWS\SYSTEM32\IPHLPAPI.DLL
0x00007ffbe20d0000 - 0x00007ffbe213b000 	C:\WINDOWS\system32\mswsock.dll
0x00007ffbccd30000 - 0x00007ffbccd40000 	C:\Users\Nomic\.jdks\openjdk-23.0.1\bin\net.dll
0x00007ffbc9130000 - 0x00007ffbc9146000 	C:\Users\Nomic\.jdks\openjdk-23.0.1\bin\nio.dll
0x00007ffb9dbd0000 - 0x00007ffb9dc45000 	C:\Users\Nomic\AppData\Local\Temp\lwjglNomic\3.3.1-build-7\lwjgl.dll
0x00007ffbac6a0000 - 0x00007ffbac701000 	C:\Users\Nomic\AppData\Local\Temp\lwjglNomic\3.3.1-build-7\glfw.dll

dbghelp: loaded successfully - version: 4.0.5 - missing functions: none
symbol engine: initialized successfully - sym options: 0x614 - pdb path: .;C:\Users\Nomic\.jdks\openjdk-23.0.1\bin;C:\WINDOWS\SYSTEM32;C:\WINDOWS\WinSxS\amd64_microsoft.windows.common-controls_6595b64144ccf1df_6.0.26100.5074_none_3e0d6f78e32fd63f;C:\Users\Nomic\.jdks\openjdk-23.0.1\bin\server;C:\Users\Nomic\AppData\Local\Temp\lwjglNomic\3.3.1-build-7

VM Arguments:
jvm_args: -agentlib:jdwp=transport=dt_socket,address=127.0.0.1:54448,suspend=y,server=n -javaagent:C:\Users\Nomic\AppData\Local\JetBrains\IdeaIC2024.3\captureAgent\debugger-agent.jar -Dkotlinx.coroutines.debug.enable.creation.stack.trace=false -Ddebugger.agent.enable.coroutines=true -Dkotlinx.coroutines.debug.enable.flows.stack.trace=true -Dkotlinx.coroutines.debug.enable.mutable.state.flows.stack.trace=true -Dfile.encoding=UTF-8 -Dsun.stdout.encoding=UTF-8 -Dsun.stderr.encoding=UTF-8 
java_command: ShadowDungeon
java_class_path (initial): C:\Users\Nomic\Downloads\collint-project-2\ShadowDungeon\target\classes;C:\Users\Nomic\.m2\repository\org\lwjgl\lwjgl\3.3.1\lwjgl-3.3.1.jar;C:\Users\Nomic\.m2\repository\org\lwjgl\lwjgl-assimp\3.3.1\lwjgl-assimp-3.3.1.jar;C:\Users\Nomic\.m2\repository\org\lwjgl\lwjgl-glfw\3.3.1\lwjgl-glfw-3.3.1.jar;C:\Users\Nomic\.m2\repository\org\lwjgl\lwjgl-openal\3.3.1\lwjgl-openal-3.3.1.jar;C:\Users\Nomic\.m2\repository\org\lwjgl\lwjgl-opengl\3.3.1\lwjgl-opengl-3.3.1.jar;C:\Users\Nomic\.m2\repository\org\lwjgl\lwjgl-stb\3.3.1\lwjgl-stb-3.3.1.jar;C:\Users\Nomic\.m2\repository\org\lwjgl\lwjgl\3.3.1\lwjgl-3.3.1-natives-windows.jar;C:\Users\Nomic\.m2\repository\org\lwjgl\lwjgl-assimp\3.3.1\lwjgl-assimp-3.3.1-natives-windows.jar;C:\Users\Nomic\.m2\repository\org\lwjgl\lwjgl-glfw\3.3.1\lwjgl-glfw-3.3.1-natives-windows.jar;C:\Users\Nomic\.m2\repository\org\lwjgl\lwjgl-openal\3.3.1\lwjgl-openal-3.3.1-natives-windows.jar;C:\Users\Nomic\.m2\repository\org\lwjgl\lwjgl-opengl\3.3.1\lwjgl-opengl-3.3.1-natives-windows.jar;C:\Users\Nomic\.m2\repository\org\lwjgl\lwjgl-stb\3.3.1\lwjgl-stb-3.3.1-natives-windows.jar;C:\Users\Nomic\.m2\repository\io\github\eleanor-em\bagel\1.9.3\bagel-1.9.3.jar;C:\Program Files\JetBrains\IntelliJ IDEA Community Edition 2024.3.1.1\lib\idea_rt.jar
Launcher Type: SUN_STANDARD

[Global flags]
     intx CICompilerCount                          = 4                                         {product} {ergonomic}
     uint ConcGCThreads                            = 2                                         {product} {ergonomic}
     uint G1ConcRefinementThreads                  = 8                                         {product} {ergonomic}
   size_t G1HeapRegionSize                         = 2097152                                   {product} {ergonomic}
   size_t InitialHeapSize                          = 264241152                                 {product} {ergonomic}
   size_t MarkStackSize                            = 4194304                                   {product} {ergonomic}
   size_t MarkStackSizeMax                         = 536870912                                 {product} {ergonomic}
   size_t MaxHeapSize                              = 4227858432                                {product} {ergonomic}
   size_t MaxNewSize                               = 2535456768                                {product} {ergonomic}
   size_t MinHeapDeltaBytes                        = 2097152                                   {product} {ergonomic}
   size_t MinHeapSize                              = 8388608                                   {product} {ergonomic}
    uintx NonNMethodCodeHeapSize                   = 5832704                                {pd product} {ergonomic}
    uintx NonProfiledCodeHeapSize                  = 122945536                              {pd product} {ergonomic}
    uintx ProfiledCodeHeapSize                     = 122880000                              {pd product} {ergonomic}
    uintx ReservedCodeCacheSize                    = 251658240                              {pd product} {ergonomic}
     bool SegmentedCodeCache                       = true                                      {product} {ergonomic}
   size_t SoftMaxHeapSize                          = 4227858432                             {manageable} {ergonomic}
     bool UseCompressedOops                        = true                           {product lp64_product} {ergonomic}
     bool UseG1GC                                  = true                                      {product} {ergonomic}
     bool UseLargePagesIndividualAllocation        = false                                  {pd product} {ergonomic}

Logging:
Log output configuration:
 #0: stdout all=warning uptime,level,tags foldmultilines=false
 #1: stderr all=off uptime,level,tags foldmultilines=false

Environment Variables:
PATH=C:\msys64\mingw64\bin;C:\WINDOWS\system32;C:\WINDOWS;C:\WINDOWS\System32\Wbem;C:\WINDOWS\System32\WindowsPowerShell\v1.0\;C:\WINDOWS\System32\OpenSSH\;C:\Program Files\dotnet\;C:\Program Files\Wolfram Research\WolframScript\;D:\MATLAB\bin;C:\Program Files\Git\cmd;C:\Program Files\nodejs\;C:\Users\Nomic\AppData\Local\Programs\Python\Launcher\;C:\Users\Nomic\AppData\Local\Microsoft\WindowsApps;C:\Users\Nomic\AppData\Local\Programs\Microsoft VS Code\bin;C:\Users\Nomic\AppData\Local\Programs\Python\Python312\Scripts;;C:\Program Files\JetBrains\IntelliJ IDEA 2024.3.1\bin;;C:\Program Files\JetBrains\IntelliJ IDEA Community Edition 2024.3.1.1\bin;;C:\Users\Nomic\AppData\Roaming\npm
USERNAME=Nomic
OS=Windows_NT
PROCESSOR_IDENTIFIER=Intel64 Family 6 Model 140 Stepping 1, GenuineIntel
TMP=C:\Users\Nomic\AppData\Local\Temp
TEMP=C:\Users\Nomic\AppData\Local\Temp




Periodic native trim disabled

---------------  S Y S T E M  ---------------

OS:
 Windows 11 , 64 bit Build 26100 (10.0.26100.5074)
OS uptime: 1 days 4:45 hours
Hyper-V role detected

CPU: total 8 (initial active 8) (4 cores per cpu, 2 threads per core) family 6 model 140 stepping 1 microcode 0xbc, cx8, cmov, fxsr, ht, mmx, 3dnowpref, sse, sse2, sse3, ssse3, sse4.1, sse4.2, popcnt, lzcnt, tsc, tscinvbit, avx, avx2, aes, erms, clmul, bmi1, bmi2, adx, avx512f, avx512dq, avx512cd, avx512bw, avx512vl, sha, fma, vzeroupper, avx512_vpopcntdq, avx512_vpclmulqdq, avx512_vaes, avx512_vnni, clflush, clflushopt, clwb, avx512_vbmi2, avx512_vbmi, hv, rdtscp, rdpid, fsrm, gfni, avx512_bitalg, f16c, cet_ibt, cet_ss, avx512_ifma
Processor Information for the first 8 processors :
  Max Mhz: 1382, Current Mhz: 1382, Mhz Limit: 1382

Memory: 4k page, system-wide physical 16122M (5383M free)
TotalPageFile size 23034M (AvailPageFile size 9521M)
current process WorkingSet (physical memory assigned to process): 57M, peak: 57M
current process commit charge ("private bytes"): 346M, peak: 346M

vm_info: OpenJDK 64-Bit Server VM (23.0.1+11-39) for windows-amd64 JRE (23.0.1+11-39), built on 2024-09-30T07:20:43Z with MS VC++ 17.6 (VS2022)

END.
