#
# A fatal error has been detected by the Java Runtime Environment:
#
#  EXCEPTION_ACCESS_VIOLATION (0xc0000005) at pc=0x00007ffac9836a0c, pid=54680, tid=67520
#
# JRE version: OpenJDK Runtime Environment (23.0.1+11) (build 23.0.1+11-39)
# Java VM: OpenJDK 64-Bit Server VM (23.0.1+11-39, mixed mode, sharing, tiered, compressed oops, compressed class ptrs, g1 gc, windows-amd64)
# Problematic frame:
# C  [jdwp.dll+0x26a0c]
#
# No core dump will be written. Minidumps are not enabled by default on client versions of Windows
#
# If you would like to submit a bug report, please visit:
#   https://bugreport.java.com/bugreport/crash.jsp
# The crash happened outside the Java Virtual Machine in native code.
# See problematic frame for where to report the bug.
#

---------------  S U M M A R Y ------------

Command Line: -agentlib:jdwp=transport=dt_socket,address=127.0.0.1:53368,suspend=y,server=n -javaagent:C:\Users\Nomic\AppData\Local\JetBrains\IdeaIC2024.3\captureAgent\debugger-agent.jar -Dkotlinx.coroutines.debug.enable.creation.stack.trace=false -Ddebugger.agent.enable.coroutines=true -Dkotlinx.coroutines.debug.enable.flows.stack.trace=true -Dkotlinx.coroutines.debug.enable.mutable.state.flows.stack.trace=true -Dfile.encoding=UTF-8 -Dsun.stdout.encoding=UTF-8 -Dsun.stderr.encoding=UTF-8 ShadowDungeon

Host: 11th Gen Intel(R) Core(TM) i5-1135G7 @ 2.40GHz, 8 cores, 15G,  Windows 11 , 64 bit Build 26100 (10.0.26100.5074)
Time: Fri Oct  3 13:20:59 2025 AUS Eastern Standard Time elapsed time: 1.066341 seconds (0d 0h 0m 1s)

---------------  T H R E A D  ---------------

Current thread (0x0000013417b55010):  JavaThread "main"             [_thread_in_native, id=67520, stack(0x0000000a32400000,0x0000000a32500000) (1024K)]

Stack: [0x0000000a32400000,0x0000000a32500000],  sp=0x0000000a324fe158,  free space=1016k
Native frames: (J=compiled Java code, j=interpreted, Vv=VM code, C=native code)
C  [jdwp.dll+0x26a0c]  (no source info available)
C  [jdwp.dll+0x161f3]  (no source info available)
C  [jdwp.dll+0x12873]  (no source info available)
V  [jvm.dll+0x5990d7]  (no source info available)
V  [jvm.dll+0x3c10e6]  (no source info available)
V  [jvm.dll+0x3bfd37]  (no source info available)
V  [jvm.dll+0x3bfcd8]  (no source info available)
V  [jvm.dll+0x5e435b]  (no source info available)
V  [jvm.dll+0x5e4413]  (no source info available)
V  [jvm.dll+0x3d573a]  (no source info available)
V  [jvm.dll+0x3d51c0]  (no source info available)
C  0x0000013429b601b1  (no source info available)

The last pc belongs to getstatic (printed below).
Java frames: (J=compiled Java code, j=interpreted, Vv=VM code)
j  org.lwjgl.glfw.GLFW.glfwInit()Z+0
j  bagel.AbstractGame.<clinit>()V+19
v  ~StubRoutines::call_stub 0x0000013429b40fcd

siginfo: EXCEPTION_ACCESS_VIOLATION (0xc0000005), reading address 0xffffffffffffffff


Registers:
RAX=0x000001347f26f7c0, RBX=0x0000013438d8f250, RCX=0x0000013417b553d0, RDX=0x0000013438d8f250
RSP=0x0000000a324fe158, RBP=0x0000000000000002, RSI=0x0000000a324fe200, RDI=0x0000013417b553d0
R8 =0x0000000000010002, R9 =0x0000000000000000, R10=0x00007ffae16c0000, R11=0x0000000a324fe128
R12=0x0000000000000007, R13=0x0000013438d8f250, R14=0x00007ffac9840400, R15=0x0000000000000000
RIP=0x00007ffac9836a0c, EFLAGS=0x0000000000010206


Register to memory mapping:

RAX=0x000001347f26f7c0 points into unknown readable memory: 0x0000000000000000 | 00 00 00 00 00 00 00 00
RBX=0x0000013438d8f250 points into unknown readable memory: 0x0000000713c0a4d8 | d8 a4 c0 13 07 00 00 00
RCX=0x0000013417b553d0 points into unknown readable memory: 0x000001347f26f7c0 | c0 f7 26 7f 34 01 00 00
RDX=0x0000013438d8f250 points into unknown readable memory: 0x0000000713c0a4d8 | d8 a4 c0 13 07 00 00 00
RSP=0x0000000a324fe158 is pointing into the stack for thread: 0x0000013417b55010
RBP=0x0000000000000002 is an unknown value
RSI=0x0000000a324fe200 is pointing into the stack for thread: 0x0000013417b55010
RDI=0x0000013417b553d0 points into unknown readable memory: 0x000001347f26f7c0 | c0 f7 26 7f 34 01 00 00
R8 =0x0000000000010002 is an unknown value
R9 =0x0 is null
R10=0x00007ffae16c0000 VCRUNTIME140.dll
R11=0x0000000a324fe128 is pointing into the stack for thread: 0x0000013417b55010
R12=0x0000000000000007 is an unknown value
R13=0x0000013438d8f250 points into unknown readable memory: 0x0000000713c0a4d8 | d8 a4 c0 13 07 00 00 00
R14=0x00007ffac9840400 jdwp.dll
R15=0x0 is null

Top of Stack: (sp=0x0000000a324fe158)
0x0000000a324fe158:   00007ffac98261f3 0000013438d8f250
0x0000000a324fe168:   0000000a324fe200 0000000000000000
0x0000000a324fe178:   0000000000000000 0000013419ed7190
0x0000000a324fe188:   0000000000000020 0000013417b40bd0
0x0000000a324fe198:   00007ffac9840428 0000013417b555e8
0x0000000a324fe1a8:   00007ffac9822873 0000013438d8f250
0x0000000a324fe1b8:   0000000000000002 0000013417b553d0
0x0000000a324fe1c8:   0000013438d8f258 0000013419ed1570
0x0000000a324fe1d8:   00007ffa690d13b9 0000013438db3b78
0x0000000a324fe1e8:   0000013419ed1570 0000000000000000
0x0000000a324fe1f8:   0000000bffffffff 0000000000000007
0x0000000a324fe208:   0000013438d8f250 0000000000000000
0x0000000a324fe218:   0000013438d8f258 0000000000000000
0x0000000a324fe228:   0000000000000000 0000000000000000
0x0000000a324fe238:   0000000000000000 0000000000000000
0x0000000a324fe248:   0000000000000000 0000000000000000
0x0000000a324fe258:   0000013417b555e8 000001343b00ef00
0x0000000a324fe268:   00007ffa693d90d7 0000013438d8f258
0x0000000a324fe278:   0000013439631180 0000013417b55010
0x0000000a324fe288:   00000000000003d8 0000000000000000
0x0000000a324fe298:   0000013419ed5ae0 0000000a324fe410
0x0000000a324fe2a8:   0000000000000005 0000013417b55010
0x0000000a324fe2b8:   00007ffa690cf392 0000a83647b3c0c5
0x0000000a324fe2c8:   000001343a665d60 0000013417bb6da0
0x0000000a324fe2d8:   0000013419edda90 0000013419eddaa0
0x0000000a324fe2e8:   0000013419edde78 00000000000003d8
0x0000000a324fe2f8:   0000013417b55010 0000013417b55010
0x0000000a324fe308:   0000013417bb66a0 0000013419ed7200
0x0000000a324fe318:   0000013419ed7228 0000013419ed72e8
0x0000000a324fe328:   00000000000000d8 0000000a324fe340
0x0000000a324fe338:   00007ffa694ee0f3 0000013417b55010
0x0000000a324fe348:   0000013417bb66a0 0000013419ed7200 

Instructions: (pc=0x00007ffac9836a0c)
0x00007ffac983690c:   05 df 07 01 00 48 8b 03 48 8b d7 4d 8b 40 30 48
0x00007ffac983691c:   8b cb 48 8b 5c 24 30 48 83 c4 20 5f 48 ff a0 00
0x00007ffac983692c:   01 00 00 cc 48 89 5c 24 08 57 48 83 ec 20 48 8b
0x00007ffac983693c:   f9 e8 f2 ea ff ff 4c 8b 05 a7 07 01 00 48 8b d8
0x00007ffac983694c:   41 f6 80 10 02 00 00 02 74 33 41 b8 0f 06 00 00
0x00007ffac983695c:   48 8d 15 15 c3 00 00 48 8d 0d 5a 5a 00 00 e8 19
0x00007ffac983696c:   48 ff ff 48 8d 15 62 99 00 00 48 8d 0d 5b 5a 00
0x00007ffac983697c:   00 e8 ae 48 ff ff 4c 8b 05 67 07 01 00 48 8b 03
0x00007ffac983698c:   48 8b d7 4d 8b 40 38 48 8b cb 48 8b 5c 24 30 48
0x00007ffac983699c:   83 c4 20 5f 48 ff a0 00 01 00 00 cc 48 89 5c 24
0x00007ffac98369ac:   08 57 48 83 ec 20 48 8b f9 e8 7a ea ff ff 48 8b
0x00007ffac98369bc:   15 2f 07 01 00 48 8b d8 f6 82 10 02 00 00 02 74
0x00007ffac98369cc:   2c 41 b8 01 06 00 00 48 8d 15 9e c2 00 00 48 8d
0x00007ffac98369dc:   0d e3 59 00 00 e8 a2 47 ff ff 48 8d 15 33 6a 00
0x00007ffac98369ec:   00 48 8d 0d e4 59 00 00 e8 37 48 ff ff 48 8b 03
0x00007ffac98369fc:   48 8b d7 48 8b cb 48 8b 5c 24 30 48 83 c4 20 5f
0x00007ffac9836a0c:   48 ff a0 50 07 00 00 cc 48 89 5c 24 08 48 89 74
0x00007ffac9836a1c:   24 10 48 89 7c 24 18 41 56 48 83 ec 20 4c 63 f2
0x00007ffac9836a2c:   49 8b d8 48 8b d1 41 8b f9 48 8b cb 4d 8d 46 ff
0x00007ffac9836a3c:   ff 15 2e 58 00 00 85 c0 75 3c 41 0f be 44 1e ff
0x00007ffac9836a4c:   3b c7 75 32 49 03 de eb 10 0f be c8 ff 15 02 58
0x00007ffac9836a5c:   00 00 85 c0 74 09 48 ff c3 8a 03 84 c0 75 ea 80
0x00007ffac9836a6c:   3b 3b 74 12 8b d7 48 8b cb e8 38 4b 00 00 48 85
0x00007ffac9836a7c:   c0 0f 94 c0 eb 02 32 c0 48 8b 5c 24 30 48 8b 74
0x00007ffac9836a8c:   24 38 48 8b 7c 24 40 48 83 c4 20 41 5e c3 cc cc
0x00007ffac9836a9c:   0f b6 d1 83 fa 1e 0f 87 83 00 00 00 74 7b 83 fa
0x00007ffac9836aac:   07 77 41 74 39 83 ea 01 74 2e 83 ea 01 74 23 83
0x00007ffac9836abc:   ea 01 74 18 83 ea 01 74 0d 83 fa 02 0f 85 8a 00
0x00007ffac9836acc:   00 00 8d 42 03 c3 b8 04 00 00 00 c3 b8 03 00 00
0x00007ffac9836adc:   00 c3 b8 02 00 00 00 c3 b8 01 00 00 00 c3 b8 06
0x00007ffac9836aec:   00 00 00 c3 b8 08 00 00 00 2b d0 74 26 83 ea 01
0x00007ffac9836afc:   0f 84 88 00 00 00 83 ea 01 74 12 b8 0a 00 00 00 


Stack slot to memory mapping:

stack at sp + 0 slots: 0x00007ffac98261f3 jdwp.dll
stack at sp + 1 slots: 0x0000013438d8f250 points into unknown readable memory: 0x0000000713c0a4d8 | d8 a4 c0 13 07 00 00 00
stack at sp + 2 slots: 0x0000000a324fe200 is pointing into the stack for thread: 0x0000013417b55010
stack at sp + 3 slots: 0x0 is null
stack at sp + 4 slots: 0x0 is null
stack at sp + 5 slots: 0x0000013419ed7190 points into unknown readable memory: 0x0000013417b40b60 | 60 0b b4 17 34 01 00 00
stack at sp + 6 slots: 0x0000000000000020 is an unknown value
stack at sp + 7 slots: 0x0000013417b40bd0 points into unknown readable memory: 0x8000001200000001 | 01 00 00 00 12 00 00 80

Lock stack of current Java thread (top to bottom):
LockStack[0]: [I 
{0x000000071378db80} - klass: {type array int}
 - length: 0

getstatic  178 getstatic  [0x0000013429b60100, 0x0000013429b60558]  1112 bytes
[MachCode]
  0x0000013429b60100: 4883 ec08 | c5fa 1104 | 24eb 1f48 | 83ec 10c5 | fb11 0424 | eb14 4883 | ec10 4889 | 0424 48c7 
  0x0000013429b60120: 4424 0800 | 0000 00eb | 0150 488b | 4dd0 410f | b755 0148 | 8b49 286b | d218 488d | 4c11 080f 
  0x0000013429b60140: b659 1281 | fbb2 0000 | 000f 8474 | 0100 00bb | b200 0000 | e805 0000 | 00e9 5001 | 0000 488b 
  0x0000013429b60160: d348 8d44 | 2408 4c89 | 6dc0 498b | cfc5 f877 | 4989 afb0 | 0300 0049 | 8987 a003 | 0000 4883 
  0x0000013429b60180: ec20 40f6 | c40f 0f84 | 1900 0000 | 4883 ec08 | 48b8 6051 | 2169 fa7f | 0000 ffd0 | 4883 c408 
  0x0000013429b601a0: e90c 0000 | 0048 b860 | 5121 69fa | 7f00 00ff | d048 83c4 | 2049 c787 | a003 0000 | 0000 0000 
  0x0000013429b601c0: 49c7 87b0 | 0300 0000 | 0000 0049 | c787 a803 | 0000 0000 | 0000 c5f8 | 7741 8b8f | 2c05 0000 
  0x0000013429b601e0: f6c1 010f | 8442 0000 | 00f6 c102 | 0f85 3900 | 0000 4883 | ec20 40f6 | c40f 0f84 | 1900 0000 
  0x0000013429b60200: 4883 ec08 | 48b8 10fc | 2069 fa7f | 0000 ffd0 | 4883 c408 | e90c 0000 | 0048 b810 | fc20 69fa 
  0x0000013429b60220: 7f00 00ff | d048 83c4 | 20ff e049 | 8b8f d805 | 0000 4885 | c90f 8455 | 0000 008b | 899c 0000 
  0x0000013429b60240: 0083 f901 | 0f85 4600 | 0000 498b | 8fd8 0500 | 008b 89a0 | 0000 0048 | 83ec 2040 | f6c4 0f0f 
  0x0000013429b60260: 8419 0000 | 0048 83ec | 0848 b800 | fc20 69fa | 7f00 00ff | d048 83c4 | 08e9 0c00 | 0000 48b8 
  0x0000013429b60280: 00fc 2069 | fa7f 0000 | ffd0 4883 | c420 ffe0 | 4983 7f08 | 000f 8405 | 0000 00e9 | 200c feff 
  0x0000013429b602a0: 4c8b 6dc0 | 4c8b 75c8 | 4e8d 74f5 | 00c3 488b | 4dd0 410f | b755 0148 | 8b49 286b | d218 488d 
  0x0000013429b602c0: 4c11 0848 | b890 0eaa | 69fa 7f00 | 008b 0085 | c00f 848a | 0100 0048 | 8b4d d041 | 0fb7 5501 
  0x0000013429b602e0: 488b 4928 | 6bd2 1848 | 8d4c 1108 | 4833 c0e8 | 0500 0000 | e953 0100 | 004c 8bc1 | 488b d048 
  0x0000013429b60300: 8d44 2408 | 4c89 6dc0 | 498b cfc5 | f877 4989 | afb0 0300 | 0049 8987 | a003 0000 | 4883 ec20 
  0x0000013429b60320: 40f6 c40f | 0f84 1900 | 0000 4883 | ec08 48b8 | c046 2169 | fa7f 0000 | ffd0 4883 | c408 e90c 
  0x0000013429b60340: 0000 0048 | b8c0 4621 | 69fa 7f00 | 00ff d048 | 83c4 2049 | c787 a003 | 0000 0000 | 0000 49c7 
  0x0000013429b60360: 87b0 0300 | 0000 0000 | 0049 c787 | a803 0000 | 0000 0000 | c5f8 7741 | 8b8f 2c05 | 0000 f6c1 
  0x0000013429b60380: 010f 8442 | 0000 00f6 | c102 0f85 | 3900 0000 | 4883 ec20 | 40f6 c40f | 0f84 1900 | 0000 4883 
  0x0000013429b603a0: ec08 48b8 | 10fc 2069 | fa7f 0000 | ffd0 4883 | c408 e90c | 0000 0048 | b810 fc20 | 69fa 7f00 
  0x0000013429b603c0: 00ff d048 | 83c4 20ff | e049 8b8f | d805 0000 | 4885 c90f | 8455 0000 | 008b 899c | 0000 0083 
  0x0000013429b603e0: f901 0f85 | 4600 0000 | 498b 8fd8 | 0500 008b | 89a0 0000 | 0048 83ec | 2040 f6c4 | 0f0f 8419 
  0x0000013429b60400: 0000 0048 | 83ec 0848 | b800 fc20 | 69fa 7f00 | 00ff d048 | 83c4 08e9 | 0c00 0000 | 48b8 00fc 
  0x0000013429b60420: 2069 fa7f | 0000 ffd0 | 4883 c420 | ffe0 4983 | 7f08 000f | 8405 0000 | 00e9 820a | feff 4c8b 
  0x0000013429b60440: 6dc0 4c8b | 75c8 4e8d | 74f5 00c3 | 488b 4dd0 | 410f b755 | 0148 8b49 | 286b d218 | 488d 4c11 
  0x0000013429b60460: 088b 5908 | 0fb6 5111 | 0fb6 4110 | 4c8b 094d | 8b49 704d | 8b09 85c0 | 0f85 0b00 | 0000 410f 
  0x0000013429b60480: be04 1950 | e9b5 0000 | 0083 f801 | 0f85 0b00 | 0000 410f | b604 1950 | e9a1 0000 | 0083 f808 
  0x0000013429b604a0: 0f85 0e00 | 0000 418b | 0419 48c1 | e003 50e9 | 8a00 0000 | 83f8 040f | 850a 0000 | 0041 8b04 
  0x0000013429b604c0: 1950 e977 | 0000 0083 | f802 0f85 | 0b00 0000 | 410f b704 | 1950 e963 | 0000 0083 | f803 0f85 
  0x0000013429b604e0: 0b00 0000 | 410f bf04 | 1950 e94f | 0000 0083 | f805 0f85 | 1a00 0000 | 498b 0419 | 4883 ec10 
  0x0000013429b60500: 4889 0424 | 48c7 4424 | 0800 0000 | 00e9 2c00 | 0000 83f8 | 060f 8514 | 0000 00c4 | c17a 1004 
  0x0000013429b60520: 1948 83ec | 08c5 fa11 | 0424 e90f | 0000 00c4 | c17b 1004 | 1948 83ec | 10c5 fb11 | 0424 410f 
  0x0000013429b60540: b65d 0349 | 83c5 0349 | ba50 7eac | 69fa 7f00 | 0041 ff24 | da66 6690 
[/MachCode]

---------------  P R O C E S S  ---------------

Threads class SMR info:
_java_thread_list=0x00000134396a0520, length=14, elements={
0x0000013417b55010, 0x0000013438da50d0, 0x0000013438da8e40, 0x0000013438daf520,
0x0000013438dad340, 0x0000013438db0720, 0x0000013438db0e80, 0x0000013438db5e00,
0x0000013439448090, 0x0000013438d78300, 0x00000134396deec0, 0x000001343972d3d0,
0x0000013439650210, 0x0000013439734380
}

Java Threads: ( => current thread )
=>0x0000013417b55010 JavaThread "main"                              [_thread_in_native, id=67520, stack(0x0000000a32400000,0x0000000a32500000) (1024K)]
  0x0000013438da50d0 JavaThread "Reference Handler"          daemon [_thread_blocked, id=37880, stack(0x0000000a32c00000,0x0000000a32d00000) (1024K)]
  0x0000013438da8e40 JavaThread "Finalizer"                  daemon [_thread_blocked, id=43032, stack(0x0000000a32d00000,0x0000000a32e00000) (1024K)]
  0x0000013438daf520 JavaThread "Signal Dispatcher"          daemon [_thread_blocked, id=64928, stack(0x0000000a32e00000,0x0000000a32f00000) (1024K)]
  0x0000013438dad340 JavaThread "Attach Listener"            daemon [_thread_blocked, id=4104, stack(0x0000000a32f00000,0x0000000a33000000) (1024K)]
  0x0000013438db0720 JavaThread "Service Thread"             daemon [_thread_blocked, id=51644, stack(0x0000000a33000000,0x0000000a33100000) (1024K)]
  0x0000013438db0e80 JavaThread "Monitor Deflation Thread"   daemon [_thread_blocked, id=46300, stack(0x0000000a33100000,0x0000000a33200000) (1024K)]
  0x0000013438db5e00 JavaThread "C2 CompilerThread0"         daemon [_thread_blocked, id=1964, stack(0x0000000a33200000,0x0000000a33300000) (1024K)]
  0x0000013439448090 JavaThread "C1 CompilerThread0"         daemon [_thread_blocked, id=31836, stack(0x0000000a33300000,0x0000000a33400000) (1024K)]
  0x0000013438d78300 JavaThread "Common-Cleaner"             daemon [_thread_blocked, id=56088, stack(0x0000000a33400000,0x0000000a33500000) (1024K)]
  0x00000134396deec0 JavaThread "JDWP Transport Listener: dt_socket" daemon [_thread_blocked, id=52380, stack(0x0000000a33500000,0x0000000a33600000) (1024K)]
  0x000001343972d3d0 JavaThread "JDWP Event Helper Thread"   daemon [_thread_blocked, id=32228, stack(0x0000000a33600000,0x0000000a33700000) (1024K)]
  0x0000013439650210 JavaThread "JDWP Command Reader"        daemon [_thread_in_native, id=16524, stack(0x0000000a33700000,0x0000000a33800000) (1024K)]
  0x0000013439734380 JavaThread "Notification Thread"        daemon [_thread_blocked, id=48200, stack(0x0000000a33800000,0x0000000a33900000) (1024K)]
Total: 14

Other Threads:
  0x0000013438d8d0a0 VMThread "VM Thread"                           [id=32800, stack(0x0000000a32b00000,0x0000000a32c00000) (1024K)]
  0x0000013438d77870 WatcherThread "VM Periodic Task Thread"        [id=18632, stack(0x0000000a32a00000,0x0000000a32b00000) (1024K)]
  0x0000013419f45230 WorkerThread "GC Thread#0"                     [id=45396, stack(0x0000000a32500000,0x0000000a32600000) (1024K)]
  0x0000013419f5b270 ConcurrentGCThread "G1 Main Marker"            [id=67244, stack(0x0000000a32600000,0x0000000a32700000) (1024K)]
  0x0000013419f5bd80 WorkerThread "G1 Conc#0"                       [id=16192, stack(0x0000000a32700000,0x0000000a32800000) (1024K)]
  0x0000013419f9e970 ConcurrentGCThread "G1 Refine#0"               [id=56344, stack(0x0000000a32800000,0x0000000a32900000) (1024K)]
  0x0000013438c42820 ConcurrentGCThread "G1 Service"                [id=60836, stack(0x0000000a32900000,0x0000000a32a00000) (1024K)]
Total: 7

Threads with active compile tasks:
Total: 0

VM state: not at safepoint (normal execution)

VM Mutex/Monitor currently owned by a thread: None

Heap address: 0x0000000704200000, size: 4030 MB, Compressed Oops mode: Zero based, Oop shift amount: 3

CDS archive(s) mapped at: [0x000001343a000000-0x000001343ad70000-0x000001343ad70000), size 14090240, SharedBaseAddress: 0x000001343a000000, ArchiveRelocationMode: 1.
Compressed class space mapped at: 0x000001343b000000-0x000001347b000000, reserved size: 1073741824
Narrow klass base: 0x000001343a000000, Narrow klass shift: 0, Narrow klass range: 0x41000000

GC Precious Log:
 CardTable entry size: 512
 Card Set container configuration: InlinePtr #cards 4 size 8 Array Of Cards #cards 16 size 48 Howl #buckets 8 coarsen threshold 3686 Howl Bitmap #cards 512 size 80 coarsen threshold 460 Card regions per heap region 1 cards per card region 4096
 CPUs: 8 total, 8 available
 Memory: 16118M
 Large Page Support: Disabled
 NUMA Support: Disabled
 Compressed Oops: Enabled (Zero based)
 Heap Region Size: 2M
 Heap Min Capacity: 8M
 Heap Initial Capacity: 252M
 Heap Max Capacity: 4030M
 Pre-touch: Disabled
 Parallel Workers: 8
 Concurrent Workers: 2
 Concurrent Refinement Workers: 8
 Periodic GC: Disabled

Heap:
 garbage-first heap   total reserved 4126720K, committed 258048K, used 6144K [0x0000000704200000, 0x0000000800000000)
  region size 2048K, 4 young (8192K), 0 survivors (0K)
 Metaspace       used 4056K, committed 4224K, reserved 1114112K
  class space    used 348K, committed 448K, reserved 1048576K

Heap Regions: E=young(eden), S=young(survivor), O=old, HS=humongous(starts), HC=humongous(continues), CS=collection set, F=free, TAMS=top-at-mark-start, PB=parsable bottom
|   0|0x0000000704200000, 0x0000000704200000, 0x0000000704400000|  0%| F|  |TAMS 0x0000000704200000| PB 0x0000000704200000| Untracked |  0
|   1|0x0000000704400000, 0x0000000704400000, 0x0000000704600000|  0%| F|  |TAMS 0x0000000704400000| PB 0x0000000704400000| Untracked |  0
|   2|0x0000000704600000, 0x0000000704600000, 0x0000000704800000|  0%| F|  |TAMS 0x0000000704600000| PB 0x0000000704600000| Untracked |  0
|   3|0x0000000704800000, 0x0000000704800000, 0x0000000704a00000|  0%| F|  |TAMS 0x0000000704800000| PB 0x0000000704800000| Untracked |  0
|   4|0x0000000704a00000, 0x0000000704a00000, 0x0000000704c00000|  0%| F|  |TAMS 0x0000000704a00000| PB 0x0000000704a00000| Untracked |  0
|   5|0x0000000704c00000, 0x0000000704c00000, 0x0000000704e00000|  0%| F|  |TAMS 0x0000000704c00000| PB 0x0000000704c00000| Untracked |  0
|   6|0x0000000704e00000, 0x0000000704e00000, 0x0000000705000000|  0%| F|  |TAMS 0x0000000704e00000| PB 0x0000000704e00000| Untracked |  0
|   7|0x0000000705000000, 0x0000000705000000, 0x0000000705200000|  0%| F|  |TAMS 0x0000000705000000| PB 0x0000000705000000| Untracked |  0
|   8|0x0000000705200000, 0x0000000705200000, 0x0000000705400000|  0%| F|  |TAMS 0x0000000705200000| PB 0x0000000705200000| Untracked |  0
|   9|0x0000000705400000, 0x0000000705400000, 0x0000000705600000|  0%| F|  |TAMS 0x0000000705400000| PB 0x0000000705400000| Untracked |  0
|  10|0x0000000705600000, 0x0000000705600000, 0x0000000705800000|  0%| F|  |TAMS 0x0000000705600000| PB 0x0000000705600000| Untracked |  0
|  11|0x0000000705800000, 0x0000000705800000, 0x0000000705a00000|  0%| F|  |TAMS 0x0000000705800000| PB 0x0000000705800000| Untracked |  0
|  12|0x0000000705a00000, 0x0000000705a00000, 0x0000000705c00000|  0%| F|  |TAMS 0x0000000705a00000| PB 0x0000000705a00000| Untracked |  0
|  13|0x0000000705c00000, 0x0000000705c00000, 0x0000000705e00000|  0%| F|  |TAMS 0x0000000705c00000| PB 0x0000000705c00000| Untracked |  0
|  14|0x0000000705e00000, 0x0000000705e00000, 0x0000000706000000|  0%| F|  |TAMS 0x0000000705e00000| PB 0x0000000705e00000| Untracked |  0
|  15|0x0000000706000000, 0x0000000706000000, 0x0000000706200000|  0%| F|  |TAMS 0x0000000706000000| PB 0x0000000706000000| Untracked |  0
|  16|0x0000000706200000, 0x0000000706200000, 0x0000000706400000|  0%| F|  |TAMS 0x0000000706200000| PB 0x0000000706200000| Untracked |  0
|  17|0x0000000706400000, 0x0000000706400000, 0x0000000706600000|  0%| F|  |TAMS 0x0000000706400000| PB 0x0000000706400000| Untracked |  0
|  18|0x0000000706600000, 0x0000000706600000, 0x0000000706800000|  0%| F|  |TAMS 0x0000000706600000| PB 0x0000000706600000| Untracked |  0
|  19|0x0000000706800000, 0x0000000706800000, 0x0000000706a00000|  0%| F|  |TAMS 0x0000000706800000| PB 0x0000000706800000| Untracked |  0
|  20|0x0000000706a00000, 0x0000000706a00000, 0x0000000706c00000|  0%| F|  |TAMS 0x0000000706a00000| PB 0x0000000706a00000| Untracked |  0
|  21|0x0000000706c00000, 0x0000000706c00000, 0x0000000706e00000|  0%| F|  |TAMS 0x0000000706c00000| PB 0x0000000706c00000| Untracked |  0
|  22|0x0000000706e00000, 0x0000000706e00000, 0x0000000707000000|  0%| F|  |TAMS 0x0000000706e00000| PB 0x0000000706e00000| Untracked |  0
|  23|0x0000000707000000, 0x0000000707000000, 0x0000000707200000|  0%| F|  |TAMS 0x0000000707000000| PB 0x0000000707000000| Untracked |  0
|  24|0x0000000707200000, 0x0000000707200000, 0x0000000707400000|  0%| F|  |TAMS 0x0000000707200000| PB 0x0000000707200000| Untracked |  0
|  25|0x0000000707400000, 0x0000000707400000, 0x0000000707600000|  0%| F|  |TAMS 0x0000000707400000| PB 0x0000000707400000| Untracked |  0
|  26|0x0000000707600000, 0x0000000707600000, 0x0000000707800000|  0%| F|  |TAMS 0x0000000707600000| PB 0x0000000707600000| Untracked |  0
|  27|0x0000000707800000, 0x0000000707800000, 0x0000000707a00000|  0%| F|  |TAMS 0x0000000707800000| PB 0x0000000707800000| Untracked |  0
|  28|0x0000000707a00000, 0x0000000707a00000, 0x0000000707c00000|  0%| F|  |TAMS 0x0000000707a00000| PB 0x0000000707a00000| Untracked |  0
|  29|0x0000000707c00000, 0x0000000707c00000, 0x0000000707e00000|  0%| F|  |TAMS 0x0000000707c00000| PB 0x0000000707c00000| Untracked |  0
|  30|0x0000000707e00000, 0x0000000707e00000, 0x0000000708000000|  0%| F|  |TAMS 0x0000000707e00000| PB 0x0000000707e00000| Untracked |  0
|  31|0x0000000708000000, 0x0000000708000000, 0x0000000708200000|  0%| F|  |TAMS 0x0000000708000000| PB 0x0000000708000000| Untracked |  0
|  32|0x0000000708200000, 0x0000000708200000, 0x0000000708400000|  0%| F|  |TAMS 0x0000000708200000| PB 0x0000000708200000| Untracked |  0
|  33|0x0000000708400000, 0x0000000708400000, 0x0000000708600000|  0%| F|  |TAMS 0x0000000708400000| PB 0x0000000708400000| Untracked |  0
|  34|0x0000000708600000, 0x0000000708600000, 0x0000000708800000|  0%| F|  |TAMS 0x0000000708600000| PB 0x0000000708600000| Untracked |  0
|  35|0x0000000708800000, 0x0000000708800000, 0x0000000708a00000|  0%| F|  |TAMS 0x0000000708800000| PB 0x0000000708800000| Untracked |  0
|  36|0x0000000708a00000, 0x0000000708a00000, 0x0000000708c00000|  0%| F|  |TAMS 0x0000000708a00000| PB 0x0000000708a00000| Untracked |  0
|  37|0x0000000708c00000, 0x0000000708c00000, 0x0000000708e00000|  0%| F|  |TAMS 0x0000000708c00000| PB 0x0000000708c00000| Untracked |  0
|  38|0x0000000708e00000, 0x0000000708e00000, 0x0000000709000000|  0%| F|  |TAMS 0x0000000708e00000| PB 0x0000000708e00000| Untracked |  0
|  39|0x0000000709000000, 0x0000000709000000, 0x0000000709200000|  0%| F|  |TAMS 0x0000000709000000| PB 0x0000000709000000| Untracked |  0
|  40|0x0000000709200000, 0x0000000709200000, 0x0000000709400000|  0%| F|  |TAMS 0x0000000709200000| PB 0x0000000709200000| Untracked |  0
|  41|0x0000000709400000, 0x0000000709400000, 0x0000000709600000|  0%| F|  |TAMS 0x0000000709400000| PB 0x0000000709400000| Untracked |  0
|  42|0x0000000709600000, 0x0000000709600000, 0x0000000709800000|  0%| F|  |TAMS 0x0000000709600000| PB 0x0000000709600000| Untracked |  0
|  43|0x0000000709800000, 0x0000000709800000, 0x0000000709a00000|  0%| F|  |TAMS 0x0000000709800000| PB 0x0000000709800000| Untracked |  0
|  44|0x0000000709a00000, 0x0000000709a00000, 0x0000000709c00000|  0%| F|  |TAMS 0x0000000709a00000| PB 0x0000000709a00000| Untracked |  0
|  45|0x0000000709c00000, 0x0000000709c00000, 0x0000000709e00000|  0%| F|  |TAMS 0x0000000709c00000| PB 0x0000000709c00000| Untracked |  0
|  46|0x0000000709e00000, 0x0000000709e00000, 0x000000070a000000|  0%| F|  |TAMS 0x0000000709e00000| PB 0x0000000709e00000| Untracked |  0
|  47|0x000000070a000000, 0x000000070a000000, 0x000000070a200000|  0%| F|  |TAMS 0x000000070a000000| PB 0x000000070a000000| Untracked |  0
|  48|0x000000070a200000, 0x000000070a200000, 0x000000070a400000|  0%| F|  |TAMS 0x000000070a200000| PB 0x000000070a200000| Untracked |  0
|  49|0x000000070a400000, 0x000000070a400000, 0x000000070a600000|  0%| F|  |TAMS 0x000000070a400000| PB 0x000000070a400000| Untracked |  0
|  50|0x000000070a600000, 0x000000070a600000, 0x000000070a800000|  0%| F|  |TAMS 0x000000070a600000| PB 0x000000070a600000| Untracked |  0
|  51|0x000000070a800000, 0x000000070a800000, 0x000000070aa00000|  0%| F|  |TAMS 0x000000070a800000| PB 0x000000070a800000| Untracked |  0
|  52|0x000000070aa00000, 0x000000070aa00000, 0x000000070ac00000|  0%| F|  |TAMS 0x000000070aa00000| PB 0x000000070aa00000| Untracked |  0
|  53|0x000000070ac00000, 0x000000070ac00000, 0x000000070ae00000|  0%| F|  |TAMS 0x000000070ac00000| PB 0x000000070ac00000| Untracked |  0
|  54|0x000000070ae00000, 0x000000070ae00000, 0x000000070b000000|  0%| F|  |TAMS 0x000000070ae00000| PB 0x000000070ae00000| Untracked |  0
|  55|0x000000070b000000, 0x000000070b000000, 0x000000070b200000|  0%| F|  |TAMS 0x000000070b000000| PB 0x000000070b000000| Untracked |  0
|  56|0x000000070b200000, 0x000000070b200000, 0x000000070b400000|  0%| F|  |TAMS 0x000000070b200000| PB 0x000000070b200000| Untracked |  0
|  57|0x000000070b400000, 0x000000070b400000, 0x000000070b600000|  0%| F|  |TAMS 0x000000070b400000| PB 0x000000070b400000| Untracked |  0
|  58|0x000000070b600000, 0x000000070b600000, 0x000000070b800000|  0%| F|  |TAMS 0x000000070b600000| PB 0x000000070b600000| Untracked |  0
|  59|0x000000070b800000, 0x000000070b800000, 0x000000070ba00000|  0%| F|  |TAMS 0x000000070b800000| PB 0x000000070b800000| Untracked |  0
|  60|0x000000070ba00000, 0x000000070ba00000, 0x000000070bc00000|  0%| F|  |TAMS 0x000000070ba00000| PB 0x000000070ba00000| Untracked |  0
|  61|0x000000070bc00000, 0x000000070bc00000, 0x000000070be00000|  0%| F|  |TAMS 0x000000070bc00000| PB 0x000000070bc00000| Untracked |  0
|  62|0x000000070be00000, 0x000000070be00000, 0x000000070c000000|  0%| F|  |TAMS 0x000000070be00000| PB 0x000000070be00000| Untracked |  0
|  63|0x000000070c000000, 0x000000070c000000, 0x000000070c200000|  0%| F|  |TAMS 0x000000070c000000| PB 0x000000070c000000| Untracked |  0
|  64|0x000000070c200000, 0x000000070c200000, 0x000000070c400000|  0%| F|  |TAMS 0x000000070c200000| PB 0x000000070c200000| Untracked |  0
|  65|0x000000070c400000, 0x000000070c400000, 0x000000070c600000|  0%| F|  |TAMS 0x000000070c400000| PB 0x000000070c400000| Untracked |  0
|  66|0x000000070c600000, 0x000000070c600000, 0x000000070c800000|  0%| F|  |TAMS 0x000000070c600000| PB 0x000000070c600000| Untracked |  0
|  67|0x000000070c800000, 0x000000070c800000, 0x000000070ca00000|  0%| F|  |TAMS 0x000000070c800000| PB 0x000000070c800000| Untracked |  0
|  68|0x000000070ca00000, 0x000000070ca00000, 0x000000070cc00000|  0%| F|  |TAMS 0x000000070ca00000| PB 0x000000070ca00000| Untracked |  0
|  69|0x000000070cc00000, 0x000000070cc00000, 0x000000070ce00000|  0%| F|  |TAMS 0x000000070cc00000| PB 0x000000070cc00000| Untracked |  0
|  70|0x000000070ce00000, 0x000000070ce00000, 0x000000070d000000|  0%| F|  |TAMS 0x000000070ce00000| PB 0x000000070ce00000| Untracked |  0
|  71|0x000000070d000000, 0x000000070d000000, 0x000000070d200000|  0%| F|  |TAMS 0x000000070d000000| PB 0x000000070d000000| Untracked |  0
|  72|0x000000070d200000, 0x000000070d200000, 0x000000070d400000|  0%| F|  |TAMS 0x000000070d200000| PB 0x000000070d200000| Untracked |  0
|  73|0x000000070d400000, 0x000000070d400000, 0x000000070d600000|  0%| F|  |TAMS 0x000000070d400000| PB 0x000000070d400000| Untracked |  0
|  74|0x000000070d600000, 0x000000070d600000, 0x000000070d800000|  0%| F|  |TAMS 0x000000070d600000| PB 0x000000070d600000| Untracked |  0
|  75|0x000000070d800000, 0x000000070d800000, 0x000000070da00000|  0%| F|  |TAMS 0x000000070d800000| PB 0x000000070d800000| Untracked |  0
|  76|0x000000070da00000, 0x000000070da00000, 0x000000070dc00000|  0%| F|  |TAMS 0x000000070da00000| PB 0x000000070da00000| Untracked |  0
|  77|0x000000070dc00000, 0x000000070dc00000, 0x000000070de00000|  0%| F|  |TAMS 0x000000070dc00000| PB 0x000000070dc00000| Untracked |  0
|  78|0x000000070de00000, 0x000000070de00000, 0x000000070e000000|  0%| F|  |TAMS 0x000000070de00000| PB 0x000000070de00000| Untracked |  0
|  79|0x000000070e000000, 0x000000070e000000, 0x000000070e200000|  0%| F|  |TAMS 0x000000070e000000| PB 0x000000070e000000| Untracked |  0
|  80|0x000000070e200000, 0x000000070e200000, 0x000000070e400000|  0%| F|  |TAMS 0x000000070e200000| PB 0x000000070e200000| Untracked |  0
|  81|0x000000070e400000, 0x000000070e400000, 0x000000070e600000|  0%| F|  |TAMS 0x000000070e400000| PB 0x000000070e400000| Untracked |  0
|  82|0x000000070e600000, 0x000000070e600000, 0x000000070e800000|  0%| F|  |TAMS 0x000000070e600000| PB 0x000000070e600000| Untracked |  0
|  83|0x000000070e800000, 0x000000070e800000, 0x000000070ea00000|  0%| F|  |TAMS 0x000000070e800000| PB 0x000000070e800000| Untracked |  0
|  84|0x000000070ea00000, 0x000000070ea00000, 0x000000070ec00000|  0%| F|  |TAMS 0x000000070ea00000| PB 0x000000070ea00000| Untracked |  0
|  85|0x000000070ec00000, 0x000000070ec00000, 0x000000070ee00000|  0%| F|  |TAMS 0x000000070ec00000| PB 0x000000070ec00000| Untracked |  0
|  86|0x000000070ee00000, 0x000000070ee00000, 0x000000070f000000|  0%| F|  |TAMS 0x000000070ee00000| PB 0x000000070ee00000| Untracked |  0
|  87|0x000000070f000000, 0x000000070f000000, 0x000000070f200000|  0%| F|  |TAMS 0x000000070f000000| PB 0x000000070f000000| Untracked |  0
|  88|0x000000070f200000, 0x000000070f200000, 0x000000070f400000|  0%| F|  |TAMS 0x000000070f200000| PB 0x000000070f200000| Untracked |  0
|  89|0x000000070f400000, 0x000000070f400000, 0x000000070f600000|  0%| F|  |TAMS 0x000000070f400000| PB 0x000000070f400000| Untracked |  0
|  90|0x000000070f600000, 0x000000070f600000, 0x000000070f800000|  0%| F|  |TAMS 0x000000070f600000| PB 0x000000070f600000| Untracked |  0
|  91|0x000000070f800000, 0x000000070f800000, 0x000000070fa00000|  0%| F|  |TAMS 0x000000070f800000| PB 0x000000070f800000| Untracked |  0
|  92|0x000000070fa00000, 0x000000070fa00000, 0x000000070fc00000|  0%| F|  |TAMS 0x000000070fa00000| PB 0x000000070fa00000| Untracked |  0
|  93|0x000000070fc00000, 0x000000070fc00000, 0x000000070fe00000|  0%| F|  |TAMS 0x000000070fc00000| PB 0x000000070fc00000| Untracked |  0
|  94|0x000000070fe00000, 0x000000070fe00000, 0x0000000710000000|  0%| F|  |TAMS 0x000000070fe00000| PB 0x000000070fe00000| Untracked |  0
|  95|0x0000000710000000, 0x0000000710000000, 0x0000000710200000|  0%| F|  |TAMS 0x0000000710000000| PB 0x0000000710000000| Untracked |  0
|  96|0x0000000710200000, 0x0000000710200000, 0x0000000710400000|  0%| F|  |TAMS 0x0000000710200000| PB 0x0000000710200000| Untracked |  0
|  97|0x0000000710400000, 0x0000000710400000, 0x0000000710600000|  0%| F|  |TAMS 0x0000000710400000| PB 0x0000000710400000| Untracked |  0
|  98|0x0000000710600000, 0x0000000710600000, 0x0000000710800000|  0%| F|  |TAMS 0x0000000710600000| PB 0x0000000710600000| Untracked |  0
|  99|0x0000000710800000, 0x0000000710800000, 0x0000000710a00000|  0%| F|  |TAMS 0x0000000710800000| PB 0x0000000710800000| Untracked |  0
| 100|0x0000000710a00000, 0x0000000710a00000, 0x0000000710c00000|  0%| F|  |TAMS 0x0000000710a00000| PB 0x0000000710a00000| Untracked |  0
| 101|0x0000000710c00000, 0x0000000710c00000, 0x0000000710e00000|  0%| F|  |TAMS 0x0000000710c00000| PB 0x0000000710c00000| Untracked |  0
| 102|0x0000000710e00000, 0x0000000710e00000, 0x0000000711000000|  0%| F|  |TAMS 0x0000000710e00000| PB 0x0000000710e00000| Untracked |  0
| 103|0x0000000711000000, 0x0000000711000000, 0x0000000711200000|  0%| F|  |TAMS 0x0000000711000000| PB 0x0000000711000000| Untracked |  0
| 104|0x0000000711200000, 0x0000000711200000, 0x0000000711400000|  0%| F|  |TAMS 0x0000000711200000| PB 0x0000000711200000| Untracked |  0
| 105|0x0000000711400000, 0x0000000711400000, 0x0000000711600000|  0%| F|  |TAMS 0x0000000711400000| PB 0x0000000711400000| Untracked |  0
| 106|0x0000000711600000, 0x0000000711600000, 0x0000000711800000|  0%| F|  |TAMS 0x0000000711600000| PB 0x0000000711600000| Untracked |  0
| 107|0x0000000711800000, 0x0000000711800000, 0x0000000711a00000|  0%| F|  |TAMS 0x0000000711800000| PB 0x0000000711800000| Untracked |  0
| 108|0x0000000711a00000, 0x0000000711a00000, 0x0000000711c00000|  0%| F|  |TAMS 0x0000000711a00000| PB 0x0000000711a00000| Untracked |  0
| 109|0x0000000711c00000, 0x0000000711c00000, 0x0000000711e00000|  0%| F|  |TAMS 0x0000000711c00000| PB 0x0000000711c00000| Untracked |  0
| 110|0x0000000711e00000, 0x0000000711e00000, 0x0000000712000000|  0%| F|  |TAMS 0x0000000711e00000| PB 0x0000000711e00000| Untracked |  0
| 111|0x0000000712000000, 0x0000000712000000, 0x0000000712200000|  0%| F|  |TAMS 0x0000000712000000| PB 0x0000000712000000| Untracked |  0
| 112|0x0000000712200000, 0x0000000712200000, 0x0000000712400000|  0%| F|  |TAMS 0x0000000712200000| PB 0x0000000712200000| Untracked |  0
| 113|0x0000000712400000, 0x0000000712400000, 0x0000000712600000|  0%| F|  |TAMS 0x0000000712400000| PB 0x0000000712400000| Untracked |  0
| 114|0x0000000712600000, 0x0000000712600000, 0x0000000712800000|  0%| F|  |TAMS 0x0000000712600000| PB 0x0000000712600000| Untracked |  0
| 115|0x0000000712800000, 0x0000000712800000, 0x0000000712a00000|  0%| F|  |TAMS 0x0000000712800000| PB 0x0000000712800000| Untracked |  0
| 116|0x0000000712a00000, 0x0000000712a00000, 0x0000000712c00000|  0%| F|  |TAMS 0x0000000712a00000| PB 0x0000000712a00000| Untracked |  0
| 117|0x0000000712c00000, 0x0000000712c00000, 0x0000000712e00000|  0%| F|  |TAMS 0x0000000712c00000| PB 0x0000000712c00000| Untracked |  0
| 118|0x0000000712e00000, 0x0000000712e00000, 0x0000000713000000|  0%| F|  |TAMS 0x0000000712e00000| PB 0x0000000712e00000| Untracked |  0
| 119|0x0000000713000000, 0x0000000713000000, 0x0000000713200000|  0%| F|  |TAMS 0x0000000713000000| PB 0x0000000713000000| Untracked |  0
| 120|0x0000000713200000, 0x0000000713200000, 0x0000000713400000|  0%| F|  |TAMS 0x0000000713200000| PB 0x0000000713200000| Untracked |  0
| 121|0x0000000713400000, 0x0000000713400000, 0x0000000713600000|  0%| F|  |TAMS 0x0000000713400000| PB 0x0000000713400000| Untracked |  0
| 122|0x0000000713600000, 0x0000000713800000, 0x0000000713800000|100%| E|  |TAMS 0x0000000713600000| PB 0x0000000713600000| Complete |  0
| 123|0x0000000713800000, 0x0000000713a00000, 0x0000000713a00000|100%| E|CS|TAMS 0x0000000713800000| PB 0x0000000713800000| Complete |  0
| 124|0x0000000713a00000, 0x0000000713c00000, 0x0000000713c00000|100%| E|CS|TAMS 0x0000000713a00000| PB 0x0000000713a00000| Complete |  0
| 125|0x0000000713c00000, 0x0000000713e00000, 0x0000000713e00000|100%| E|CS|TAMS 0x0000000713c00000| PB 0x0000000713c00000| Complete |  0

Card table byte_map: [0x0000013432230000,0x0000013432a10000] _byte_map_base: 0x000001342ea0f000

Marking Bits: (CMBitMap*) 0x0000013419f45940
 Bits: [0x0000013432a10000, 0x0000013436908000)

Polling page: 0x0000013417fa0000

Metaspace:

Usage:
  Non-class:      3.62 MB used.
      Class:    348.00 KB used.
       Both:      3.96 MB used.

Virtual space:
  Non-class space:       64.00 MB reserved,       3.69 MB (  6%) committed,  1 nodes.
      Class space:        1.00 GB reserved,     448.00 KB ( <1%) committed,  1 nodes.
             Both:        1.06 GB reserved,       4.12 MB ( <1%) committed. 

Chunk freelists:
   Non-Class:  11.45 MB
       Class:  15.55 MB
        Both:  27.01 MB

MaxMetaspaceSize: unlimited
CompressedClassSpaceSize: 1.00 GB
Initial GC threshold: 21.00 MB
Current GC threshold: 21.00 MB
CDS: on
 - commit_granule_bytes: 65536.
 - commit_granule_words: 8192.
 - virtual_space_node_default_size: 8388608.
 - enlarge_chunks_in_place: 1.
 - use_allocation_guard: 0.


Internal statistics:

num_allocs_failed_limit: 0.
num_arena_births: 72.
num_arena_deaths: 0.
num_vsnodes_births: 2.
num_vsnodes_deaths: 0.
num_space_committed: 66.
num_space_uncommitted: 0.
num_chunks_returned_to_freelist: 0.
num_chunks_taken_from_freelist: 110.
num_chunk_merges: 0.
num_chunk_splits: 71.
num_chunks_enlarged: 42.
num_inconsistent_stats: 0.

CodeHeap 'non-profiled nmethods': size=120064Kb used=154Kb max_used=154Kb free=119909Kb
 bounds [0x000001342a0d0000, 0x000001342a340000, 0x0000013431610000]
CodeHeap 'profiled nmethods': size=120000Kb used=520Kb max_used=520Kb free=119479Kb
 bounds [0x0000013422610000, 0x0000013422880000, 0x0000013429b40000]
CodeHeap 'non-nmethods': size=5696Kb used=1503Kb max_used=1517Kb free=4192Kb
 bounds [0x0000013429b40000, 0x0000013429db0000, 0x000001342a0d0000]
CodeCache: size=245760Kb, used=2177Kb, max_used=2191Kb, free=243580Kb
 total_blobs=963, nmethods=510, adapters=359, full_count=0
Compilation: enabled, stopped_count=0, restarted_count=0

Compilation events (20 events):
Event: 1.048 Thread 0x0000013439448090  501       1       java.net.URL::getRef (5 bytes)
Event: 1.048 Thread 0x0000013439448090 nmethod 501 0x000001342a0f5e88 code [0x000001342a0f5fa0, 0x000001342a0f6070]
Event: 1.053 Thread 0x0000013439448090  502       3       java.lang.StringConcatHelper::prepend (37 bytes)
Event: 1.053 Thread 0x0000013439448090 nmethod 502 0x000001342268fa08 code [0x000001342268fb60, 0x000001342268fe38]
Event: 1.053 Thread 0x0000013439448090  503       3       java.util.zip.ZipUtils::CENHOW (9 bytes)
Event: 1.053 Thread 0x0000013439448090 nmethod 503 0x000001342268fe88 code [0x000001342268ffa0, 0x0000013422690150]
Event: 1.054 Thread 0x0000013438db5e00  504       4       java.lang.AbstractStringBuilder::isLatin1 (19 bytes)
Event: 1.054 Thread 0x0000013439448090  505       3       java.lang.CharacterDataLatin1::equalsIgnoreCase (63 bytes)
Event: 1.054 Thread 0x0000013439448090 nmethod 505 0x0000013422690188 code [0x00000134226902c0, 0x0000013422690570]
Event: 1.055 Thread 0x0000013438db5e00 nmethod 504 0x000001342a0f6188 code [0x000001342a0f6280, 0x000001342a0f6320]
Event: 1.058 Thread 0x0000013439448090  506       3       jdk.internal.jimage.ImageStringsReader::hashCode (33 bytes)
Event: 1.058 Thread 0x0000013439448090 nmethod 506 0x0000013422690588 code [0x00000134226906c0, 0x0000013422690840]
Event: 1.058 Thread 0x0000013439448090  507   !   3       java.nio.DirectIntBufferU::get (34 bytes)
Event: 1.059 Thread 0x0000013439448090 nmethod 507 0x0000013422690888 code [0x0000013422690a60, 0x00000134226913c0]
Event: 1.059 Thread 0x0000013439448090  508       3       java.nio.DirectIntBufferU::ix (10 bytes)
Event: 1.059 Thread 0x0000013439448090 nmethod 508 0x0000013422691488 code [0x00000134226915a0, 0x00000134226916c0]
Event: 1.059 Thread 0x0000013439448090  509   !   3       jdk.internal.misc.ScopedMemoryAccess::getInt (16 bytes)
Event: 1.060 Thread 0x0000013439448090 nmethod 509 0x0000013422691788 code [0x00000134226918e0, 0x0000013422691cf0]
Event: 1.060 Thread 0x0000013439448090  510   !   3       jdk.internal.misc.ScopedMemoryAccess::getIntInternal (34 bytes)
Event: 1.060 Thread 0x0000013439448090 nmethod 510 0x0000013422691d88 code [0x0000013422691ec0, 0x0000013422692158]

GC Heap History (0 events):
No events

Dll operation events (9 events):
Event: 0.021 Loaded shared library C:\Users\Nomic\.jdks\openjdk-23.0.1\bin\java.dll
Event: 0.023 Loaded shared library C:\Users\Nomic\.jdks\openjdk-23.0.1\bin\zip.dll
Event: 0.062 Loaded shared library C:\Users\Nomic\.jdks\openjdk-23.0.1\bin\jsvml.dll
Event: 0.700 Loaded shared library C:\Users\Nomic\.jdks\openjdk-23.0.1\bin\instrument.dll
Event: 0.827 Loaded shared library C:\Users\Nomic\.jdks\openjdk-23.0.1\bin\net.dll
Event: 0.829 Loaded shared library C:\Users\Nomic\.jdks\openjdk-23.0.1\bin\nio.dll
Event: 0.857 Loaded shared library C:\Users\Nomic\.jdks\openjdk-23.0.1\bin\zip.dll
Event: 0.954 Loaded shared library C:\Users\Nomic\.jdks\openjdk-23.0.1\bin\jimage.dll
Event: 1.005 Loaded shared library C:\Users\Nomic\AppData\Local\Temp\lwjglNomic\3.3.1-build-7\lwjgl.dll

Deoptimization events (12 events):
Event: 0.788 Thread 0x0000013417b55010 Uncommon trap: trap_request=0xffffff45 fr.pc=0x000001342a0e4260 relative=0x0000000000000060
Event: 0.788 Thread 0x0000013417b55010 Uncommon trap: reason=unstable_if action=reinterpret pc=0x000001342a0e4260 method=java.lang.String.isLatin1()Z @ 10 c2
Event: 0.788 Thread 0x0000013417b55010 DEOPT PACKING pc=0x000001342a0e4260 sp=0x0000000a324fe350
Event: 0.788 Thread 0x0000013417b55010 DEOPT UNPACKING pc=0x0000013429b97982 sp=0x0000000a324fe2f0 mode 2
Event: 0.789 Thread 0x0000013417b55010 Uncommon trap: trap_request=0xffffff45 fr.pc=0x000001342a0e266c relative=0x00000000000000cc
Event: 0.789 Thread 0x0000013417b55010 Uncommon trap: reason=unstable_if action=reinterpret pc=0x000001342a0e266c method=java.lang.String.isLatin1()Z @ 10 c2
Event: 0.789 Thread 0x0000013417b55010 DEOPT PACKING pc=0x000001342a0e266c sp=0x0000000a324fecc0
Event: 0.789 Thread 0x0000013417b55010 DEOPT UNPACKING pc=0x0000013429b97982 sp=0x0000000a324fec10 mode 2
Event: 0.789 Thread 0x0000013417b55010 Uncommon trap: trap_request=0xffffff45 fr.pc=0x000001342a0e4d38 relative=0x00000000000004d8
Event: 0.789 Thread 0x0000013417b55010 Uncommon trap: reason=unstable_if action=reinterpret pc=0x000001342a0e4d38 method=java.lang.StringLatin1.replace([BCC)Ljava/lang/String; @ 19 c2
Event: 0.789 Thread 0x0000013417b55010 DEOPT PACKING pc=0x000001342a0e4d38 sp=0x0000000a324fefc0
Event: 0.789 Thread 0x0000013417b55010 DEOPT UNPACKING pc=0x0000013429b97982 sp=0x0000000a324fef40 mode 2

Classes loaded (20 events):
Event: 1.048 Loading class java/nio/BufferUnderflowException
Event: 1.048 Loading class java/nio/BufferUnderflowException done
Event: 1.048 Loading class org/lwjgl/system/MemoryStack
Event: 1.048 Loading class org/lwjgl/system/MemoryStack done
Event: 1.050 Loading class org/lwjgl/system/MemoryStack$DebugMemoryStack
Event: 1.050 Loading class org/lwjgl/system/MemoryStack$DebugMemoryStack done
Event: 1.051 Loading class java/lang/IndexOutOfBoundsException
Event: 1.051 Loading class java/lang/IndexOutOfBoundsException done
Event: 1.052 Loading class org/lwjgl/system/MemoryStack
Event: 1.052 Loading class org/lwjgl/system/MemoryStack done
Event: 1.052 Loading class org/lwjgl/system/MemoryStack
Event: 1.052 Loading class org/lwjgl/system/MemoryStack done
Event: 1.053 Loading class org/lwjgl/BufferUtils
Event: 1.053 Loading class org/lwjgl/BufferUtils done
Event: 1.054 Loading class org/lwjgl/system/windows/WinBase
Event: 1.054 Loading class org/lwjgl/system/windows/WinBase done
Event: 1.055 Loading class org/lwjgl/system/ThreadLocalUtil
Event: 1.055 Loading class org/lwjgl/system/ThreadLocalUtil done
Event: 1.059 Loading class org/lwjgl/glfw/GLFW$Functions
Event: 1.059 Loading class org/lwjgl/glfw/GLFW$Functions done

Classes unloaded (0 events):
No events

Classes redefined (1 events):
Event: 0.755 Thread 0x0000013438d8d0a0 redefined class name=java.lang.Throwable, count=1

Internal exceptions (18 events):
Event: 0.710 Thread 0x0000013417b55010 Exception <a 'java/lang/NoSuchMethodError'{0x0000000713a53b28}: 'java.lang.Object java.lang.invoke.Invokers$Holder.invokeExact_MT(java.lang.Object, java.lang.Object, java.lang.Object, java.lang.Object, java.lang.Object)'> (0x0000000713a53b28) 
thrown [s\open\src\hotspot\share\interpreter\linkResolver.cpp, line 796]
Event: 0.923 Thread 0x0000013417b55010 Exception <a 'java/lang/NoSuchMethodError'{0x0000000713964e18}: 'void java.lang.invoke.DirectMethodHandle$Holder.invokeStatic(java.lang.Object, java.lang.Object)'> (0x0000000713964e18) 
thrown [s\open\src\hotspot\share\interpreter\linkResolver.cpp, line 796]
Event: 0.926 Thread 0x0000013417b55010 Exception <a 'java/lang/NoSuchMethodError'{0x00000007139751e0}: 'void java.lang.System.load(java.lang.String, java.lang.Class)'> (0x00000007139751e0) 
thrown [s\open\src\hotspot\share\interpreter\linkResolver.cpp, line 796]
Event: 0.926 Thread 0x0000013417b55010 Exception <a 'java/lang/NoSuchMethodError'{0x0000000713975c30}: 'void java.lang.invoke.DirectMethodHandle$Holder.invokeSpecial(java.lang.Object, java.lang.Object, java.lang.Object)'> (0x0000000713975c30) 
thrown [s\open\src\hotspot\share\interpreter\linkResolver.cpp, line 796]
Event: 0.930 Thread 0x0000013417b55010 Exception <a 'java/lang/NoSuchMethodError'{0x00000007139899b8}: 'java.lang.Object java.lang.invoke.DirectMethodHandle$Holder.invokeStatic(java.lang.Object, java.lang.Object, int)'> (0x00000007139899b8) 
thrown [s\open\src\hotspot\share\interpreter\linkResolver.cpp, line 796]
Event: 0.932 Thread 0x0000013417b55010 Exception <a 'java/lang/NoSuchMethodError'{0x0000000713995280}: 'void java.lang.invoke.DelegatingMethodHandle$Holder.delegate(java.lang.Object, java.lang.Object, int, java.lang.Object)'> (0x0000000713995280) 
thrown [s\open\src\hotspot\share\interpreter\linkResolver.cpp, line 796]
Event: 0.933 Thread 0x0000013417b55010 Exception <a 'java/lang/NoSuchMethodError'{0x0000000713998ff8}: 'int java.lang.invoke.DirectMethodHandle$Holder.invokeSpecial(java.lang.Object, java.lang.Object, java.lang.Object)'> (0x0000000713998ff8) 
thrown [s\open\src\hotspot\share\interpreter\linkResolver.cpp, line 796]
Event: 0.939 Thread 0x0000013417b55010 Exception <a 'java/lang/NoSuchMethodError'{0x00000007139b5318}: 'void java.lang.System.loadLibrary(java.lang.String, java.lang.Class)'> (0x00000007139b5318) 
thrown [s\open\src\hotspot\share\interpreter\linkResolver.cpp, line 796]
Event: 1.001 Thread 0x0000013417b55010 Exception <a 'sun/nio/fs/WindowsException'{0x000000071367e110}> (0x000000071367e110) 
thrown [s\open\src\hotspot\share\prims\jni.cpp, line 520]
Event: 1.002 Thread 0x0000013417b55010 Exception <a 'sun/nio/fs/WindowsException'{0x000000071367f758}> (0x000000071367f758) 
thrown [s\open\src\hotspot\share\prims\jni.cpp, line 520]
Event: 1.021 Thread 0x0000013417b55010 Exception <a 'sun/nio/fs/WindowsException'{0x00000007136af580}> (0x00000007136af580) 
thrown [s\open\src\hotspot\share\prims\jni.cpp, line 520]
Event: 1.022 Thread 0x0000013417b55010 Exception <a 'sun/nio/fs/WindowsException'{0x00000007136af900}> (0x00000007136af900) 
thrown [s\open\src\hotspot\share\prims\jni.cpp, line 520]
Event: 1.038 Thread 0x0000013417b55010 Exception <a 'java/lang/NoSuchMethodError'{0x0000000713721630}: 'int java.lang.invoke.DirectMethodHandle$Holder.invokeStaticInit(java.lang.Object, java.lang.Object, int, long)'> (0x0000000713721630) 
thrown [s\open\src\hotspot\share\interpreter\linkResolver.cpp, line 796]
Event: 1.039 Thread 0x0000013417b55010 Exception <a 'java/lang/NoSuchMethodError'{0x0000000713726788}: 'java.lang.Object java.lang.invoke.DirectMethodHandle$Holder.newInvokeSpecial(java.lang.Object, java.lang.Object, int)'> (0x0000000713726788) 
thrown [s\open\src\hotspot\share\interpreter\linkResolver.cpp, line 796]
Event: 1.043 Thread 0x0000013417b55010 Exception <a 'java/lang/NoSuchMethodError'{0x0000000713737e90}: 'int java.lang.invoke.DirectMethodHandle$Holder.invokeStaticInit(java.lang.Object, java.lang.Object, long, long)'> (0x0000000713737e90) 
thrown [s\open\src\hotspot\share\interpreter\linkResolver.cpp, line 796]
Event: 1.044 Thread 0x0000013417b55010 Exception <a 'java/lang/NoSuchMethodError'{0x000000071373d980}: 'java.lang.Object java.lang.invoke.DirectMethodHandle$Holder.newInvokeSpecial(java.lang.Object, java.lang.Object, long)'> (0x000000071373d980) 
thrown [s\open\src\hotspot\share\interpreter\linkResolver.cpp, line 796]
Event: 1.045 Thread 0x0000013417b55010 Exception <a 'java/lang/NoSuchMethodError'{0x0000000713741860}: 'java.lang.Object java.lang.invoke.Invokers$Holder.linkToTargetMethod(java.lang.Object, long, java.lang.Object)'> (0x0000000713741860) 
thrown [s\open\src\hotspot\share\interpreter\linkResolver.cpp, line 796]
Event: 1.045 Thread 0x0000013417b55010 Exception <a 'java/lang/NoSuchMethodError'{0x0000000713748ad8}: 'int java.lang.invoke.DirectMethodHandle$Holder.invokeStaticInit(java.lang.Object, java.lang.Object, java.lang.Object, long)'> (0x0000000713748ad8) 
thrown [s\open\src\hotspot\share\interpreter\linkResolver.cpp, line 796]

VM Operations (10 events):
Event: 0.105 Executing VM operation: HandshakeAllThreads (Deoptimize)
Event: 0.105 Executing VM operation: HandshakeAllThreads (Deoptimize) done
Event: 0.691 Executing VM operation: ChangeBreakpoints
Event: 0.691 Executing VM operation: ChangeBreakpoints done
Event: 0.695 Executing VM operation: ChangeBreakpoints
Event: 0.695 Executing VM operation: ChangeBreakpoints done
Event: 0.753 Executing VM operation: RedefineClasses
Event: 0.756 Executing VM operation: RedefineClasses done
Event: 0.770 Executing VM operation: get/set locals
Event: 0.770 Executing VM operation: get/set locals done

Memory protections (0 events):
No events

Nmethod flushes (0 events):
No events

Events (14 events):
Event: 0.038 Thread 0x0000013417b55010 Thread added: 0x0000013417b55010
Event: 0.059 Thread 0x0000013417b55010 Thread added: 0x0000013438da50d0
Event: 0.059 Thread 0x0000013417b55010 Thread added: 0x0000013438da8e40
Event: 0.059 Thread 0x0000013417b55010 Thread added: 0x0000013438daf520
Event: 0.059 Thread 0x0000013417b55010 Thread added: 0x0000013438dad340
Event: 0.060 Thread 0x0000013417b55010 Thread added: 0x0000013438db0720
Event: 0.060 Thread 0x0000013417b55010 Thread added: 0x0000013438db0e80
Event: 0.060 Thread 0x0000013417b55010 Thread added: 0x0000013438db5e00
Event: 0.060 Thread 0x0000013417b55010 Thread added: 0x0000013439448090
Event: 0.096 Thread 0x0000013417b55010 Thread added: 0x0000013438d78300
Event: 0.131 Thread 0x0000013417b55010 Thread added: 0x00000134396deec0
Event: 0.131 Thread 0x0000013417b55010 Thread added: 0x000001343972d3d0
Event: 0.132 Thread 0x00000134396deec0 Thread added: 0x0000013439650210
Event: 0.784 Thread 0x0000013417b55010 Thread added: 0x0000013439734380


Dynamic libraries:
0x00007ff73a6c0000 - 0x00007ff73a6ce000 	C:\Users\Nomic\.jdks\openjdk-23.0.1\bin\java.exe
0x00007ffaf4fa0000 - 0x00007ffaf5209000 	C:\WINDOWS\SYSTEM32\ntdll.dll
0x00007ffaf2da0000 - 0x00007ffaf2e69000 	C:\WINDOWS\System32\KERNEL32.DLL
0x00007ffaf22a0000 - 0x00007ffaf2693000 	C:\WINDOWS\System32\KERNELBASE.dll
0x00007ffaf2990000 - 0x00007ffaf2adb000 	C:\WINDOWS\System32\ucrtbase.dll
0x00007ffaeec30000 - 0x00007ffaeec47000 	C:\Users\Nomic\.jdks\openjdk-23.0.1\bin\jli.dll
0x00007ffae16c0000 - 0x00007ffae16db000 	C:\Users\Nomic\.jdks\openjdk-23.0.1\bin\VCRUNTIME140.dll
0x00007ffaf3a00000 - 0x00007ffaf3bc4000 	C:\WINDOWS\System32\USER32.dll
0x00007ffaf21e0000 - 0x00007ffaf2207000 	C:\WINDOWS\System32\win32u.dll
0x00007ffad75e0000 - 0x00007ffad7873000 	C:\WINDOWS\WinSxS\amd64_microsoft.windows.common-controls_6595b64144ccf1df_6.0.26100.5074_none_3e0d6f78e32fd63f\COMCTL32.dll
0x00007ffaf2f30000 - 0x00007ffaf2f5b000 	C:\WINDOWS\System32\GDI32.dll
0x00007ffaf2e80000 - 0x00007ffaf2f29000 	C:\WINDOWS\System32\msvcrt.dll
0x00007ffaf2c40000 - 0x00007ffaf2d6d000 	C:\WINDOWS\System32\gdi32full.dll
0x00007ffaf2130000 - 0x00007ffaf21d3000 	C:\WINDOWS\System32\msvcp_win.dll
0x00007ffaf44c0000 - 0x00007ffaf44ef000 	C:\WINDOWS\System32\IMM32.DLL
0x00007ffaeea90000 - 0x00007ffaeea9c000 	C:\Users\Nomic\.jdks\openjdk-23.0.1\bin\vcruntime140_1.dll
0x00007ffac9900000 - 0x00007ffac998e000 	C:\Users\Nomic\.jdks\openjdk-23.0.1\bin\msvcp140.dll
0x00007ffa68e40000 - 0x00007ffa69b8f000 	C:\Users\Nomic\.jdks\openjdk-23.0.1\bin\server\jvm.dll
0x00007ffaf45e0000 - 0x00007ffaf4694000 	C:\WINDOWS\System32\ADVAPI32.dll
0x00007ffaf4e30000 - 0x00007ffaf4ed6000 	C:\WINDOWS\System32\sechost.dll
0x00007ffaf4320000 - 0x00007ffaf4438000 	C:\WINDOWS\System32\RPCRT4.dll
0x00007ffaf4ee0000 - 0x00007ffaf4f54000 	C:\WINDOWS\System32\WS2_32.dll
0x00007ffaf1fb0000 - 0x00007ffaf200e000 	C:\WINDOWS\SYSTEM32\POWRPROF.dll
0x00007ffae0540000 - 0x00007ffae054b000 	C:\WINDOWS\SYSTEM32\VERSION.dll
0x00007ffae6bc0000 - 0x00007ffae6bf5000 	C:\WINDOWS\SYSTEM32\WINMM.dll
0x00007ffaf1f90000 - 0x00007ffaf1fa4000 	C:\WINDOWS\SYSTEM32\UMPDC.dll
0x00007ffaf0ed0000 - 0x00007ffaf0eeb000 	C:\WINDOWS\SYSTEM32\kernel.appcore.dll
0x00007ffae6ab0000 - 0x00007ffae6aba000 	C:\Users\Nomic\.jdks\openjdk-23.0.1\bin\jimage.dll
0x00007ffaef850000 - 0x00007ffaefa92000 	C:\WINDOWS\SYSTEM32\DBGHELP.DLL
0x00007ffaf4aa0000 - 0x00007ffaf4e1b000 	C:\WINDOWS\System32\combase.dll
0x00007ffaf4500000 - 0x00007ffaf45d7000 	C:\WINDOWS\System32\OLEAUT32.dll
0x00007ffac1ca0000 - 0x00007ffac1cdd000 	C:\WINDOWS\SYSTEM32\dbgcore.DLL
0x00007ffaf2ba0000 - 0x00007ffaf2c39000 	C:\WINDOWS\System32\bcryptPrimitives.dll
0x00007ffac9810000 - 0x00007ffac984c000 	C:\Users\Nomic\.jdks\openjdk-23.0.1\bin\jdwp.dll
0x00007ffae15c0000 - 0x00007ffae15cf000 	C:\Users\Nomic\.jdks\openjdk-23.0.1\bin\instrument.dll
0x00007ffae15e0000 - 0x00007ffae15fe000 	C:\Users\Nomic\.jdks\openjdk-23.0.1\bin\java.dll
0x00007ffaf37f0000 - 0x00007ffaf3988000 	C:\WINDOWS\System32\ole32.dll
0x00007ffaf3bd0000 - 0x00007ffaf431d000 	C:\WINDOWS\System32\SHELL32.dll
0x00007ffaf2820000 - 0x00007ffaf298c000 	C:\WINDOWS\System32\wintypes.dll
0x00007ffadfcc0000 - 0x00007ffadfcd7000 	C:\Users\Nomic\.jdks\openjdk-23.0.1\bin\zip.dll
0x00007ffaefd50000 - 0x00007ffaf05a9000 	C:\WINDOWS\SYSTEM32\windows.storage.dll
0x00007ffaf48a0000 - 0x00007ffaf4990000 	C:\WINDOWS\System32\SHCORE.dll
0x00007ffaf4450000 - 0x00007ffaf44b2000 	C:\WINDOWS\System32\shlwapi.dll
0x00007ffaf2050000 - 0x00007ffaf2079000 	C:\WINDOWS\SYSTEM32\profapi.dll
0x00007ffaaac90000 - 0x00007ffaaad67000 	C:\Users\Nomic\.jdks\openjdk-23.0.1\bin\jsvml.dll
0x00007ffae1580000 - 0x00007ffae158c000 	C:\Users\Nomic\.jdks\openjdk-23.0.1\bin\dt_socket.dll
0x00007ffaf08d0000 - 0x00007ffaf0904000 	C:\WINDOWS\SYSTEM32\IPHLPAPI.DLL
0x00007ffaf1430000 - 0x00007ffaf149b000 	C:\WINDOWS\system32\mswsock.dll
0x00007ffae15d0000 - 0x00007ffae15e0000 	C:\Users\Nomic\.jdks\openjdk-23.0.1\bin\net.dll
0x00007ffadfce0000 - 0x00007ffadfcf6000 	C:\Users\Nomic\.jdks\openjdk-23.0.1\bin\nio.dll
0x00007ffaaa930000 - 0x00007ffaaa9a5000 	C:\Users\Nomic\AppData\Local\Temp\lwjglNomic\3.3.1-build-7\lwjgl.dll
0x00007ffaaa6f0000 - 0x00007ffaaa751000 	C:\Users\Nomic\AppData\Local\Temp\lwjglNomic\3.3.1-build-7\glfw.dll

dbghelp: loaded successfully - version: 4.0.5 - missing functions: none
symbol engine: initialized successfully - sym options: 0x614 - pdb path: .;C:\Users\Nomic\.jdks\openjdk-23.0.1\bin;C:\WINDOWS\SYSTEM32;C:\WINDOWS\WinSxS\amd64_microsoft.windows.common-controls_6595b64144ccf1df_6.0.26100.5074_none_3e0d6f78e32fd63f;C:\Users\Nomic\.jdks\openjdk-23.0.1\bin\server;C:\Users\Nomic\AppData\Local\Temp\lwjglNomic\3.3.1-build-7

VM Arguments:
jvm_args: -agentlib:jdwp=transport=dt_socket,address=127.0.0.1:53368,suspend=y,server=n -javaagent:C:\Users\Nomic\AppData\Local\JetBrains\IdeaIC2024.3\captureAgent\debugger-agent.jar -Dkotlinx.coroutines.debug.enable.creation.stack.trace=false -Ddebugger.agent.enable.coroutines=true -Dkotlinx.coroutines.debug.enable.flows.stack.trace=true -Dkotlinx.coroutines.debug.enable.mutable.state.flows.stack.trace=true -Dfile.encoding=UTF-8 -Dsun.stdout.encoding=UTF-8 -Dsun.stderr.encoding=UTF-8 
java_command: ShadowDungeon
java_class_path (initial): C:\Users\Nomic\Downloads\collint-project-2\ShadowDungeon\target\classes;C:\Users\Nomic\.m2\repository\org\lwjgl\lwjgl\3.3.1\lwjgl-3.3.1.jar;C:\Users\Nomic\.m2\repository\org\lwjgl\lwjgl-assimp\3.3.1\lwjgl-assimp-3.3.1.jar;C:\Users\Nomic\.m2\repository\org\lwjgl\lwjgl-glfw\3.3.1\lwjgl-glfw-3.3.1.jar;C:\Users\Nomic\.m2\repository\org\lwjgl\lwjgl-openal\3.3.1\lwjgl-openal-3.3.1.jar;C:\Users\Nomic\.m2\repository\org\lwjgl\lwjgl-opengl\3.3.1\lwjgl-opengl-3.3.1.jar;C:\Users\Nomic\.m2\repository\org\lwjgl\lwjgl-stb\3.3.1\lwjgl-stb-3.3.1.jar;C:\Users\Nomic\.m2\repository\org\lwjgl\lwjgl\3.3.1\lwjgl-3.3.1-natives-windows.jar;C:\Users\Nomic\.m2\repository\org\lwjgl\lwjgl-assimp\3.3.1\lwjgl-assimp-3.3.1-natives-windows.jar;C:\Users\Nomic\.m2\repository\org\lwjgl\lwjgl-glfw\3.3.1\lwjgl-glfw-3.3.1-natives-windows.jar;C:\Users\Nomic\.m2\repository\org\lwjgl\lwjgl-openal\3.3.1\lwjgl-openal-3.3.1-natives-windows.jar;C:\Users\Nomic\.m2\repository\org\lwjgl\lwjgl-opengl\3.3.1\lwjgl-opengl-3.3.1-natives-windows.jar;C:\Users\Nomic\.m2\repository\org\lwjgl\lwjgl-stb\3.3.1\lwjgl-stb-3.3.1-natives-windows.jar;C:\Users\Nomic\.m2\repository\io\github\eleanor-em\bagel\1.9.3\bagel-1.9.3.jar;C:\Program Files\JetBrains\IntelliJ IDEA Community Edition 2024.3.1.1\lib\idea_rt.jar
Launcher Type: SUN_STANDARD

[Global flags]
     intx CICompilerCount                          = 4                                         {product} {ergonomic}
     uint ConcGCThreads                            = 2                                         {product} {ergonomic}
     uint G1ConcRefinementThreads                  = 8                                         {product} {ergonomic}
   size_t G1HeapRegionSize                         = 2097152                                   {product} {ergonomic}
   size_t InitialHeapSize                          = 264241152                                 {product} {ergonomic}
   size_t MarkStackSize                            = 4194304                                   {product} {ergonomic}
   size_t MarkStackSizeMax                         = 536870912                                 {product} {ergonomic}
   size_t MaxHeapSize                              = 4225761280                                {product} {ergonomic}
   size_t MaxNewSize                               = 2535456768                                {product} {ergonomic}
   size_t MinHeapDeltaBytes                        = 2097152                                   {product} {ergonomic}
   size_t MinHeapSize                              = 8388608                                   {product} {ergonomic}
    uintx NonNMethodCodeHeapSize                   = 5832704                                {pd product} {ergonomic}
    uintx NonProfiledCodeHeapSize                  = 122945536                              {pd product} {ergonomic}
    uintx ProfiledCodeHeapSize                     = 122880000                              {pd product} {ergonomic}
    uintx ReservedCodeCacheSize                    = 251658240                              {pd product} {ergonomic}
     bool SegmentedCodeCache                       = true                                      {product} {ergonomic}
   size_t SoftMaxHeapSize                          = 4225761280                             {manageable} {ergonomic}
     bool UseCompressedOops                        = true                           {product lp64_product} {ergonomic}
     bool UseG1GC                                  = true                                      {product} {ergonomic}
     bool UseLargePagesIndividualAllocation        = false                                  {pd product} {ergonomic}

Logging:
Log output configuration:
 #0: stdout all=warning uptime,level,tags foldmultilines=false
 #1: stderr all=off uptime,level,tags foldmultilines=false

Environment Variables:
PATH=C:\msys64\mingw64\bin;C:\WINDOWS\system32;C:\WINDOWS;C:\WINDOWS\System32\Wbem;C:\WINDOWS\System32\WindowsPowerShell\v1.0\;C:\WINDOWS\System32\OpenSSH\;C:\Program Files\dotnet\;C:\Program Files\Wolfram Research\WolframScript\;D:\MATLAB\bin;C:\Program Files\Git\cmd;C:\Program Files\nodejs\;C:\Users\Nomic\AppData\Local\Programs\Python\Launcher\;C:\Users\Nomic\AppData\Local\Microsoft\WindowsApps;C:\Users\Nomic\AppData\Local\Programs\Microsoft VS Code\bin;C:\Users\Nomic\AppData\Local\Programs\Python\Python312\Scripts;;C:\Program Files\JetBrains\IntelliJ IDEA 2024.3.1\bin;;C:\Program Files\JetBrains\IntelliJ IDEA Community Edition 2024.3.1.1\bin;;C:\Users\Nomic\AppData\Roaming\npm
USERNAME=Nomic
OS=Windows_NT
PROCESSOR_IDENTIFIER=Intel64 Family 6 Model 140 Stepping 1, GenuineIntel
TMP=C:\Users\Nomic\AppData\Local\Temp
TEMP=C:\Users\Nomic\AppData\Local\Temp




Periodic native trim disabled

---------------  S Y S T E M  ---------------

OS:
 Windows 11 , 64 bit Build 26100 (10.0.26100.5074)
OS uptime: 7 days 21:22 hours
Hyper-V role detected

CPU: total 8 (initial active 8) (4 cores per cpu, 2 threads per core) family 6 model 140 stepping 1 microcode 0xb8, cx8, cmov, fxsr, ht, mmx, 3dnowpref, sse, sse2, sse3, ssse3, sse4.1, sse4.2, popcnt, lzcnt, tsc, tscinvbit, avx, avx2, aes, erms, clmul, bmi1, bmi2, adx, avx512f, avx512dq, avx512cd, avx512bw, avx512vl, sha, fma, vzeroupper, avx512_vpopcntdq, avx512_vpclmulqdq, avx512_vaes, avx512_vnni, clflush, clflushopt, clwb, avx512_vbmi2, avx512_vbmi, hv, rdtscp, rdpid, fsrm, gfni, avx512_bitalg, f16c, cet_ibt, cet_ss, avx512_ifma
Processor Information for the first 8 processors :
  Max Mhz: 1382, Current Mhz: 1382, Mhz Limit: 1382

Memory: 4k page, system-wide physical 16118M (2877M free)
TotalPageFile size 22774M (AvailPageFile size 5518M)
current process WorkingSet (physical memory assigned to process): 57M, peak: 57M
current process commit charge ("private bytes"): 346M, peak: 346M

vm_info: OpenJDK 64-Bit Server VM (23.0.1+11-39) for windows-amd64 JRE (23.0.1+11-39), built on 2024-09-30T07:20:43Z with MS VC++ 17.6 (VS2022)

END.
