#
# A fatal error has been detected by the Java Runtime Environment:
#
#  EXCEPTION_ACCESS_VIOLATION (0xc0000005) at pc=0x0000000000000000, pid=13992, tid=23244
#
# JRE version: OpenJDK Runtime Environment (23.0.1+11) (build 23.0.1+11-39)
# Java VM: OpenJDK 64-Bit Server VM (23.0.1+11-39, mixed mode, sharing, tiered, compressed oops, compressed class ptrs, g1 gc, windows-amd64)
# Problematic frame:
# C  [jdwp.dll+0x161f3]
#
# No core dump will be written. Minidumps are not enabled by default on client versions of Windows
#
# If you would like to submit a bug report, please visit:
#   https://bugreport.java.com/bugreport/crash.jsp
# The crash happened outside the Java Virtual Machine in native code.
# See problematic frame for where to report the bug.
#

---------------  S U M M A R Y ------------

Command Line: -agentlib:jdwp=transport=dt_socket,address=127.0.0.1:58637,suspend=y,server=n -javaagent:C:\Users\Nomic\AppData\Local\JetBrains\IdeaIC2024.3\captureAgent\debugger-agent.jar -Dkotlinx.coroutines.debug.enable.creation.stack.trace=false -Ddebugger.agent.enable.coroutines=true -Dkotlinx.coroutines.debug.enable.flows.stack.trace=true -Dkotlinx.coroutines.debug.enable.mutable.state.flows.stack.trace=true -Dfile.encoding=UTF-8 -Dsun.stdout.encoding=UTF-8 -Dsun.stderr.encoding=UTF-8 ShadowDungeon

Host: 11th Gen Intel(R) Core(TM) i5-1135G7 @ 2.40GHz, 8 cores, 15G,  Windows 11 , 64 bit Build 26100 (10.0.26100.5074)
Time: Thu Oct 16 14:15:26 2025 AUS Eastern Daylight Time elapsed time: 1.171926 seconds (0d 0h 0m 1s)

---------------  T H R E A D  ---------------

Current thread (0x00000195def64360):  JavaThread "main"             [_thread_in_native, id=23244, stack(0x0000005c7f000000,0x0000005c7f100000) (1024K)]

Stack: [0x0000005c7f000000,0x0000005c7f100000],  sp=0x0000005c7f0fe3a0,  free space=1016k
Native frames: (J=compiled Java code, j=interpreted, Vv=VM code, C=native code)

Java frames: (J=compiled Java code, j=interpreted, Vv=VM code)
j  org.lwjgl.glfw.GLFW.glfwInit()Z+0
j  bagel.AbstractGame.<clinit>()V+19
v  ~StubRoutines::call_stub 0x00000195f0760fcd

siginfo: EXCEPTION_ACCESS_VIOLATION (0xc0000005), data execution prevention violation at address 0x0000000000000000


Registers:
RAX=0x00000195c62e26f0, RBX=0x00000195801c8390, RCX=0x00000195def64720, RDX=0x00000195801c8390
RSP=0x0000005c7f0fe398, RBP=0x0000000000000002, RSI=0x0000005c7f0fe440, RDI=0x00000195def64720
R8 =0x0000000000010002, R9 =0x0000000000000000, R10=0x00007ffbcee50000, R11=0x0000005c7f0fe368
R12=0x0000000000000007, R13=0x00000195801c8390, R14=0x00007ffbcd160400, R15=0x0000000000000000
RIP=0x0000000000000000, EFLAGS=0x0000000000010206


Register to memory mapping:

RAX=0x00000195c62e26f0 points into unknown readable memory: 0x0000000000000000 | 00 00 00 00 00 00 00 00
RBX=0x00000195801c8390 points into unknown readable memory: 0x0000000713a0a4d8 | d8 a4 a0 13 07 00 00 00
RCX=0x00000195def64720 points into unknown readable memory: 0x00000195c62e26f0 | f0 26 2e c6 95 01 00 00
RDX=0x00000195801c8390 points into unknown readable memory: 0x0000000713a0a4d8 | d8 a4 a0 13 07 00 00 00
RSP=0x0000005c7f0fe398 is pointing into the stack for thread: 0x00000195def64360
RBP=0x0000000000000002 is an unknown value
RSI=0x0000005c7f0fe440 is pointing into the stack for thread: 0x00000195def64360
RDI=0x00000195def64720 points into unknown readable memory: 0x00000195c62e26f0 | f0 26 2e c6 95 01 00 00
R8 =0x0000000000010002 is an unknown value
R9 =0x0 is null
R10=0x00007ffbcee50000 VCRUNTIME140.dll
R11=0x0000005c7f0fe368 is pointing into the stack for thread: 0x00000195def64360
R12=0x0000000000000007 is an unknown value
R13=0x00000195801c8390 points into unknown readable memory: 0x0000000713a0a4d8 | d8 a4 a0 13 07 00 00 00
R14=0x00007ffbcd160400 jdwp.dll
R15=0x0 is null

Top of Stack: (sp=0x0000005c7f0fe398)
0x0000005c7f0fe398:   00007ffbcd1461f3 00000195801c8390
0x0000005c7f0fe3a8:   0000005c7f0fe440 0000000000000000
0x0000005c7f0fe3b8:   0000000000000000 00000195df098240
0x0000005c7f0fe3c8:   0000000000000020 00000195def52520
0x0000005c7f0fe3d8:   00007ffbcd160428 00000195def64938
0x0000005c7f0fe3e8:   00007ffbcd142873 00000195801c8390
0x0000005c7f0fe3f8:   0000000000000002 00000195def64720
0x0000005c7f0fe408:   00000195801c8398 00000195801d8270
0x0000005c7f0fe418:   00007ffb58df13b9 00000195807b9af8
0x0000005c7f0fe428:   00000195801d8270 0000000000000000
0x0000005c7f0fe438:   0000000bffffffff 0000000000000007
0x0000005c7f0fe448:   00000195801c8390 0000000000000000
0x0000005c7f0fe458:   00000195801c8398 0000000000000000
0x0000005c7f0fe468:   0000000000000000 0000000000000000
0x0000005c7f0fe478:   0000000000000000 0000000000000000
0x0000005c7f0fe488:   0000000000000000 0000000000000000
0x0000005c7f0fe498:   00000195def64938 000001958200f558
0x0000005c7f0fe4a8:   00007ffb590f90d7 00000195801c8398
0x0000005c7f0fe4b8:   0000019580920270 00000195def64360
0x0000005c7f0fe4c8:   00000000000003d8 0000000000000000
0x0000005c7f0fe4d8:   00000195df096d80 0000005c7f0fe650
0x0000005c7f0fe4e8:   0000000000000005 00000195def64360
0x0000005c7f0fe4f8:   00007ffb58def392 0000235d7d7504d9
0x0000005c7f0fe508:   0000019581665d60 00000195defc3ee0
0x0000005c7f0fe518:   00000195def649d0 00000195def649e0
0x0000005c7f0fe528:   00000195def64db8 00000000000003d8
0x0000005c7f0fe538:   00000195def64360 00000195def64360
0x0000005c7f0fe548:   00000195defc4020 00000195df09ce10
0x0000005c7f0fe558:   00000195df09ce38 00000195df09cef8
0x0000005c7f0fe568:   00000000000000d8 0000005c7f0fe580
0x0000005c7f0fe578:   00007ffb5920e0f3 00000195def64360
0x0000005c7f0fe588:   00000195defc4020 00000195df09ce10 

Instructions: (pc=0x00007ffbcd1461f3)
0x00007ffbcd1460f3:   2c 41 b8 61 02 00 00 48 8d 0d 97 6e 01 00 48 8b
0x00007ffbcd146103:   d3 e8 7f 50 00 00 41 8b cc e8 33 a0 ff ff 48 8b
0x00007ffbcd146113:   d0 48 8d 0d 55 a4 01 00 e8 10 51 00 00 4c 8b 4e
0x00007ffbcd146123:   28 48 8d 0d 5d a4 01 00 4c 8b 46 20 48 8b 56 08
0x00007ffbcd146133:   e8 0c 0e 01 00 48 8b 05 b1 0f 02 00 f6 80 10 02
0x00007ffbcd146143:   00 00 02 74 28 41 b8 6a 02 00 00 48 8d 0d 6f 62
0x00007ffbcd146153:   01 00 48 8b d3 e8 2b 50 00 00 48 8d 15 54 63 01
0x00007ffbcd146163:   00 48 8d 0d 6d 62 01 00 e8 c0 50 00 00 48 8b 07
0x00007ffbcd146173:   48 8b cf ff 50 78 48 8b 0d 70 0f 02 00 4c 8b f8
0x00007ffbcd146183:   f6 81 10 02 00 00 02 74 28 41 b8 6b 02 00 00 48
0x00007ffbcd146193:   8d 0d 2b 62 01 00 48 8b d3 e8 e7 4f 00 00 48 8d
0x00007ffbcd1461a3:   15 48 63 01 00 48 8d 0d 29 62 01 00 e8 7c 50 00
0x00007ffbcd1461b3:   00 48 8b 07 48 8b cf ff 90 88 00 00 00 83 3d e5
0x00007ffbcd1461c3:   0a 02 00 00 76 0c e8 ce 5b ff ff 83 25 d7 0a 02
0x00007ffbcd1461d3:   00 00 48 8b 5e 08 48 85 db 74 4b 48 8b 05 0b 0f
0x00007ffbcd1461e3:   02 00 80 78 13 00 74 0b 48 8b cb e8 b5 07 01 00
0x00007ffbcd1461f3:   88 46 10 4d 8b c7 48 8b d6 41 8a ce e8 c8 a0 00
0x00007ffbcd146203:   00 48 8b e8 48 85 c0 75 25 48 8b cb e8 c0 44 00
0x00007ffbcd146213:   00 84 c0 0f 84 ea 00 00 00 48 8b d3 41 8a ce e8
0x00007ffbcd146223:   ad 13 00 00 eb e3 e8 0e 0e 00 00 48 8b e8 4c 8b
0x00007ffbcd146233:   cd 44 88 74 24 20 45 8b c4 48 8b d6 48 8b cf e8
0x00007ffbcd146243:   e1 00 00 00 83 3e 14 75 0b 48 8b 05 9d 0e 02 00
0x00007ffbcd146253:   c6 40 10 01 48 85 db 75 08 48 8b cd e8 0c 53 ff
0x00007ffbcd146263:   ff 48 8b 05 85 0e 02 00 4d 85 ff 74 43 f6 80 10
0x00007ffbcd146273:   02 00 00 02 74 2c 41 b8 b3 02 00 00 48 8d 15 a2
0x00007ffbcd146283:   a1 01 00 48 8d 0d 37 61 01 00 e8 f6 4e 00 00 48
0x00007ffbcd146293:   8d 15 e7 7c 01 00 48 8d 0d 38 61 01 00 e8 8b 4f
0x00007ffbcd1462a3:   00 00 48 8b 07 49 8b d7 48 8b cf ff 50 68 eb 41
0x00007ffbcd1462b3:   f6 80 10 02 00 00 02 74 2c 41 b8 b5 02 00 00 48
0x00007ffbcd1462c3:   8d 15 5f a1 01 00 48 8d 0d f4 60 01 00 e8 b3 4e
0x00007ffbcd1462d3:   00 00 48 8d 15 14 62 01 00 48 8d 0d f5 60 01 00
0x00007ffbcd1462e3:   e8 48 4f 00 00 48 8b 07 48 8b cf ff 90 88 00 00 


Stack slot to memory mapping:

stack at sp + 0 slots: 0x00000195801c8390 points into unknown readable memory: 0x0000000713a0a4d8 | d8 a4 a0 13 07 00 00 00
stack at sp + 1 slots: 0x0000005c7f0fe440 is pointing into the stack for thread: 0x00000195def64360
stack at sp + 2 slots: 0x0 is null
stack at sp + 3 slots: 0x0 is null
stack at sp + 4 slots: 0x00000195df098240 points into unknown readable memory: 0x00000195def524b0 | b0 24 f5 de 95 01 00 00
stack at sp + 5 slots: 0x0000000000000020 is an unknown value
stack at sp + 6 slots: 0x00000195def52520 points into unknown readable memory: 0x8000001200000001 | 01 00 00 00 12 00 00 80
stack at sp + 7 slots: 0x00007ffbcd160428 jdwp.dll

Lock stack of current Java thread (top to bottom):
LockStack[0]: [I 
{0x00000007135904e8} - klass: {type array int}
 - length: 0


---------------  P R O C E S S  ---------------

Threads class SMR info:
_java_thread_list=0x0000019580a0cd30, length=14, elements={
0x00000195def64360, 0x00000195801dee90, 0x00000195801e1bb0, 0x00000195801eda40,
0x00000195801f0340, 0x00000195801f1320, 0x00000195801fa1b0, 0x00000195801fe740,
0x0000019580761240, 0x00000195808451e0, 0x00000195809c1910, 0x00000195809c23c0,
0x00000195809c2a50, 0x0000019580a02ec0
}

Java Threads: ( => current thread )
=>0x00000195def64360 JavaThread "main"                              [_thread_in_native, id=23244, stack(0x0000005c7f000000,0x0000005c7f100000) (1024K)]
  0x00000195801dee90 JavaThread "Reference Handler"          daemon [_thread_blocked, id=3452, stack(0x0000005c7f800000,0x0000005c7f900000) (1024K)]
  0x00000195801e1bb0 JavaThread "Finalizer"                  daemon [_thread_blocked, id=13164, stack(0x0000005c7f900000,0x0000005c7fa00000) (1024K)]
  0x00000195801eda40 JavaThread "Signal Dispatcher"          daemon [_thread_blocked, id=27988, stack(0x0000005c7fa00000,0x0000005c7fb00000) (1024K)]
  0x00000195801f0340 JavaThread "Attach Listener"            daemon [_thread_blocked, id=27144, stack(0x0000005c7fb00000,0x0000005c7fc00000) (1024K)]
  0x00000195801f1320 JavaThread "Service Thread"             daemon [_thread_blocked, id=16044, stack(0x0000005c7fc00000,0x0000005c7fd00000) (1024K)]
  0x00000195801fa1b0 JavaThread "Monitor Deflation Thread"   daemon [_thread_blocked, id=6296, stack(0x0000005c7fd00000,0x0000005c7fe00000) (1024K)]
  0x00000195801fe740 JavaThread "C2 CompilerThread0"         daemon [_thread_blocked, id=26648, stack(0x0000005c7fe00000,0x0000005c7ff00000) (1024K)]
  0x0000019580761240 JavaThread "C1 CompilerThread0"         daemon [_thread_blocked, id=7964, stack(0x0000005c7ff00000,0x0000005c80000000) (1024K)]
  0x00000195808451e0 JavaThread "Common-Cleaner"             daemon [_thread_blocked, id=20508, stack(0x0000005c00000000,0x0000005c00100000) (1024K)]
  0x00000195809c1910 JavaThread "JDWP Transport Listener: dt_socket" daemon [_thread_blocked, id=25868, stack(0x0000005c00200000,0x0000005c00300000) (1024K)]
  0x00000195809c23c0 JavaThread "JDWP Event Helper Thread"   daemon [_thread_blocked, id=13904, stack(0x0000005c00300000,0x0000005c00400000) (1024K)]
  0x00000195809c2a50 JavaThread "JDWP Command Reader"        daemon [_thread_in_native, id=30052, stack(0x0000005c00400000,0x0000005c00500000) (1024K)]
  0x0000019580a02ec0 JavaThread "Notification Thread"        daemon [_thread_blocked, id=17384, stack(0x0000005c00100000,0x0000005c00200000) (1024K)]
Total: 14

Other Threads:
  0x00000195801c6600 VMThread "VM Thread"                           [id=20964, stack(0x0000005c7f700000,0x0000005c7f800000) (1024K)]
  0x00000195801b4290 WatcherThread "VM Periodic Task Thread"        [id=16656, stack(0x0000005c7f600000,0x0000005c7f700000) (1024K)]
  0x00000195df1065d0 WorkerThread "GC Thread#0"                     [id=16156, stack(0x0000005c7f100000,0x0000005c7f200000) (1024K)]
  0x00000195df11b1c0 ConcurrentGCThread "G1 Main Marker"            [id=736, stack(0x0000005c7f200000,0x0000005c7f300000) (1024K)]
  0x00000195df11cb50 WorkerThread "G1 Conc#0"                       [id=23588, stack(0x0000005c7f300000,0x0000005c7f400000) (1024K)]
  0x0000019580084420 ConcurrentGCThread "G1 Refine#0"               [id=19136, stack(0x0000005c7f400000,0x0000005c7f500000) (1024K)]
  0x0000019580085d60 ConcurrentGCThread "G1 Service"                [id=4496, stack(0x0000005c7f500000,0x0000005c7f600000) (1024K)]
Total: 7

Threads with active compile tasks:
Total: 0

VM state: not at safepoint (normal execution)

VM Mutex/Monitor currently owned by a thread: None

Heap address: 0x0000000704000000, size: 4032 MB, Compressed Oops mode: Zero based, Oop shift amount: 3

CDS archive(s) mapped at: [0x0000019581000000-0x0000019581d70000-0x0000019581d70000), size 14090240, SharedBaseAddress: 0x0000019581000000, ArchiveRelocationMode: 1.
Compressed class space mapped at: 0x0000019582000000-0x00000195c2000000, reserved size: 1073741824
Narrow klass base: 0x0000019581000000, Narrow klass shift: 0, Narrow klass range: 0x41000000

GC Precious Log:
 CardTable entry size: 512
 Card Set container configuration: InlinePtr #cards 4 size 8 Array Of Cards #cards 16 size 48 Howl #buckets 8 coarsen threshold 3686 Howl Bitmap #cards 512 size 80 coarsen threshold 460 Card regions per heap region 1 cards per card region 4096
 CPUs: 8 total, 8 available
 Memory: 16122M
 Large Page Support: Disabled
 NUMA Support: Disabled
 Compressed Oops: Enabled (Zero based)
 Heap Region Size: 2M
 Heap Min Capacity: 8M
 Heap Initial Capacity: 252M
 Heap Max Capacity: 4032M
 Pre-touch: Disabled
 Parallel Workers: 8
 Concurrent Workers: 2
 Concurrent Refinement Workers: 8
 Periodic GC: Disabled

Heap:
 garbage-first heap   total reserved 4128768K, committed 258048K, used 6144K [0x0000000704000000, 0x0000000800000000)
  region size 2048K, 4 young (8192K), 0 survivors (0K)
 Metaspace       used 4074K, committed 4224K, reserved 1114112K
  class space    used 349K, committed 448K, reserved 1048576K

Heap Regions: E=young(eden), S=young(survivor), O=old, HS=humongous(starts), HC=humongous(continues), CS=collection set, F=free, TAMS=top-at-mark-start, PB=parsable bottom
|   0|0x0000000704000000, 0x0000000704000000, 0x0000000704200000|  0%| F|  |TAMS 0x0000000704000000| PB 0x0000000704000000| Untracked |  0
|   1|0x0000000704200000, 0x0000000704200000, 0x0000000704400000|  0%| F|  |TAMS 0x0000000704200000| PB 0x0000000704200000| Untracked |  0
|   2|0x0000000704400000, 0x0000000704400000, 0x0000000704600000|  0%| F|  |TAMS 0x0000000704400000| PB 0x0000000704400000| Untracked |  0
|   3|0x0000000704600000, 0x0000000704600000, 0x0000000704800000|  0%| F|  |TAMS 0x0000000704600000| PB 0x0000000704600000| Untracked |  0
|   4|0x0000000704800000, 0x0000000704800000, 0x0000000704a00000|  0%| F|  |TAMS 0x0000000704800000| PB 0x0000000704800000| Untracked |  0
|   5|0x0000000704a00000, 0x0000000704a00000, 0x0000000704c00000|  0%| F|  |TAMS 0x0000000704a00000| PB 0x0000000704a00000| Untracked |  0
|   6|0x0000000704c00000, 0x0000000704c00000, 0x0000000704e00000|  0%| F|  |TAMS 0x0000000704c00000| PB 0x0000000704c00000| Untracked |  0
|   7|0x0000000704e00000, 0x0000000704e00000, 0x0000000705000000|  0%| F|  |TAMS 0x0000000704e00000| PB 0x0000000704e00000| Untracked |  0
|   8|0x0000000705000000, 0x0000000705000000, 0x0000000705200000|  0%| F|  |TAMS 0x0000000705000000| PB 0x0000000705000000| Untracked |  0
|   9|0x0000000705200000, 0x0000000705200000, 0x0000000705400000|  0%| F|  |TAMS 0x0000000705200000| PB 0x0000000705200000| Untracked |  0
|  10|0x0000000705400000, 0x0000000705400000, 0x0000000705600000|  0%| F|  |TAMS 0x0000000705400000| PB 0x0000000705400000| Untracked |  0
|  11|0x0000000705600000, 0x0000000705600000, 0x0000000705800000|  0%| F|  |TAMS 0x0000000705600000| PB 0x0000000705600000| Untracked |  0
|  12|0x0000000705800000, 0x0000000705800000, 0x0000000705a00000|  0%| F|  |TAMS 0x0000000705800000| PB 0x0000000705800000| Untracked |  0
|  13|0x0000000705a00000, 0x0000000705a00000, 0x0000000705c00000|  0%| F|  |TAMS 0x0000000705a00000| PB 0x0000000705a00000| Untracked |  0
|  14|0x0000000705c00000, 0x0000000705c00000, 0x0000000705e00000|  0%| F|  |TAMS 0x0000000705c00000| PB 0x0000000705c00000| Untracked |  0
|  15|0x0000000705e00000, 0x0000000705e00000, 0x0000000706000000|  0%| F|  |TAMS 0x0000000705e00000| PB 0x0000000705e00000| Untracked |  0
|  16|0x0000000706000000, 0x0000000706000000, 0x0000000706200000|  0%| F|  |TAMS 0x0000000706000000| PB 0x0000000706000000| Untracked |  0
|  17|0x0000000706200000, 0x0000000706200000, 0x0000000706400000|  0%| F|  |TAMS 0x0000000706200000| PB 0x0000000706200000| Untracked |  0
|  18|0x0000000706400000, 0x0000000706400000, 0x0000000706600000|  0%| F|  |TAMS 0x0000000706400000| PB 0x0000000706400000| Untracked |  0
|  19|0x0000000706600000, 0x0000000706600000, 0x0000000706800000|  0%| F|  |TAMS 0x0000000706600000| PB 0x0000000706600000| Untracked |  0
|  20|0x0000000706800000, 0x0000000706800000, 0x0000000706a00000|  0%| F|  |TAMS 0x0000000706800000| PB 0x0000000706800000| Untracked |  0
|  21|0x0000000706a00000, 0x0000000706a00000, 0x0000000706c00000|  0%| F|  |TAMS 0x0000000706a00000| PB 0x0000000706a00000| Untracked |  0
|  22|0x0000000706c00000, 0x0000000706c00000, 0x0000000706e00000|  0%| F|  |TAMS 0x0000000706c00000| PB 0x0000000706c00000| Untracked |  0
|  23|0x0000000706e00000, 0x0000000706e00000, 0x0000000707000000|  0%| F|  |TAMS 0x0000000706e00000| PB 0x0000000706e00000| Untracked |  0
|  24|0x0000000707000000, 0x0000000707000000, 0x0000000707200000|  0%| F|  |TAMS 0x0000000707000000| PB 0x0000000707000000| Untracked |  0
|  25|0x0000000707200000, 0x0000000707200000, 0x0000000707400000|  0%| F|  |TAMS 0x0000000707200000| PB 0x0000000707200000| Untracked |  0
|  26|0x0000000707400000, 0x0000000707400000, 0x0000000707600000|  0%| F|  |TAMS 0x0000000707400000| PB 0x0000000707400000| Untracked |  0
|  27|0x0000000707600000, 0x0000000707600000, 0x0000000707800000|  0%| F|  |TAMS 0x0000000707600000| PB 0x0000000707600000| Untracked |  0
|  28|0x0000000707800000, 0x0000000707800000, 0x0000000707a00000|  0%| F|  |TAMS 0x0000000707800000| PB 0x0000000707800000| Untracked |  0
|  29|0x0000000707a00000, 0x0000000707a00000, 0x0000000707c00000|  0%| F|  |TAMS 0x0000000707a00000| PB 0x0000000707a00000| Untracked |  0
|  30|0x0000000707c00000, 0x0000000707c00000, 0x0000000707e00000|  0%| F|  |TAMS 0x0000000707c00000| PB 0x0000000707c00000| Untracked |  0
|  31|0x0000000707e00000, 0x0000000707e00000, 0x0000000708000000|  0%| F|  |TAMS 0x0000000707e00000| PB 0x0000000707e00000| Untracked |  0
|  32|0x0000000708000000, 0x0000000708000000, 0x0000000708200000|  0%| F|  |TAMS 0x0000000708000000| PB 0x0000000708000000| Untracked |  0
|  33|0x0000000708200000, 0x0000000708200000, 0x0000000708400000|  0%| F|  |TAMS 0x0000000708200000| PB 0x0000000708200000| Untracked |  0
|  34|0x0000000708400000, 0x0000000708400000, 0x0000000708600000|  0%| F|  |TAMS 0x0000000708400000| PB 0x0000000708400000| Untracked |  0
|  35|0x0000000708600000, 0x0000000708600000, 0x0000000708800000|  0%| F|  |TAMS 0x0000000708600000| PB 0x0000000708600000| Untracked |  0
|  36|0x0000000708800000, 0x0000000708800000, 0x0000000708a00000|  0%| F|  |TAMS 0x0000000708800000| PB 0x0000000708800000| Untracked |  0
|  37|0x0000000708a00000, 0x0000000708a00000, 0x0000000708c00000|  0%| F|  |TAMS 0x0000000708a00000| PB 0x0000000708a00000| Untracked |  0
|  38|0x0000000708c00000, 0x0000000708c00000, 0x0000000708e00000|  0%| F|  |TAMS 0x0000000708c00000| PB 0x0000000708c00000| Untracked |  0
|  39|0x0000000708e00000, 0x0000000708e00000, 0x0000000709000000|  0%| F|  |TAMS 0x0000000708e00000| PB 0x0000000708e00000| Untracked |  0
|  40|0x0000000709000000, 0x0000000709000000, 0x0000000709200000|  0%| F|  |TAMS 0x0000000709000000| PB 0x0000000709000000| Untracked |  0
|  41|0x0000000709200000, 0x0000000709200000, 0x0000000709400000|  0%| F|  |TAMS 0x0000000709200000| PB 0x0000000709200000| Untracked |  0
|  42|0x0000000709400000, 0x0000000709400000, 0x0000000709600000|  0%| F|  |TAMS 0x0000000709400000| PB 0x0000000709400000| Untracked |  0
|  43|0x0000000709600000, 0x0000000709600000, 0x0000000709800000|  0%| F|  |TAMS 0x0000000709600000| PB 0x0000000709600000| Untracked |  0
|  44|0x0000000709800000, 0x0000000709800000, 0x0000000709a00000|  0%| F|  |TAMS 0x0000000709800000| PB 0x0000000709800000| Untracked |  0
|  45|0x0000000709a00000, 0x0000000709a00000, 0x0000000709c00000|  0%| F|  |TAMS 0x0000000709a00000| PB 0x0000000709a00000| Untracked |  0
|  46|0x0000000709c00000, 0x0000000709c00000, 0x0000000709e00000|  0%| F|  |TAMS 0x0000000709c00000| PB 0x0000000709c00000| Untracked |  0
|  47|0x0000000709e00000, 0x0000000709e00000, 0x000000070a000000|  0%| F|  |TAMS 0x0000000709e00000| PB 0x0000000709e00000| Untracked |  0
|  48|0x000000070a000000, 0x000000070a000000, 0x000000070a200000|  0%| F|  |TAMS 0x000000070a000000| PB 0x000000070a000000| Untracked |  0
|  49|0x000000070a200000, 0x000000070a200000, 0x000000070a400000|  0%| F|  |TAMS 0x000000070a200000| PB 0x000000070a200000| Untracked |  0
|  50|0x000000070a400000, 0x000000070a400000, 0x000000070a600000|  0%| F|  |TAMS 0x000000070a400000| PB 0x000000070a400000| Untracked |  0
|  51|0x000000070a600000, 0x000000070a600000, 0x000000070a800000|  0%| F|  |TAMS 0x000000070a600000| PB 0x000000070a600000| Untracked |  0
|  52|0x000000070a800000, 0x000000070a800000, 0x000000070aa00000|  0%| F|  |TAMS 0x000000070a800000| PB 0x000000070a800000| Untracked |  0
|  53|0x000000070aa00000, 0x000000070aa00000, 0x000000070ac00000|  0%| F|  |TAMS 0x000000070aa00000| PB 0x000000070aa00000| Untracked |  0
|  54|0x000000070ac00000, 0x000000070ac00000, 0x000000070ae00000|  0%| F|  |TAMS 0x000000070ac00000| PB 0x000000070ac00000| Untracked |  0
|  55|0x000000070ae00000, 0x000000070ae00000, 0x000000070b000000|  0%| F|  |TAMS 0x000000070ae00000| PB 0x000000070ae00000| Untracked |  0
|  56|0x000000070b000000, 0x000000070b000000, 0x000000070b200000|  0%| F|  |TAMS 0x000000070b000000| PB 0x000000070b000000| Untracked |  0
|  57|0x000000070b200000, 0x000000070b200000, 0x000000070b400000|  0%| F|  |TAMS 0x000000070b200000| PB 0x000000070b200000| Untracked |  0
|  58|0x000000070b400000, 0x000000070b400000, 0x000000070b600000|  0%| F|  |TAMS 0x000000070b400000| PB 0x000000070b400000| Untracked |  0
|  59|0x000000070b600000, 0x000000070b600000, 0x000000070b800000|  0%| F|  |TAMS 0x000000070b600000| PB 0x000000070b600000| Untracked |  0
|  60|0x000000070b800000, 0x000000070b800000, 0x000000070ba00000|  0%| F|  |TAMS 0x000000070b800000| PB 0x000000070b800000| Untracked |  0
|  61|0x000000070ba00000, 0x000000070ba00000, 0x000000070bc00000|  0%| F|  |TAMS 0x000000070ba00000| PB 0x000000070ba00000| Untracked |  0
|  62|0x000000070bc00000, 0x000000070bc00000, 0x000000070be00000|  0%| F|  |TAMS 0x000000070bc00000| PB 0x000000070bc00000| Untracked |  0
|  63|0x000000070be00000, 0x000000070be00000, 0x000000070c000000|  0%| F|  |TAMS 0x000000070be00000| PB 0x000000070be00000| Untracked |  0
|  64|0x000000070c000000, 0x000000070c000000, 0x000000070c200000|  0%| F|  |TAMS 0x000000070c000000| PB 0x000000070c000000| Untracked |  0
|  65|0x000000070c200000, 0x000000070c200000, 0x000000070c400000|  0%| F|  |TAMS 0x000000070c200000| PB 0x000000070c200000| Untracked |  0
|  66|0x000000070c400000, 0x000000070c400000, 0x000000070c600000|  0%| F|  |TAMS 0x000000070c400000| PB 0x000000070c400000| Untracked |  0
|  67|0x000000070c600000, 0x000000070c600000, 0x000000070c800000|  0%| F|  |TAMS 0x000000070c600000| PB 0x000000070c600000| Untracked |  0
|  68|0x000000070c800000, 0x000000070c800000, 0x000000070ca00000|  0%| F|  |TAMS 0x000000070c800000| PB 0x000000070c800000| Untracked |  0
|  69|0x000000070ca00000, 0x000000070ca00000, 0x000000070cc00000|  0%| F|  |TAMS 0x000000070ca00000| PB 0x000000070ca00000| Untracked |  0
|  70|0x000000070cc00000, 0x000000070cc00000, 0x000000070ce00000|  0%| F|  |TAMS 0x000000070cc00000| PB 0x000000070cc00000| Untracked |  0
|  71|0x000000070ce00000, 0x000000070ce00000, 0x000000070d000000|  0%| F|  |TAMS 0x000000070ce00000| PB 0x000000070ce00000| Untracked |  0
|  72|0x000000070d000000, 0x000000070d000000, 0x000000070d200000|  0%| F|  |TAMS 0x000000070d000000| PB 0x000000070d000000| Untracked |  0
|  73|0x000000070d200000, 0x000000070d200000, 0x000000070d400000|  0%| F|  |TAMS 0x000000070d200000| PB 0x000000070d200000| Untracked |  0
|  74|0x000000070d400000, 0x000000070d400000, 0x000000070d600000|  0%| F|  |TAMS 0x000000070d400000| PB 0x000000070d400000| Untracked |  0
|  75|0x000000070d600000, 0x000000070d600000, 0x000000070d800000|  0%| F|  |TAMS 0x000000070d600000| PB 0x000000070d600000| Untracked |  0
|  76|0x000000070d800000, 0x000000070d800000, 0x000000070da00000|  0%| F|  |TAMS 0x000000070d800000| PB 0x000000070d800000| Untracked |  0
|  77|0x000000070da00000, 0x000000070da00000, 0x000000070dc00000|  0%| F|  |TAMS 0x000000070da00000| PB 0x000000070da00000| Untracked |  0
|  78|0x000000070dc00000, 0x000000070dc00000, 0x000000070de00000|  0%| F|  |TAMS 0x000000070dc00000| PB 0x000000070dc00000| Untracked |  0
|  79|0x000000070de00000, 0x000000070de00000, 0x000000070e000000|  0%| F|  |TAMS 0x000000070de00000| PB 0x000000070de00000| Untracked |  0
|  80|0x000000070e000000, 0x000000070e000000, 0x000000070e200000|  0%| F|  |TAMS 0x000000070e000000| PB 0x000000070e000000| Untracked |  0
|  81|0x000000070e200000, 0x000000070e200000, 0x000000070e400000|  0%| F|  |TAMS 0x000000070e200000| PB 0x000000070e200000| Untracked |  0
|  82|0x000000070e400000, 0x000000070e400000, 0x000000070e600000|  0%| F|  |TAMS 0x000000070e400000| PB 0x000000070e400000| Untracked |  0
|  83|0x000000070e600000, 0x000000070e600000, 0x000000070e800000|  0%| F|  |TAMS 0x000000070e600000| PB 0x000000070e600000| Untracked |  0
|  84|0x000000070e800000, 0x000000070e800000, 0x000000070ea00000|  0%| F|  |TAMS 0x000000070e800000| PB 0x000000070e800000| Untracked |  0
|  85|0x000000070ea00000, 0x000000070ea00000, 0x000000070ec00000|  0%| F|  |TAMS 0x000000070ea00000| PB 0x000000070ea00000| Untracked |  0
|  86|0x000000070ec00000, 0x000000070ec00000, 0x000000070ee00000|  0%| F|  |TAMS 0x000000070ec00000| PB 0x000000070ec00000| Untracked |  0
|  87|0x000000070ee00000, 0x000000070ee00000, 0x000000070f000000|  0%| F|  |TAMS 0x000000070ee00000| PB 0x000000070ee00000| Untracked |  0
|  88|0x000000070f000000, 0x000000070f000000, 0x000000070f200000|  0%| F|  |TAMS 0x000000070f000000| PB 0x000000070f000000| Untracked |  0
|  89|0x000000070f200000, 0x000000070f200000, 0x000000070f400000|  0%| F|  |TAMS 0x000000070f200000| PB 0x000000070f200000| Untracked |  0
|  90|0x000000070f400000, 0x000000070f400000, 0x000000070f600000|  0%| F|  |TAMS 0x000000070f400000| PB 0x000000070f400000| Untracked |  0
|  91|0x000000070f600000, 0x000000070f600000, 0x000000070f800000|  0%| F|  |TAMS 0x000000070f600000| PB 0x000000070f600000| Untracked |  0
|  92|0x000000070f800000, 0x000000070f800000, 0x000000070fa00000|  0%| F|  |TAMS 0x000000070f800000| PB 0x000000070f800000| Untracked |  0
|  93|0x000000070fa00000, 0x000000070fa00000, 0x000000070fc00000|  0%| F|  |TAMS 0x000000070fa00000| PB 0x000000070fa00000| Untracked |  0
|  94|0x000000070fc00000, 0x000000070fc00000, 0x000000070fe00000|  0%| F|  |TAMS 0x000000070fc00000| PB 0x000000070fc00000| Untracked |  0
|  95|0x000000070fe00000, 0x000000070fe00000, 0x0000000710000000|  0%| F|  |TAMS 0x000000070fe00000| PB 0x000000070fe00000| Untracked |  0
|  96|0x0000000710000000, 0x0000000710000000, 0x0000000710200000|  0%| F|  |TAMS 0x0000000710000000| PB 0x0000000710000000| Untracked |  0
|  97|0x0000000710200000, 0x0000000710200000, 0x0000000710400000|  0%| F|  |TAMS 0x0000000710200000| PB 0x0000000710200000| Untracked |  0
|  98|0x0000000710400000, 0x0000000710400000, 0x0000000710600000|  0%| F|  |TAMS 0x0000000710400000| PB 0x0000000710400000| Untracked |  0
|  99|0x0000000710600000, 0x0000000710600000, 0x0000000710800000|  0%| F|  |TAMS 0x0000000710600000| PB 0x0000000710600000| Untracked |  0
| 100|0x0000000710800000, 0x0000000710800000, 0x0000000710a00000|  0%| F|  |TAMS 0x0000000710800000| PB 0x0000000710800000| Untracked |  0
| 101|0x0000000710a00000, 0x0000000710a00000, 0x0000000710c00000|  0%| F|  |TAMS 0x0000000710a00000| PB 0x0000000710a00000| Untracked |  0
| 102|0x0000000710c00000, 0x0000000710c00000, 0x0000000710e00000|  0%| F|  |TAMS 0x0000000710c00000| PB 0x0000000710c00000| Untracked |  0
| 103|0x0000000710e00000, 0x0000000710e00000, 0x0000000711000000|  0%| F|  |TAMS 0x0000000710e00000| PB 0x0000000710e00000| Untracked |  0
| 104|0x0000000711000000, 0x0000000711000000, 0x0000000711200000|  0%| F|  |TAMS 0x0000000711000000| PB 0x0000000711000000| Untracked |  0
| 105|0x0000000711200000, 0x0000000711200000, 0x0000000711400000|  0%| F|  |TAMS 0x0000000711200000| PB 0x0000000711200000| Untracked |  0
| 106|0x0000000711400000, 0x0000000711400000, 0x0000000711600000|  0%| F|  |TAMS 0x0000000711400000| PB 0x0000000711400000| Untracked |  0
| 107|0x0000000711600000, 0x0000000711600000, 0x0000000711800000|  0%| F|  |TAMS 0x0000000711600000| PB 0x0000000711600000| Untracked |  0
| 108|0x0000000711800000, 0x0000000711800000, 0x0000000711a00000|  0%| F|  |TAMS 0x0000000711800000| PB 0x0000000711800000| Untracked |  0
| 109|0x0000000711a00000, 0x0000000711a00000, 0x0000000711c00000|  0%| F|  |TAMS 0x0000000711a00000| PB 0x0000000711a00000| Untracked |  0
| 110|0x0000000711c00000, 0x0000000711c00000, 0x0000000711e00000|  0%| F|  |TAMS 0x0000000711c00000| PB 0x0000000711c00000| Untracked |  0
| 111|0x0000000711e00000, 0x0000000711e00000, 0x0000000712000000|  0%| F|  |TAMS 0x0000000711e00000| PB 0x0000000711e00000| Untracked |  0
| 112|0x0000000712000000, 0x0000000712000000, 0x0000000712200000|  0%| F|  |TAMS 0x0000000712000000| PB 0x0000000712000000| Untracked |  0
| 113|0x0000000712200000, 0x0000000712200000, 0x0000000712400000|  0%| F|  |TAMS 0x0000000712200000| PB 0x0000000712200000| Untracked |  0
| 114|0x0000000712400000, 0x0000000712400000, 0x0000000712600000|  0%| F|  |TAMS 0x0000000712400000| PB 0x0000000712400000| Untracked |  0
| 115|0x0000000712600000, 0x0000000712600000, 0x0000000712800000|  0%| F|  |TAMS 0x0000000712600000| PB 0x0000000712600000| Untracked |  0
| 116|0x0000000712800000, 0x0000000712800000, 0x0000000712a00000|  0%| F|  |TAMS 0x0000000712800000| PB 0x0000000712800000| Untracked |  0
| 117|0x0000000712a00000, 0x0000000712a00000, 0x0000000712c00000|  0%| F|  |TAMS 0x0000000712a00000| PB 0x0000000712a00000| Untracked |  0
| 118|0x0000000712c00000, 0x0000000712c00000, 0x0000000712e00000|  0%| F|  |TAMS 0x0000000712c00000| PB 0x0000000712c00000| Untracked |  0
| 119|0x0000000712e00000, 0x0000000712e00000, 0x0000000713000000|  0%| F|  |TAMS 0x0000000712e00000| PB 0x0000000712e00000| Untracked |  0
| 120|0x0000000713000000, 0x0000000713000000, 0x0000000713200000|  0%| F|  |TAMS 0x0000000713000000| PB 0x0000000713000000| Untracked |  0
| 121|0x0000000713200000, 0x0000000713200000, 0x0000000713400000|  0%| F|  |TAMS 0x0000000713200000| PB 0x0000000713200000| Untracked |  0
| 122|0x0000000713400000, 0x00000007135ec4a0, 0x0000000713600000| 96%| E|  |TAMS 0x0000000713400000| PB 0x0000000713400000| Complete |  0
| 123|0x0000000713600000, 0x0000000713800000, 0x0000000713800000|100%| E|CS|TAMS 0x0000000713600000| PB 0x0000000713600000| Complete |  0
| 124|0x0000000713800000, 0x0000000713a00000, 0x0000000713a00000|100%| E|CS|TAMS 0x0000000713800000| PB 0x0000000713800000| Complete |  0
| 125|0x0000000713a00000, 0x0000000713c00000, 0x0000000713c00000|100%| E|CS|TAMS 0x0000000713a00000| PB 0x0000000713a00000| Complete |  0

Card table byte_map: [0x00000195f9480000,0x00000195f9c60000] _byte_map_base: 0x00000195f5c60000

Marking Bits: (CMBitMap*) 0x00000195df106ce0
 Bits: [0x00000195f9c60000, 0x00000195fdb60000)

Polling page: 0x00000195df480000

Metaspace:

Usage:
  Non-class:      3.64 MB used.
      Class:    349.59 KB used.
       Both:      3.98 MB used.

Virtual space:
  Non-class space:       64.00 MB reserved,       3.69 MB (  6%) committed,  1 nodes.
      Class space:        1.00 GB reserved,     448.00 KB ( <1%) committed,  1 nodes.
             Both:        1.06 GB reserved,       4.12 MB ( <1%) committed. 

Chunk freelists:
   Non-Class:  11.45 MB
       Class:  15.55 MB
        Both:  27.01 MB

MaxMetaspaceSize: unlimited
CompressedClassSpaceSize: 1.00 GB
Initial GC threshold: 21.00 MB
Current GC threshold: 21.00 MB
CDS: on
 - commit_granule_bytes: 65536.
 - commit_granule_words: 8192.
 - virtual_space_node_default_size: 8388608.
 - enlarge_chunks_in_place: 1.
 - use_allocation_guard: 0.


Internal statistics:

num_allocs_failed_limit: 0.
num_arena_births: 72.
num_arena_deaths: 0.
num_vsnodes_births: 2.
num_vsnodes_deaths: 0.
num_space_committed: 66.
num_space_uncommitted: 0.
num_chunks_returned_to_freelist: 0.
num_chunks_taken_from_freelist: 105.
num_chunk_merges: 0.
num_chunk_splits: 71.
num_chunks_enlarged: 44.
num_inconsistent_stats: 0.

CodeHeap 'non-profiled nmethods': size=120064Kb used=154Kb max_used=154Kb free=119909Kb
 bounds [0x00000195f0cf0000, 0x00000195f0f60000, 0x00000195f8230000]
CodeHeap 'profiled nmethods': size=120000Kb used=521Kb max_used=521Kb free=119478Kb
 bounds [0x00000195e9230000, 0x00000195e94a0000, 0x00000195f0760000]
CodeHeap 'non-nmethods': size=5696Kb used=1503Kb max_used=1516Kb free=4192Kb
 bounds [0x00000195f0760000, 0x00000195f09d0000, 0x00000195f0cf0000]
CodeCache: size=245760Kb, used=2178Kb, max_used=2191Kb, free=243579Kb
 total_blobs=966, nmethods=513, adapters=359, full_count=0
Compilation: enabled, stopped_count=0, restarted_count=0

Compilation events (20 events):
Event: 1.152 Thread 0x0000019580761240  504       3       java.lang.invoke.MethodHandles$Lookup::lookupClassOrNull (17 bytes)
Event: 1.152 Thread 0x0000019580761240 nmethod 504 0x00000195e92b0808 code [0x00000195e92b0920, 0x00000195e92b0aa8]
Event: 1.152 Thread 0x0000019580761240  505       3       java.lang.invoke.MemberName::getModifiers (8 bytes)
Event: 1.152 Thread 0x0000019580761240 nmethod 505 0x00000195e92b0b08 code [0x00000195e92b0c20, 0x00000195e92b0d30]
Event: 1.154 Thread 0x0000019580761240  506       3       java.lang.StringConcatHelper::prepend (37 bytes)
Event: 1.154 Thread 0x0000019580761240 nmethod 506 0x00000195e92b0e08 code [0x00000195e92b0f60, 0x00000195e92b1238]
Event: 1.157 Thread 0x00000195801fe740  507       4       java.lang.AbstractStringBuilder::isLatin1 (19 bytes)
Event: 1.157 Thread 0x00000195801fe740 nmethod 507 0x00000195f0d16108 code [0x00000195f0d16200, 0x00000195f0d162a0]
Event: 1.158 Thread 0x0000019580761240  508       3       java.lang.CharacterDataLatin1::equalsIgnoreCase (63 bytes)
Event: 1.158 Thread 0x0000019580761240 nmethod 508 0x00000195e92b1288 code [0x00000195e92b13c0, 0x00000195e92b1670]
Event: 1.161 Thread 0x0000019580761240  510       3       jdk.internal.jimage.ImageStringsReader::hashCode (33 bytes)
Event: 1.161 Thread 0x0000019580761240 nmethod 510 0x00000195e92b1688 code [0x00000195e92b17c0, 0x00000195e92b1940]
Event: 1.161 Thread 0x0000019580761240  511       3       java.util.Optional::empty (6 bytes)
Event: 1.161 Thread 0x0000019580761240 nmethod 511 0x00000195e92b1988 code [0x00000195e92b1aa0, 0x00000195e92b1b98]
Event: 1.162 Thread 0x0000019580761240  512       3       java.util.Objects::checkIndex (7 bytes)
Event: 1.162 Thread 0x0000019580761240 nmethod 512 0x00000195e92b1c88 code [0x00000195e92b1da0, 0x00000195e92b1ed8]
Event: 1.162 Thread 0x0000019580761240  513       3       java.util.ArrayList::get (15 bytes)
Event: 1.162 Thread 0x0000019580761240 nmethod 513 0x00000195e92b1f88 code [0x00000195e92b20c0, 0x00000195e92b2320]
Event: 1.162 Thread 0x0000019580761240  514       3       java.util.ArrayList::elementData (7 bytes)
Event: 1.162 Thread 0x0000019580761240 nmethod 514 0x00000195e92b2388 code [0x00000195e92b24a0, 0x00000195e92b25e0]

GC Heap History (0 events):
No events

Dll operation events (9 events):
Event: 0.021 Loaded shared library C:\Users\Nomic\.jdks\openjdk-23.0.1\bin\java.dll
Event: 0.023 Loaded shared library C:\Users\Nomic\.jdks\openjdk-23.0.1\bin\zip.dll
Event: 0.069 Loaded shared library C:\Users\Nomic\.jdks\openjdk-23.0.1\bin\jsvml.dll
Event: 0.738 Loaded shared library C:\Users\Nomic\.jdks\openjdk-23.0.1\bin\instrument.dll
Event: 0.873 Loaded shared library C:\Users\Nomic\.jdks\openjdk-23.0.1\bin\net.dll
Event: 0.876 Loaded shared library C:\Users\Nomic\.jdks\openjdk-23.0.1\bin\nio.dll
Event: 0.907 Loaded shared library C:\Users\Nomic\.jdks\openjdk-23.0.1\bin\zip.dll
Event: 1.024 Loaded shared library C:\Users\Nomic\.jdks\openjdk-23.0.1\bin\jimage.dll
Event: 1.086 Loaded shared library C:\Users\Nomic\AppData\Local\Temp\lwjglNomic\3.3.1-build-7\lwjgl.dll

Deoptimization events (12 events):
Event: 0.829 Thread 0x00000195def64360 Uncommon trap: trap_request=0xffffff45 fr.pc=0x00000195f0d038e0 relative=0x0000000000000060
Event: 0.829 Thread 0x00000195def64360 Uncommon trap: reason=unstable_if action=reinterpret pc=0x00000195f0d038e0 method=java.lang.String.isLatin1()Z @ 10 c2
Event: 0.829 Thread 0x00000195def64360 DEOPT PACKING pc=0x00000195f0d038e0 sp=0x0000005c7f0fe590
Event: 0.829 Thread 0x00000195def64360 DEOPT UNPACKING pc=0x00000195f07b7982 sp=0x0000005c7f0fe530 mode 2
Event: 0.830 Thread 0x00000195def64360 Uncommon trap: trap_request=0xffffff45 fr.pc=0x00000195f0d0236c relative=0x00000000000000cc
Event: 0.830 Thread 0x00000195def64360 Uncommon trap: reason=unstable_if action=reinterpret pc=0x00000195f0d0236c method=java.lang.String.isLatin1()Z @ 10 c2
Event: 0.830 Thread 0x00000195def64360 DEOPT PACKING pc=0x00000195f0d0236c sp=0x0000005c7f0fef00
Event: 0.830 Thread 0x00000195def64360 DEOPT UNPACKING pc=0x00000195f07b7982 sp=0x0000005c7f0fee50 mode 2
Event: 0.831 Thread 0x00000195def64360 Uncommon trap: trap_request=0xffffff45 fr.pc=0x00000195f0d04d38 relative=0x00000000000004d8
Event: 0.831 Thread 0x00000195def64360 Uncommon trap: reason=unstable_if action=reinterpret pc=0x00000195f0d04d38 method=java.lang.StringLatin1.replace([BCC)Ljava/lang/String; @ 19 c2
Event: 0.831 Thread 0x00000195def64360 DEOPT PACKING pc=0x00000195f0d04d38 sp=0x0000005c7f0ff200
Event: 0.831 Thread 0x00000195def64360 DEOPT UNPACKING pc=0x00000195f07b7982 sp=0x0000005c7f0ff180 mode 2

Classes loaded (20 events):
Event: 1.152 Loading class java/nio/BufferUnderflowException
Event: 1.152 Loading class java/nio/BufferUnderflowException done
Event: 1.152 Loading class org/lwjgl/system/MemoryStack
Event: 1.152 Loading class org/lwjgl/system/MemoryStack done
Event: 1.154 Loading class org/lwjgl/system/MemoryStack$DebugMemoryStack
Event: 1.154 Loading class org/lwjgl/system/MemoryStack$DebugMemoryStack done
Event: 1.155 Loading class java/lang/IndexOutOfBoundsException
Event: 1.155 Loading class java/lang/IndexOutOfBoundsException done
Event: 1.156 Loading class org/lwjgl/system/MemoryStack
Event: 1.156 Loading class org/lwjgl/system/MemoryStack done
Event: 1.156 Loading class org/lwjgl/system/MemoryStack
Event: 1.156 Loading class org/lwjgl/system/MemoryStack done
Event: 1.156 Loading class org/lwjgl/BufferUtils
Event: 1.156 Loading class org/lwjgl/BufferUtils done
Event: 1.157 Loading class org/lwjgl/system/windows/WinBase
Event: 1.157 Loading class org/lwjgl/system/windows/WinBase done
Event: 1.158 Loading class org/lwjgl/system/ThreadLocalUtil
Event: 1.158 Loading class org/lwjgl/system/ThreadLocalUtil done
Event: 1.162 Loading class org/lwjgl/glfw/GLFW$Functions
Event: 1.162 Loading class org/lwjgl/glfw/GLFW$Functions done

Classes unloaded (0 events):
No events

Classes redefined (1 events):
Event: 0.789 Thread 0x00000195801c6600 redefined class name=java.lang.Throwable, count=1

Internal exceptions (18 events):
Event: 0.748 Thread 0x00000195def64360 Exception <a 'java/lang/NoSuchMethodError'{0x0000000713853b78}: 'java.lang.Object java.lang.invoke.Invokers$Holder.invokeExact_MT(java.lang.Object, java.lang.Object, java.lang.Object, java.lang.Object, java.lang.Object)'> (0x0000000713853b78) 
thrown [s\open\src\hotspot\share\interpreter\linkResolver.cpp, line 796]
Event: 0.985 Thread 0x00000195def64360 Exception <a 'java/lang/NoSuchMethodError'{0x0000000713768130}: 'void java.lang.invoke.DirectMethodHandle$Holder.invokeStatic(java.lang.Object, java.lang.Object)'> (0x0000000713768130) 
thrown [s\open\src\hotspot\share\interpreter\linkResolver.cpp, line 796]
Event: 0.989 Thread 0x00000195def64360 Exception <a 'java/lang/NoSuchMethodError'{0x00000007137784e8}: 'void java.lang.System.load(java.lang.String, java.lang.Class)'> (0x00000007137784e8) 
thrown [s\open\src\hotspot\share\interpreter\linkResolver.cpp, line 796]
Event: 0.989 Thread 0x00000195def64360 Exception <a 'java/lang/NoSuchMethodError'{0x0000000713778f38}: 'void java.lang.invoke.DirectMethodHandle$Holder.invokeSpecial(java.lang.Object, java.lang.Object, java.lang.Object)'> (0x0000000713778f38) 
thrown [s\open\src\hotspot\share\interpreter\linkResolver.cpp, line 796]
Event: 0.995 Thread 0x00000195def64360 Exception <a 'java/lang/NoSuchMethodError'{0x000000071378ccc0}: 'java.lang.Object java.lang.invoke.DirectMethodHandle$Holder.invokeStatic(java.lang.Object, java.lang.Object, int)'> (0x000000071378ccc0) 
thrown [s\open\src\hotspot\share\interpreter\linkResolver.cpp, line 796]
Event: 0.998 Thread 0x00000195def64360 Exception <a 'java/lang/NoSuchMethodError'{0x0000000713798588}: 'void java.lang.invoke.DelegatingMethodHandle$Holder.delegate(java.lang.Object, java.lang.Object, int, java.lang.Object)'> (0x0000000713798588) 
thrown [s\open\src\hotspot\share\interpreter\linkResolver.cpp, line 796]
Event: 0.999 Thread 0x00000195def64360 Exception <a 'java/lang/NoSuchMethodError'{0x000000071379c300}: 'int java.lang.invoke.DirectMethodHandle$Holder.invokeSpecial(java.lang.Object, java.lang.Object, java.lang.Object)'> (0x000000071379c300) 
thrown [s\open\src\hotspot\share\interpreter\linkResolver.cpp, line 796]
Event: 1.008 Thread 0x00000195def64360 Exception <a 'java/lang/NoSuchMethodError'{0x00000007137b8620}: 'void java.lang.System.loadLibrary(java.lang.String, java.lang.Class)'> (0x00000007137b8620) 
thrown [s\open\src\hotspot\share\interpreter\linkResolver.cpp, line 796]
Event: 1.082 Thread 0x00000195def64360 Exception <a 'sun/nio/fs/WindowsException'{0x0000000713480aa8}> (0x0000000713480aa8) 
thrown [s\open\src\hotspot\share\prims\jni.cpp, line 520]
Event: 1.083 Thread 0x00000195def64360 Exception <a 'sun/nio/fs/WindowsException'{0x00000007134820f0}> (0x00000007134820f0) 
thrown [s\open\src\hotspot\share\prims\jni.cpp, line 520]
Event: 1.107 Thread 0x00000195def64360 Exception <a 'sun/nio/fs/WindowsException'{0x00000007134b1c88}> (0x00000007134b1c88) 
thrown [s\open\src\hotspot\share\prims\jni.cpp, line 520]
Event: 1.107 Thread 0x00000195def64360 Exception <a 'sun/nio/fs/WindowsException'{0x00000007134b2008}> (0x00000007134b2008) 
thrown [s\open\src\hotspot\share\prims\jni.cpp, line 520]
Event: 1.138 Thread 0x00000195def64360 Exception <a 'java/lang/NoSuchMethodError'{0x0000000713523ef8}: 'int java.lang.invoke.DirectMethodHandle$Holder.invokeStaticInit(java.lang.Object, java.lang.Object, int, long)'> (0x0000000713523ef8) 
thrown [s\open\src\hotspot\share\interpreter\linkResolver.cpp, line 796]
Event: 1.140 Thread 0x00000195def64360 Exception <a 'java/lang/NoSuchMethodError'{0x0000000713529050}: 'java.lang.Object java.lang.invoke.DirectMethodHandle$Holder.newInvokeSpecial(java.lang.Object, java.lang.Object, int)'> (0x0000000713529050) 
thrown [s\open\src\hotspot\share\interpreter\linkResolver.cpp, line 796]
Event: 1.145 Thread 0x00000195def64360 Exception <a 'java/lang/NoSuchMethodError'{0x000000071353a758}: 'int java.lang.invoke.DirectMethodHandle$Holder.invokeStaticInit(java.lang.Object, java.lang.Object, long, long)'> (0x000000071353a758) 
thrown [s\open\src\hotspot\share\interpreter\linkResolver.cpp, line 796]
Event: 1.147 Thread 0x00000195def64360 Exception <a 'java/lang/NoSuchMethodError'{0x0000000713540248}: 'java.lang.Object java.lang.invoke.DirectMethodHandle$Holder.newInvokeSpecial(java.lang.Object, java.lang.Object, long)'> (0x0000000713540248) 
thrown [s\open\src\hotspot\share\interpreter\linkResolver.cpp, line 796]
Event: 1.148 Thread 0x00000195def64360 Exception <a 'java/lang/NoSuchMethodError'{0x0000000713544128}: 'java.lang.Object java.lang.invoke.Invokers$Holder.linkToTargetMethod(java.lang.Object, long, java.lang.Object)'> (0x0000000713544128) 
thrown [s\open\src\hotspot\share\interpreter\linkResolver.cpp, line 796]
Event: 1.149 Thread 0x00000195def64360 Exception <a 'java/lang/NoSuchMethodError'{0x000000071354b3a0}: 'int java.lang.invoke.DirectMethodHandle$Holder.invokeStaticInit(java.lang.Object, java.lang.Object, java.lang.Object, long)'> (0x000000071354b3a0) 
thrown [s\open\src\hotspot\share\interpreter\linkResolver.cpp, line 796]

VM Operations (10 events):
Event: 0.113 Executing VM operation: HandshakeAllThreads (Deoptimize)
Event: 0.113 Executing VM operation: HandshakeAllThreads (Deoptimize) done
Event: 0.729 Executing VM operation: ChangeBreakpoints
Event: 0.729 Executing VM operation: ChangeBreakpoints done
Event: 0.733 Executing VM operation: ChangeBreakpoints
Event: 0.733 Executing VM operation: ChangeBreakpoints done
Event: 0.788 Executing VM operation: RedefineClasses
Event: 0.790 Executing VM operation: RedefineClasses done
Event: 0.809 Executing VM operation: get/set locals
Event: 0.809 Executing VM operation: get/set locals done

Memory protections (0 events):
No events

Nmethod flushes (0 events):
No events

Events (16 events):
Event: 0.042 Thread 0x00000195def64360 Thread added: 0x00000195def64360
Event: 0.065 Thread 0x00000195def64360 Thread added: 0x00000195801dee90
Event: 0.065 Thread 0x00000195def64360 Thread added: 0x00000195801e1bb0
Event: 0.065 Thread 0x00000195def64360 Thread added: 0x00000195801eda40
Event: 0.065 Thread 0x00000195def64360 Thread added: 0x00000195801f0340
Event: 0.065 Thread 0x00000195def64360 Thread added: 0x00000195801f1320
Event: 0.066 Thread 0x00000195def64360 Thread added: 0x00000195801fa1b0
Event: 0.066 Thread 0x00000195def64360 Thread added: 0x00000195801fe740
Event: 0.066 Thread 0x00000195def64360 Thread added: 0x0000019580761240
Event: 0.104 Thread 0x00000195def64360 Thread added: 0x00000195808451e0
Event: 0.126 Thread 0x0000019580761240 Thread added: 0x000001958097a410
Event: 0.139 Thread 0x00000195def64360 Thread added: 0x00000195809c1910
Event: 0.139 Thread 0x00000195def64360 Thread added: 0x00000195809c23c0
Event: 0.140 Thread 0x00000195809c1910 Thread added: 0x00000195809c2a50
Event: 0.735 Thread 0x000001958097a410 Thread exited: 0x000001958097a410
Event: 0.824 Thread 0x00000195def64360 Thread added: 0x0000019580a02ec0


Dynamic libraries:
0x00007ff716810000 - 0x00007ff71681e000 	C:\Users\Nomic\.jdks\openjdk-23.0.1\bin\java.exe
0x00007ffbe5c40000 - 0x00007ffbe5ea9000 	C:\WINDOWS\SYSTEM32\ntdll.dll
0x00007ffbe3c70000 - 0x00007ffbe3d39000 	C:\WINDOWS\System32\KERNEL32.DLL
0x00007ffbe34a0000 - 0x00007ffbe3893000 	C:\WINDOWS\System32\KERNELBASE.dll
0x00007ffbe2dd0000 - 0x00007ffbe2f1b000 	C:\WINDOWS\System32\ucrtbase.dll
0x00007ffbcee50000 - 0x00007ffbcee6b000 	C:\Users\Nomic\.jdks\openjdk-23.0.1\bin\VCRUNTIME140.dll
0x00007ffbdf650000 - 0x00007ffbdf667000 	C:\Users\Nomic\.jdks\openjdk-23.0.1\bin\jli.dll
0x00007ffbe4640000 - 0x00007ffbe4804000 	C:\WINDOWS\System32\USER32.dll
0x00007ffbe3050000 - 0x00007ffbe3077000 	C:\WINDOWS\System32\win32u.dll
0x00007ffbc8040000 - 0x00007ffbc82d3000 	C:\WINDOWS\WinSxS\amd64_microsoft.windows.common-controls_6595b64144ccf1df_6.0.26100.5074_none_3e0d6f78e32fd63f\COMCTL32.dll
0x00007ffbe4d10000 - 0x00007ffbe4d3b000 	C:\WINDOWS\System32\GDI32.dll
0x00007ffbe3e40000 - 0x00007ffbe3ee9000 	C:\WINDOWS\System32\msvcrt.dll
0x00007ffbe2f20000 - 0x00007ffbe304d000 	C:\WINDOWS\System32\gdi32full.dll
0x00007ffbe38a0000 - 0x00007ffbe3943000 	C:\WINDOWS\System32\msvcp_win.dll
0x00007ffbe3e00000 - 0x00007ffbe3e2f000 	C:\WINDOWS\System32\IMM32.DLL
0x00007ffbdf5b0000 - 0x00007ffbdf5bc000 	C:\Users\Nomic\.jdks\openjdk-23.0.1\bin\vcruntime140_1.dll
0x00007ffbcd270000 - 0x00007ffbcd2fe000 	C:\Users\Nomic\.jdks\openjdk-23.0.1\bin\msvcp140.dll
0x00007ffb58b60000 - 0x00007ffb598af000 	C:\Users\Nomic\.jdks\openjdk-23.0.1\bin\server\jvm.dll
0x00007ffbe5b40000 - 0x00007ffbe5bf4000 	C:\WINDOWS\System32\ADVAPI32.dll
0x00007ffbe3d40000 - 0x00007ffbe3de6000 	C:\WINDOWS\System32\sechost.dll
0x00007ffbe4110000 - 0x00007ffbe4228000 	C:\WINDOWS\System32\RPCRT4.dll
0x00007ffbe4db0000 - 0x00007ffbe4e24000 	C:\WINDOWS\System32\WS2_32.dll
0x00007ffbe2c30000 - 0x00007ffbe2c8e000 	C:\WINDOWS\SYSTEM32\POWRPROF.dll
0x00007ffbd63c0000 - 0x00007ffbd63f5000 	C:\WINDOWS\SYSTEM32\WINMM.dll
0x00007ffbd5a60000 - 0x00007ffbd5a6b000 	C:\WINDOWS\SYSTEM32\VERSION.dll
0x00007ffbe2c10000 - 0x00007ffbe2c24000 	C:\WINDOWS\SYSTEM32\UMPDC.dll
0x00007ffbe1b70000 - 0x00007ffbe1b8b000 	C:\WINDOWS\SYSTEM32\kernel.appcore.dll
0x00007ffbdf540000 - 0x00007ffbdf54a000 	C:\Users\Nomic\.jdks\openjdk-23.0.1\bin\jimage.dll
0x00007ffbe0530000 - 0x00007ffbe0772000 	C:\WINDOWS\SYSTEM32\DBGHELP.DLL
0x00007ffbe4820000 - 0x00007ffbe4b9b000 	C:\WINDOWS\System32\combase.dll
0x00007ffbe3f20000 - 0x00007ffbe3ff7000 	C:\WINDOWS\System32\OLEAUT32.dll
0x00007ffbc7540000 - 0x00007ffbc757d000 	C:\WINDOWS\SYSTEM32\dbgcore.DLL
0x00007ffbe3080000 - 0x00007ffbe3119000 	C:\WINDOWS\System32\bcryptPrimitives.dll
0x00007ffbcd130000 - 0x00007ffbcd16c000 	C:\Users\Nomic\.jdks\openjdk-23.0.1\bin\jdwp.dll
0x00007ffbcd5f0000 - 0x00007ffbcd5ff000 	C:\Users\Nomic\.jdks\openjdk-23.0.1\bin\instrument.dll
0x00007ffbcde00000 - 0x00007ffbcde1e000 	C:\Users\Nomic\.jdks\openjdk-23.0.1\bin\java.dll
0x00007ffbe44a0000 - 0x00007ffbe4638000 	C:\WINDOWS\System32\ole32.dll
0x00007ffbe4f60000 - 0x00007ffbe56ad000 	C:\WINDOWS\System32\SHELL32.dll
0x00007ffbe3120000 - 0x00007ffbe328c000 	C:\WINDOWS\System32\wintypes.dll
0x00007ffbcd170000 - 0x00007ffbcd187000 	C:\Users\Nomic\.jdks\openjdk-23.0.1\bin\zip.dll
0x00007ffbe09f0000 - 0x00007ffbe1249000 	C:\WINDOWS\SYSTEM32\windows.storage.dll
0x00007ffbe4000000 - 0x00007ffbe40f0000 	C:\WINDOWS\System32\SHCORE.dll
0x00007ffbe4e30000 - 0x00007ffbe4e92000 	C:\WINDOWS\System32\shlwapi.dll
0x00007ffbe2cf0000 - 0x00007ffbe2d19000 	C:\WINDOWS\SYSTEM32\profapi.dll
0x00007ffbcd190000 - 0x00007ffbcd267000 	C:\Users\Nomic\.jdks\openjdk-23.0.1\bin\jsvml.dll
0x00007ffbcd4d0000 - 0x00007ffbcd4dc000 	C:\Users\Nomic\.jdks\openjdk-23.0.1\bin\dt_socket.dll
0x00007ffbe1620000 - 0x00007ffbe1654000 	C:\WINDOWS\SYSTEM32\IPHLPAPI.DLL
0x00007ffbe20d0000 - 0x00007ffbe213b000 	C:\WINDOWS\system32\mswsock.dll
0x00007ffbcda90000 - 0x00007ffbcdaa0000 	C:\Users\Nomic\.jdks\openjdk-23.0.1\bin\net.dll
0x00007ffbcd540000 - 0x00007ffbcd556000 	C:\Users\Nomic\.jdks\openjdk-23.0.1\bin\nio.dll
0x00007ffbb10c0000 - 0x00007ffbb1135000 	C:\Users\Nomic\AppData\Local\Temp\lwjglNomic\3.3.1-build-7\lwjgl.dll
0x00007ffb9d510000 - 0x00007ffb9d571000 	C:\Users\Nomic\AppData\Local\Temp\lwjglNomic\3.3.1-build-7\glfw.dll

dbghelp: loaded successfully - version: 4.0.5 - missing functions: none
symbol engine: initialized successfully - sym options: 0x614 - pdb path: .;C:\Users\Nomic\.jdks\openjdk-23.0.1\bin;C:\WINDOWS\SYSTEM32;C:\WINDOWS\WinSxS\amd64_microsoft.windows.common-controls_6595b64144ccf1df_6.0.26100.5074_none_3e0d6f78e32fd63f;C:\Users\Nomic\.jdks\openjdk-23.0.1\bin\server;C:\Users\Nomic\AppData\Local\Temp\lwjglNomic\3.3.1-build-7

VM Arguments:
jvm_args: -agentlib:jdwp=transport=dt_socket,address=127.0.0.1:58637,suspend=y,server=n -javaagent:C:\Users\Nomic\AppData\Local\JetBrains\IdeaIC2024.3\captureAgent\debugger-agent.jar -Dkotlinx.coroutines.debug.enable.creation.stack.trace=false -Ddebugger.agent.enable.coroutines=true -Dkotlinx.coroutines.debug.enable.flows.stack.trace=true -Dkotlinx.coroutines.debug.enable.mutable.state.flows.stack.trace=true -Dfile.encoding=UTF-8 -Dsun.stdout.encoding=UTF-8 -Dsun.stderr.encoding=UTF-8 
java_command: ShadowDungeon
java_class_path (initial): C:\Users\Nomic\Downloads\collint-project-2\ShadowDungeon\target\classes;C:\Users\Nomic\.m2\repository\org\lwjgl\lwjgl\3.3.1\lwjgl-3.3.1.jar;C:\Users\Nomic\.m2\repository\org\lwjgl\lwjgl-assimp\3.3.1\lwjgl-assimp-3.3.1.jar;C:\Users\Nomic\.m2\repository\org\lwjgl\lwjgl-glfw\3.3.1\lwjgl-glfw-3.3.1.jar;C:\Users\Nomic\.m2\repository\org\lwjgl\lwjgl-openal\3.3.1\lwjgl-openal-3.3.1.jar;C:\Users\Nomic\.m2\repository\org\lwjgl\lwjgl-opengl\3.3.1\lwjgl-opengl-3.3.1.jar;C:\Users\Nomic\.m2\repository\org\lwjgl\lwjgl-stb\3.3.1\lwjgl-stb-3.3.1.jar;C:\Users\Nomic\.m2\repository\org\lwjgl\lwjgl\3.3.1\lwjgl-3.3.1-natives-windows.jar;C:\Users\Nomic\.m2\repository\org\lwjgl\lwjgl-assimp\3.3.1\lwjgl-assimp-3.3.1-natives-windows.jar;C:\Users\Nomic\.m2\repository\org\lwjgl\lwjgl-glfw\3.3.1\lwjgl-glfw-3.3.1-natives-windows.jar;C:\Users\Nomic\.m2\repository\org\lwjgl\lwjgl-openal\3.3.1\lwjgl-openal-3.3.1-natives-windows.jar;C:\Users\Nomic\.m2\repository\org\lwjgl\lwjgl-opengl\3.3.1\lwjgl-opengl-3.3.1-natives-windows.jar;C:\Users\Nomic\.m2\repository\org\lwjgl\lwjgl-stb\3.3.1\lwjgl-stb-3.3.1-natives-windows.jar;C:\Users\Nomic\.m2\repository\io\github\eleanor-em\bagel\1.9.3\bagel-1.9.3.jar;C:\Program Files\JetBrains\IntelliJ IDEA Community Edition 2024.3.1.1\lib\idea_rt.jar
Launcher Type: SUN_STANDARD

[Global flags]
     intx CICompilerCount                          = 4                                         {product} {ergonomic}
     uint ConcGCThreads                            = 2                                         {product} {ergonomic}
     uint G1ConcRefinementThreads                  = 8                                         {product} {ergonomic}
   size_t G1HeapRegionSize                         = 2097152                                   {product} {ergonomic}
   size_t InitialHeapSize                          = 264241152                                 {product} {ergonomic}
   size_t MarkStackSize                            = 4194304                                   {product} {ergonomic}
   size_t MarkStackSizeMax                         = 536870912                                 {product} {ergonomic}
   size_t MaxHeapSize                              = 4227858432                                {product} {ergonomic}
   size_t MaxNewSize                               = 2535456768                                {product} {ergonomic}
   size_t MinHeapDeltaBytes                        = 2097152                                   {product} {ergonomic}
   size_t MinHeapSize                              = 8388608                                   {product} {ergonomic}
    uintx NonNMethodCodeHeapSize                   = 5832704                                {pd product} {ergonomic}
    uintx NonProfiledCodeHeapSize                  = 122945536                              {pd product} {ergonomic}
    uintx ProfiledCodeHeapSize                     = 122880000                              {pd product} {ergonomic}
    uintx ReservedCodeCacheSize                    = 251658240                              {pd product} {ergonomic}
     bool SegmentedCodeCache                       = true                                      {product} {ergonomic}
   size_t SoftMaxHeapSize                          = 4227858432                             {manageable} {ergonomic}
     bool UseCompressedOops                        = true                           {product lp64_product} {ergonomic}
     bool UseG1GC                                  = true                                      {product} {ergonomic}
     bool UseLargePagesIndividualAllocation        = false                                  {pd product} {ergonomic}

Logging:
Log output configuration:
 #0: stdout all=warning uptime,level,tags foldmultilines=false
 #1: stderr all=off uptime,level,tags foldmultilines=false

Environment Variables:
PATH=C:\msys64\mingw64\bin;C:\WINDOWS\system32;C:\WINDOWS;C:\WINDOWS\System32\Wbem;C:\WINDOWS\System32\WindowsPowerShell\v1.0\;C:\WINDOWS\System32\OpenSSH\;C:\Program Files\dotnet\;C:\Program Files\Wolfram Research\WolframScript\;D:\MATLAB\bin;C:\Program Files\Git\cmd;C:\Program Files\nodejs\;C:\Users\Nomic\AppData\Local\Programs\Python\Launcher\;C:\Users\Nomic\AppData\Local\Microsoft\WindowsApps;C:\Users\Nomic\AppData\Local\Programs\Microsoft VS Code\bin;C:\Users\Nomic\AppData\Local\Programs\Python\Python312\Scripts;;C:\Program Files\JetBrains\IntelliJ IDEA 2024.3.1\bin;;C:\Program Files\JetBrains\IntelliJ IDEA Community Edition 2024.3.1.1\bin;;C:\Users\Nomic\AppData\Roaming\npm
USERNAME=Nomic
OS=Windows_NT
PROCESSOR_IDENTIFIER=Intel64 Family 6 Model 140 Stepping 1, GenuineIntel
TMP=C:\Users\Nomic\AppData\Local\Temp
TEMP=C:\Users\Nomic\AppData\Local\Temp




Periodic native trim disabled

---------------  S Y S T E M  ---------------

OS:
 Windows 11 , 64 bit Build 26100 (10.0.26100.5074)
OS uptime: 12 days 2:02 hours
Hyper-V role detected

CPU: total 8 (initial active 8) (4 cores per cpu, 2 threads per core) family 6 model 140 stepping 1 microcode 0xbc, cx8, cmov, fxsr, ht, mmx, 3dnowpref, sse, sse2, sse3, ssse3, sse4.1, sse4.2, popcnt, lzcnt, tsc, tscinvbit, avx, avx2, aes, erms, clmul, bmi1, bmi2, adx, avx512f, avx512dq, avx512cd, avx512bw, avx512vl, sha, fma, vzeroupper, avx512_vpopcntdq, avx512_vpclmulqdq, avx512_vaes, avx512_vnni, clflush, clflushopt, clwb, avx512_vbmi2, avx512_vbmi, hv, rdtscp, rdpid, fsrm, gfni, avx512_bitalg, f16c, cet_ibt, cet_ss, avx512_ifma
Processor Information for the first 8 processors :
  Max Mhz: 1382, Current Mhz: 1382, Mhz Limit: 1382

Memory: 4k page, system-wide physical 16122M (2530M free)
TotalPageFile size 23034M (AvailPageFile size 5910M)
current process WorkingSet (physical memory assigned to process): 57M, peak: 57M
current process commit charge ("private bytes"): 346M, peak: 346M

vm_info: OpenJDK 64-Bit Server VM (23.0.1+11-39) for windows-amd64 JRE (23.0.1+11-39), built on 2024-09-30T07:20:43Z with MS VC++ 17.6 (VS2022)

END.
